31-Aug-2020 21:10:41.534 信息 [main] org.apache.catalina.startup.VersionLoggerListener.log Server.服务器版本: Apache Tomcat/8.5.57
31-Aug-2020 21:10:41.541 信息 [main] org.apache.catalina.startup.VersionLoggerListener.log 服务器构建:        Jun 30 2020 21:49:10 UTC
31-Aug-2020 21:10:41.541 信息 [main] org.apache.catalina.startup.VersionLoggerListener.log 服务器版本号(:     8.5.57.0
31-Aug-2020 21:10:41.542 信息 [main] org.apache.catalina.startup.VersionLoggerListener.log 操作系统名称:      Mac OS X
31-Aug-2020 21:10:41.542 信息 [main] org.apache.catalina.startup.VersionLoggerListener.log OS.版本:           10.15.6
31-Aug-2020 21:10:41.542 信息 [main] org.apache.catalina.startup.VersionLoggerListener.log 架构:              x86_64
31-Aug-2020 21:10:41.542 信息 [main] org.apache.catalina.startup.VersionLoggerListener.log Java 环境变量:     /Library/Java/JavaVirtualMachines/jdk1.8.0_261.jdk/Contents/Home/jre
31-Aug-2020 21:10:41.542 信息 [main] org.apache.catalina.startup.VersionLoggerListener.log Java虚拟机版本:    1.8.0_261-b12
31-Aug-2020 21:10:41.543 信息 [main] org.apache.catalina.startup.VersionLoggerListener.log JVM.供应商:        Oracle Corporation
31-Aug-2020 21:10:41.543 信息 [main] org.apache.catalina.startup.VersionLoggerListener.log CATALINA_BASE:     /Users/zhangqi/Desktop/apache-tomcat-8.5.57
31-Aug-2020 21:10:41.544 信息 [main] org.apache.catalina.startup.VersionLoggerListener.log CATALINA_HOME:     /Users/zhangqi/Desktop/apache-tomcat-8.5.57
31-Aug-2020 21:10:41.545 信息 [main] org.apache.catalina.startup.VersionLoggerListener.log 命令行参数：-Djava.util.logging.config.file=/Users/zhangqi/Desktop/apache-tomcat-8.5.57/conf/logging.properties
31-Aug-2020 21:10:41.545 信息 [main] org.apache.catalina.startup.VersionLoggerListener.log 命令行参数：-Djava.util.logging.manager=org.apache.juli.ClassLoaderLogManager
31-Aug-2020 21:10:41.545 信息 [main] org.apache.catalina.startup.VersionLoggerListener.log 命令行参数：-Djdk.tls.ephemeralDHKeySize=2048
31-Aug-2020 21:10:41.545 信息 [main] org.apache.catalina.startup.VersionLoggerListener.log 命令行参数：-Djava.protocol.handler.pkgs=org.apache.catalina.webresources
31-Aug-2020 21:10:41.546 信息 [main] org.apache.catalina.startup.VersionLoggerListener.log 命令行参数：-Dorg.apache.catalina.security.SecurityListener.UMASK=0027
31-Aug-2020 21:10:41.549 信息 [main] org.apache.catalina.startup.VersionLoggerListener.log 命令行参数：-Dignore.endorsed.dirs=
31-Aug-2020 21:10:41.549 信息 [main] org.apache.catalina.startup.VersionLoggerListener.log 命令行参数：-Dcatalina.base=/Users/zhangqi/Desktop/apache-tomcat-8.5.57
31-Aug-2020 21:10:41.550 信息 [main] org.apache.catalina.startup.VersionLoggerListener.log 命令行参数：-Dcatalina.home=/Users/zhangqi/Desktop/apache-tomcat-8.5.57
31-Aug-2020 21:10:41.550 信息 [main] org.apache.catalina.startup.VersionLoggerListener.log 命令行参数：-Djava.io.tmpdir=/Users/zhangqi/Desktop/apache-tomcat-8.5.57/temp
31-Aug-2020 21:10:41.550 信息 [main] org.apache.catalina.core.AprLifecycleListener.lifecycleEvent 在java.library.path:[/Users/zhangqi/Library/Java/Extensions:/Library/Java/Extensions:/Network/Library/Java/Extensions:/System/Library/Java/Extensions:/usr/lib/java:.]上找不到基于APR的Apache Tomcat本机库，该库允许在生产环境中获得最佳性能
31-Aug-2020 21:10:41.974 信息 [main] org.apache.coyote.AbstractProtocol.init 初始化协议处理器 ["http-nio-8081"]
31-Aug-2020 21:10:42.014 信息 [main] org.apache.tomcat.util.net.NioSelectorPool.getSharedSelector Using a shared selector for servlet write/read
31-Aug-2020 21:10:42.054 信息 [main] org.apache.catalina.startup.Catalina.load Initialization processed in 1360 ms
31-Aug-2020 21:10:42.114 信息 [main] org.apache.catalina.core.StandardService.startInternal 正在启动服务[Catalina]
31-Aug-2020 21:10:42.115 信息 [main] org.apache.catalina.core.StandardEngine.startInternal Starting Servlet Engine: Apache Tomcat/8.5.57
31-Aug-2020 21:10:42.135 信息 [localhost-startStop-1] org.apache.catalina.startup.HostConfig.deployDirectory 把web 应用程序部署到目录 [/Users/zhangqi/Desktop/apache-tomcat-8.5.57/webapps/docs]
31-Aug-2020 21:10:42.731 信息 [localhost-startStop-1] org.apache.catalina.startup.HostConfig.deployDirectory Web应用程序目录[/Users/zhangqi/Desktop/apache-tomcat-8.5.57/webapps/docs]的部署已在[590]毫秒内完成
31-Aug-2020 21:10:42.731 信息 [localhost-startStop-1] org.apache.catalina.startup.HostConfig.deployDirectory 把web 应用程序部署到目录 [/Users/zhangqi/Desktop/apache-tomcat-8.5.57/webapps/manager]
31-Aug-2020 21:10:42.793 信息 [localhost-startStop-1] org.apache.catalina.startup.HostConfig.deployDirectory Web应用程序目录[/Users/zhangqi/Desktop/apache-tomcat-8.5.57/webapps/manager]的部署已在[62]毫秒内完成
31-Aug-2020 21:10:42.793 信息 [localhost-startStop-1] org.apache.catalina.startup.HostConfig.deployDirectory 把web 应用程序部署到目录 [/Users/zhangqi/Desktop/apache-tomcat-8.5.57/webapps/examples]
31-Aug-2020 21:10:44.297 信息 [localhost-startStop-1] org.apache.catalina.startup.HostConfig.deployDirectory Web应用程序目录[/Users/zhangqi/Desktop/apache-tomcat-8.5.57/webapps/examples]的部署已在[1,504]毫秒内完成
31-Aug-2020 21:10:44.300 信息 [localhost-startStop-1] org.apache.catalina.startup.HostConfig.deployDirectory 把web 应用程序部署到目录 [/Users/zhangqi/Desktop/apache-tomcat-8.5.57/webapps/ROOT]
31-Aug-2020 21:10:44.341 信息 [localhost-startStop-1] org.apache.catalina.startup.HostConfig.deployDirectory Web应用程序目录[/Users/zhangqi/Desktop/apache-tomcat-8.5.57/webapps/ROOT]的部署已在[41]毫秒内完成
31-Aug-2020 21:10:44.342 信息 [localhost-startStop-1] org.apache.catalina.startup.HostConfig.deployDirectory 把web 应用程序部署到目录 [/Users/zhangqi/Desktop/apache-tomcat-8.5.57/webapps/host-manager]
31-Aug-2020 21:10:44.393 信息 [localhost-startStop-1] org.apache.catalina.startup.HostConfig.deployDirectory Web应用程序目录[/Users/zhangqi/Desktop/apache-tomcat-8.5.57/webapps/host-manager]的部署已在[50]毫秒内完成
31-Aug-2020 21:10:44.398 信息 [main] org.apache.coyote.AbstractProtocol.start 开始协议处理句柄["http-nio-8081"]
31-Aug-2020 21:10:44.413 信息 [main] org.apache.catalina.startup.Catalina.start Server startup in 2357 ms
31-Aug-2020 21:11:14.918 信息 [ContainerBackgroundProcessor[StandardEngine[Catalina]]] org.apache.catalina.startup.HostConfig.undeploy 正在取消部署上下文[]
31-Aug-2020 21:11:15.439 信息 [ContainerBackgroundProcessor[StandardEngine[Catalina]]] org.apache.catalina.startup.HostConfig.undeploy 正在取消部署上下文[/examples]
31-Aug-2020 21:11:15.950 信息 [ContainerBackgroundProcessor[StandardEngine[Catalina]]] org.apache.catalina.startup.HostConfig.undeploy 正在取消部署上下文[/host-manager]
31-Aug-2020 21:11:16.457 信息 [ContainerBackgroundProcessor[StandardEngine[Catalina]]] org.apache.catalina.startup.HostConfig.undeploy 正在取消部署上下文[/manager]
31-Aug-2020 21:11:16.968 信息 [ContainerBackgroundProcessor[StandardEngine[Catalina]]] org.apache.catalina.startup.HostConfig.undeploy 正在取消部署上下文[/docs]
31-Aug-2020 21:11:26.982 信息 [localhost-startStop-2] org.apache.catalina.startup.HostConfig.deployWAR 正在部署web应用程序存档文件[/Users/zhangqi/Desktop/apache-tomcat-8.5.57/webapps/pinpoint-collector-2.0.4.war]
31-Aug-2020 21:11:44.515 信息 [localhost-startStop-2] org.apache.jasper.servlet.TldScanner.scanJars 至少有一个JAR被扫描用于TLD但尚未包含TLD。 为此记录器启用调试日志记录，以获取已扫描但未在其中找到TLD的完整JAR列表。 在扫描期间跳过不需要的JAR可以缩短启动时间和JSP编译时间。
31-Aug-2020 21:11:52.406 信息 [main] org.apache.catalina.core.StandardServer.await 通过关闭端口接收到有效的关闭命令。正在停止服务器实例。
31-Aug-2020 21:11:52.407 信息 [main] org.apache.coyote.AbstractProtocol.pause 暂停ProtocolHandler["http-nio-8081"]
31-Aug-2020 21:11:52.415 信息 [main] org.apache.catalina.core.StandardService.stopInternal 正在停止服务[Catalina]
31-Aug-2020 21:11:52.416 严重 [ContainerBackgroundProcessor[StandardEngine[Catalina]]] org.apache.catalina.startup.HostConfig.deployWARs 等待WAR文件的多线程部署完成时出错
	java.lang.InterruptedException
		at java.util.concurrent.FutureTask.awaitDone(FutureTask.java:404)
		at java.util.concurrent.FutureTask.get(FutureTask.java:191)
		at org.apache.catalina.startup.HostConfig.deployWARs(HostConfig.java:762)
		at org.apache.catalina.startup.HostConfig.deployApps(HostConfig.java:426)
		at org.apache.catalina.startup.HostConfig.check(HostConfig.java:1612)
		at org.apache.catalina.startup.HostConfig.lifecycleEvent(HostConfig.java:304)
		at org.apache.catalina.util.LifecycleBase.fireLifecycleEvent(LifecycleBase.java:123)
		at org.apache.catalina.core.ContainerBase.backgroundProcess(ContainerBase.java:1159)
		at org.apache.catalina.core.ContainerBase$ContainerBackgroundProcessor.processChildren(ContainerBase.java:1381)
		at org.apache.catalina.core.ContainerBase$ContainerBackgroundProcessor.processChildren(ContainerBase.java:1385)
		at org.apache.catalina.core.ContainerBase$ContainerBackgroundProcessor.run(ContainerBase.java:1353)
		at java.lang.Thread.run(Thread.java:748)
31-Aug-2020 21:11:55.379 信息 [main] org.apache.catalina.startup.VersionLoggerListener.log Server.服务器版本: Apache Tomcat/8.5.57
31-Aug-2020 21:11:55.384 信息 [main] org.apache.catalina.startup.VersionLoggerListener.log 服务器构建:        Jun 30 2020 21:49:10 UTC
31-Aug-2020 21:11:55.384 信息 [main] org.apache.catalina.startup.VersionLoggerListener.log 服务器版本号(:     8.5.57.0
31-Aug-2020 21:11:55.385 信息 [main] org.apache.catalina.startup.VersionLoggerListener.log 操作系统名称:      Mac OS X
31-Aug-2020 21:11:55.385 信息 [main] org.apache.catalina.startup.VersionLoggerListener.log OS.版本:           10.15.6
31-Aug-2020 21:11:55.385 信息 [main] org.apache.catalina.startup.VersionLoggerListener.log 架构:              x86_64
31-Aug-2020 21:11:55.386 信息 [main] org.apache.catalina.startup.VersionLoggerListener.log Java 环境变量:     /Library/Java/JavaVirtualMachines/jdk1.8.0_261.jdk/Contents/Home/jre
31-Aug-2020 21:11:55.386 信息 [main] org.apache.catalina.startup.VersionLoggerListener.log Java虚拟机版本:    1.8.0_261-b12
31-Aug-2020 21:11:55.386 信息 [main] org.apache.catalina.startup.VersionLoggerListener.log JVM.供应商:        Oracle Corporation
31-Aug-2020 21:11:55.387 信息 [main] org.apache.catalina.startup.VersionLoggerListener.log CATALINA_BASE:     /Users/zhangqi/Desktop/apache-tomcat-8.5.57
31-Aug-2020 21:11:55.387 信息 [main] org.apache.catalina.startup.VersionLoggerListener.log CATALINA_HOME:     /Users/zhangqi/Desktop/apache-tomcat-8.5.57
31-Aug-2020 21:11:55.388 信息 [main] org.apache.catalina.startup.VersionLoggerListener.log 命令行参数：-Djava.util.logging.config.file=/Users/zhangqi/Desktop/apache-tomcat-8.5.57/conf/logging.properties
31-Aug-2020 21:11:55.389 信息 [main] org.apache.catalina.startup.VersionLoggerListener.log 命令行参数：-Djava.util.logging.manager=org.apache.juli.ClassLoaderLogManager
31-Aug-2020 21:11:55.389 信息 [main] org.apache.catalina.startup.VersionLoggerListener.log 命令行参数：-Djdk.tls.ephemeralDHKeySize=2048
31-Aug-2020 21:11:55.389 信息 [main] org.apache.catalina.startup.VersionLoggerListener.log 命令行参数：-Djava.protocol.handler.pkgs=org.apache.catalina.webresources
31-Aug-2020 21:11:55.389 信息 [main] org.apache.catalina.startup.VersionLoggerListener.log 命令行参数：-Dorg.apache.catalina.security.SecurityListener.UMASK=0027
31-Aug-2020 21:11:55.393 信息 [main] org.apache.catalina.startup.VersionLoggerListener.log 命令行参数：-Dignore.endorsed.dirs=
31-Aug-2020 21:11:55.394 信息 [main] org.apache.catalina.startup.VersionLoggerListener.log 命令行参数：-Dcatalina.base=/Users/zhangqi/Desktop/apache-tomcat-8.5.57
31-Aug-2020 21:11:55.394 信息 [main] org.apache.catalina.startup.VersionLoggerListener.log 命令行参数：-Dcatalina.home=/Users/zhangqi/Desktop/apache-tomcat-8.5.57
31-Aug-2020 21:11:55.394 信息 [main] org.apache.catalina.startup.VersionLoggerListener.log 命令行参数：-Djava.io.tmpdir=/Users/zhangqi/Desktop/apache-tomcat-8.5.57/temp
31-Aug-2020 21:11:55.394 信息 [main] org.apache.catalina.core.AprLifecycleListener.lifecycleEvent 在java.library.path:[/Users/zhangqi/Library/Java/Extensions:/Library/Java/Extensions:/Network/Library/Java/Extensions:/System/Library/Java/Extensions:/usr/lib/java:.]上找不到基于APR的Apache Tomcat本机库，该库允许在生产环境中获得最佳性能
31-Aug-2020 21:11:55.686 信息 [main] org.apache.coyote.AbstractProtocol.init 初始化协议处理器 ["http-nio-8081"]
31-Aug-2020 21:11:55.745 严重 [main] org.apache.catalina.core.StandardService.initInternal Failed to initialize connector [Connector[HTTP/1.1-8081]]
	org.apache.catalina.LifecycleException: 协议处理程序初始化失败
		at org.apache.catalina.connector.Connector.initInternal(Connector.java:1077)
		at org.apache.catalina.util.LifecycleBase.init(LifecycleBase.java:136)
		at org.apache.catalina.core.StandardService.initInternal(StandardService.java:552)
		at org.apache.catalina.util.LifecycleBase.init(LifecycleBase.java:136)
		at org.apache.catalina.core.StandardServer.initInternal(StandardServer.java:848)
		at org.apache.catalina.util.LifecycleBase.init(LifecycleBase.java:136)
		at org.apache.catalina.startup.Catalina.load(Catalina.java:639)
		at org.apache.catalina.startup.Catalina.load(Catalina.java:662)
		at sun.reflect.NativeMethodAccessorImpl.invoke0(Native Method)
		at sun.reflect.NativeMethodAccessorImpl.invoke(NativeMethodAccessorImpl.java:62)
		at sun.reflect.DelegatingMethodAccessorImpl.invoke(DelegatingMethodAccessorImpl.java:43)
		at java.lang.reflect.Method.invoke(Method.java:498)
		at org.apache.catalina.startup.Bootstrap.load(Bootstrap.java:302)
		at org.apache.catalina.startup.Bootstrap.main(Bootstrap.java:472)
	Caused by: java.net.BindException: Address already in use
		at sun.nio.ch.Net.bind0(Native Method)
		at sun.nio.ch.Net.bind(Net.java:444)
		at sun.nio.ch.Net.bind(Net.java:436)
		at sun.nio.ch.ServerSocketChannelImpl.bind(ServerSocketChannelImpl.java:225)
		at sun.nio.ch.ServerSocketAdaptor.bind(ServerSocketAdaptor.java:74)
		at org.apache.tomcat.util.net.NioEndpoint.bind(NioEndpoint.java:221)
		at org.apache.tomcat.util.net.AbstractEndpoint.init(AbstractEndpoint.java:1118)
		at org.apache.tomcat.util.net.AbstractJsseEndpoint.init(AbstractJsseEndpoint.java:222)
		at org.apache.coyote.AbstractProtocol.init(AbstractProtocol.java:587)
		at org.apache.coyote.http11.AbstractHttp11Protocol.init(AbstractHttp11Protocol.java:74)
		at org.apache.catalina.connector.Connector.initInternal(Connector.java:1075)
		... 13 more
31-Aug-2020 21:11:55.749 信息 [main] org.apache.catalina.startup.Catalina.load Initialization processed in 1291 ms
31-Aug-2020 21:11:55.824 信息 [main] org.apache.catalina.core.StandardService.startInternal 正在启动服务[Catalina]
31-Aug-2020 21:11:55.824 信息 [main] org.apache.catalina.core.StandardEngine.startInternal Starting Servlet Engine: Apache Tomcat/8.5.57
31-Aug-2020 21:11:55.855 信息 [localhost-startStop-1] org.apache.catalina.startup.HostConfig.deployWAR 正在部署web应用程序存档文件[/Users/zhangqi/Desktop/apache-tomcat-8.5.57/webapps/pinpoint-web-2.0.4.war]
31-Aug-2020 21:12:19.509 信息 [localhost-startStop-1] org.apache.jasper.servlet.TldScanner.scanJars 至少有一个JAR被扫描用于TLD但尚未包含TLD。 为此记录器启用调试日志记录，以获取已扫描但未在其中找到TLD的完整JAR列表。 在扫描期间跳过不需要的JAR可以缩短启动时间和JSP编译时间。
31-Aug-2020 21:13:38.663 信息 [localhost-startStop-1] org.apache.catalina.startup.HostConfig.deployWAR web应用程序存档文件[/Users/zhangqi/Desktop/apache-tomcat-8.5.57/webapps/pinpoint-web-2.0.4.war]的部署已在[102,805]ms内完成
31-Aug-2020 21:13:38.664 信息 [localhost-startStop-1] org.apache.catalina.startup.HostConfig.deployWAR 正在部署web应用程序存档文件[/Users/zhangqi/Desktop/apache-tomcat-8.5.57/webapps/pinpoint-collector-2.0.4.war]
31-Aug-2020 21:13:49.387 信息 [localhost-startStop-1] org.apache.jasper.servlet.TldScanner.scanJars 至少有一个JAR被扫描用于TLD但尚未包含TLD。 为此记录器启用调试日志记录，以获取已扫描但未在其中找到TLD的完整JAR列表。 在扫描期间跳过不需要的JAR可以缩短启动时间和JSP编译时间。
31-Aug-2020 21:16:57.655 严重 [localhost-startStop-2] org.apache.catalina.core.StandardContext.startInternal 一个或多个listeners启动失败，更多详细信息查看对应的容器日志文件
31-Aug-2020 21:16:57.660 严重 [localhost-startStop-2] org.apache.catalina.core.StandardContext.startInternal 由于之前的错误，Context[/pinpoint-collector-2.0.4]启动失败
31-Aug-2020 21:16:57.701 警告 [localhost-startStop-2] org.apache.catalina.loader.WebappClassLoaderBase.clearReferencesThreads Web应用程序[pinpoint-collector-2.0.4]似乎启动了一个名为[Pinpoint-grpcSpanReceiver-Channel-Boss(9-0)]的线程，但未能停止它。这很可能会造成内存泄漏。线程的堆栈跟踪：[
 sun.nio.ch.KQueueArrayWrapper.kevent0(Native Method)
 sun.nio.ch.KQueueArrayWrapper.poll(KQueueArrayWrapper.java:198)
 sun.nio.ch.KQueueSelectorImpl.doSelect(KQueueSelectorImpl.java:117)
 sun.nio.ch.SelectorImpl.lockAndDoSelect(SelectorImpl.java:86)
 sun.nio.ch.SelectorImpl.select(SelectorImpl.java:97)
 sun.nio.ch.SelectorImpl.select(SelectorImpl.java:101)
 io.netty.channel.nio.SelectedSelectionKeySetSelector.select(SelectedSelectionKeySetSelector.java:68)
 io.netty.channel.nio.NioEventLoop.select(NioEventLoop.java:803)
 io.netty.channel.nio.NioEventLoop.run(NioEventLoop.java:457)
 io.netty.util.concurrent.SingleThreadEventExecutor$4.run(SingleThreadEventExecutor.java:989)
 io.netty.util.internal.ThreadExecutorMap$2.run(ThreadExecutorMap.java:74)
 java.util.concurrent.ThreadPoolExecutor.runWorker(ThreadPoolExecutor.java:1149)
 java.util.concurrent.ThreadPoolExecutor$Worker.run(ThreadPoolExecutor.java:624)
 java.lang.Thread.run(Thread.java:748)]
31-Aug-2020 21:16:57.702 严重 [localhost-startStop-2] org.apache.catalina.loader.WebappClassLoaderBase.checkThreadLocalMapForLeaks web应用程序[pinpoint-collector-2.0.4]创建了一个ThreadLocal，其键类型为[java.lang.ThreadLocal]（值为[java.lang.ThreadLocal@51545950]），值类型为[io.netty.util.internal.InternalThreadLocalMap]（值为[io.netty.util.internal.InternalThreadLocalMap@52dc2403），但在停止web应用程序时未能将其删除。线程将随着时间的推移而更新，以尝试避免可能的内存泄漏
31-Aug-2020 21:16:57.702 严重 [localhost-startStop-2] org.apache.catalina.loader.WebappClassLoaderBase.checkThreadLocalMapForLeaks web应用程序[pinpoint-collector-2.0.4]创建了一个ThreadLocal，其键类型为[java.lang.ThreadLocal]（值为[java.lang.ThreadLocal@51545950]），值类型为[io.netty.util.internal.InternalThreadLocalMap]（值为[io.netty.util.internal.InternalThreadLocalMap@276cc395），但在停止web应用程序时未能将其删除。线程将随着时间的推移而更新，以尝试避免可能的内存泄漏
31-Aug-2020 21:16:57.743 信息 [localhost-startStop-2] org.apache.catalina.startup.HostConfig.deployWAR web应用程序存档文件[/Users/zhangqi/Desktop/apache-tomcat-8.5.57/webapps/pinpoint-collector-2.0.4.war]的部署已在[330,760]ms内完成
31-Aug-2020 21:16:57.744 信息 [main] org.apache.coyote.AbstractProtocol.stop 正在停止ProtocolHandler ["http-nio-8081"]
31-Aug-2020 21:16:57.747 信息 [main] org.apache.coyote.AbstractProtocol.destroy 正在摧毁协议处理器 ["http-nio-8081"]
31-Aug-2020 21:18:49.509 严重 [localhost-startStop-1] org.apache.catalina.core.StandardContext.startInternal 一个或多个listeners启动失败，更多详细信息查看对应的容器日志文件
31-Aug-2020 21:18:49.512 严重 [localhost-startStop-1] org.apache.catalina.core.StandardContext.startInternal 由于之前的错误，Context[/pinpoint-collector-2.0.4]启动失败
31-Aug-2020 21:18:49.693 警告 [localhost-startStop-1] org.apache.catalina.loader.WebappClassLoaderBase.clearReferencesThreads Web应用程序[pinpoint-collector-2.0.4]似乎启动了一个名为[Pinpoint-grpcSpanReceiver-Channel-Boss(9-0)]的线程，但未能停止它。这很可能会造成内存泄漏。线程的堆栈跟踪：[
 sun.nio.ch.KQueueArrayWrapper.kevent0(Native Method)
 sun.nio.ch.KQueueArrayWrapper.poll(KQueueArrayWrapper.java:198)
 sun.nio.ch.KQueueSelectorImpl.doSelect(KQueueSelectorImpl.java:117)
 sun.nio.ch.SelectorImpl.lockAndDoSelect(SelectorImpl.java:86)
 sun.nio.ch.SelectorImpl.select(SelectorImpl.java:97)
 sun.nio.ch.SelectorImpl.select(SelectorImpl.java:101)
 io.netty.channel.nio.SelectedSelectionKeySetSelector.select(SelectedSelectionKeySetSelector.java:68)
 io.netty.channel.nio.NioEventLoop.select(NioEventLoop.java:803)
 io.netty.channel.nio.NioEventLoop.run(NioEventLoop.java:457)
 io.netty.util.concurrent.SingleThreadEventExecutor$4.run(SingleThreadEventExecutor.java:989)
 io.netty.util.internal.ThreadExecutorMap$2.run(ThreadExecutorMap.java:74)
 java.util.concurrent.ThreadPoolExecutor.runWorker(ThreadPoolExecutor.java:1149)
 java.util.concurrent.ThreadPoolExecutor$Worker.run(ThreadPoolExecutor.java:624)
 java.lang.Thread.run(Thread.java:748)]
31-Aug-2020 21:18:49.708 严重 [localhost-startStop-1] org.apache.catalina.loader.WebappClassLoaderBase.checkThreadLocalMapForLeaks web应用程序[pinpoint-collector-2.0.4]创建了一个ThreadLocal，其键类型为[java.lang.ThreadLocal]（值为[java.lang.ThreadLocal@3e0c4fcb]），值类型为[io.netty.util.internal.InternalThreadLocalMap]（值为[io.netty.util.internal.InternalThreadLocalMap@f458602），但在停止web应用程序时未能将其删除。线程将随着时间的推移而更新，以尝试避免可能的内存泄漏
31-Aug-2020 21:18:49.711 严重 [localhost-startStop-1] org.apache.catalina.loader.WebappClassLoaderBase.checkThreadLocalMapForLeaks web应用程序[pinpoint-collector-2.0.4]创建了一个ThreadLocal，其键类型为[java.lang.ThreadLocal]（值为[java.lang.ThreadLocal@3e0c4fcb]），值类型为[io.netty.util.internal.InternalThreadLocalMap]（值为[io.netty.util.internal.InternalThreadLocalMap@28571d22），但在停止web应用程序时未能将其删除。线程将随着时间的推移而更新，以尝试避免可能的内存泄漏
31-Aug-2020 21:18:49.727 信息 [localhost-startStop-1] org.apache.catalina.startup.HostConfig.deployWAR web应用程序存档文件[/Users/zhangqi/Desktop/apache-tomcat-8.5.57/webapps/pinpoint-collector-2.0.4.war]的部署已在[311,062]ms内完成
31-Aug-2020 21:18:49.740 信息 [main] org.apache.catalina.startup.Catalina.start Server startup in 413978 ms
31-Aug-2020 21:22:41.111 信息 [main] org.apache.catalina.startup.VersionLoggerListener.log Server.服务器版本: Apache Tomcat/8.5.57
31-Aug-2020 21:22:41.116 信息 [main] org.apache.catalina.startup.VersionLoggerListener.log 服务器构建:        Jun 30 2020 21:49:10 UTC
31-Aug-2020 21:22:41.117 信息 [main] org.apache.catalina.startup.VersionLoggerListener.log 服务器版本号(:     8.5.57.0
31-Aug-2020 21:22:41.117 信息 [main] org.apache.catalina.startup.VersionLoggerListener.log 操作系统名称:      Mac OS X
31-Aug-2020 21:22:41.117 信息 [main] org.apache.catalina.startup.VersionLoggerListener.log OS.版本:           10.15.6
31-Aug-2020 21:22:41.117 信息 [main] org.apache.catalina.startup.VersionLoggerListener.log 架构:              x86_64
31-Aug-2020 21:22:41.117 信息 [main] org.apache.catalina.startup.VersionLoggerListener.log Java 环境变量:     /Library/Java/JavaVirtualMachines/jdk1.8.0_261.jdk/Contents/Home/jre
31-Aug-2020 21:22:41.117 信息 [main] org.apache.catalina.startup.VersionLoggerListener.log Java虚拟机版本:    1.8.0_261-b12
31-Aug-2020 21:22:41.117 信息 [main] org.apache.catalina.startup.VersionLoggerListener.log JVM.供应商:        Oracle Corporation
31-Aug-2020 21:22:41.118 信息 [main] org.apache.catalina.startup.VersionLoggerListener.log CATALINA_BASE:     /Users/zhangqi/Desktop/apache-tomcat-8.5.57
31-Aug-2020 21:22:41.121 信息 [main] org.apache.catalina.startup.VersionLoggerListener.log CATALINA_HOME:     /Users/zhangqi/Desktop/apache-tomcat-8.5.57
31-Aug-2020 21:22:41.122 信息 [main] org.apache.catalina.startup.VersionLoggerListener.log 命令行参数：-Djava.util.logging.config.file=/Users/zhangqi/Desktop/apache-tomcat-8.5.57/conf/logging.properties
31-Aug-2020 21:22:41.122 信息 [main] org.apache.catalina.startup.VersionLoggerListener.log 命令行参数：-Djava.util.logging.manager=org.apache.juli.ClassLoaderLogManager
31-Aug-2020 21:22:41.123 信息 [main] org.apache.catalina.startup.VersionLoggerListener.log 命令行参数：-Djdk.tls.ephemeralDHKeySize=2048
31-Aug-2020 21:22:41.123 信息 [main] org.apache.catalina.startup.VersionLoggerListener.log 命令行参数：-Djava.protocol.handler.pkgs=org.apache.catalina.webresources
31-Aug-2020 21:22:41.123 信息 [main] org.apache.catalina.startup.VersionLoggerListener.log 命令行参数：-Dorg.apache.catalina.security.SecurityListener.UMASK=0027
31-Aug-2020 21:22:41.123 信息 [main] org.apache.catalina.startup.VersionLoggerListener.log 命令行参数：-Dignore.endorsed.dirs=
31-Aug-2020 21:22:41.123 信息 [main] org.apache.catalina.startup.VersionLoggerListener.log 命令行参数：-Dcatalina.base=/Users/zhangqi/Desktop/apache-tomcat-8.5.57
31-Aug-2020 21:22:41.123 信息 [main] org.apache.catalina.startup.VersionLoggerListener.log 命令行参数：-Dcatalina.home=/Users/zhangqi/Desktop/apache-tomcat-8.5.57
31-Aug-2020 21:22:41.123 信息 [main] org.apache.catalina.startup.VersionLoggerListener.log 命令行参数：-Djava.io.tmpdir=/Users/zhangqi/Desktop/apache-tomcat-8.5.57/temp
31-Aug-2020 21:22:41.123 信息 [main] org.apache.catalina.core.AprLifecycleListener.lifecycleEvent 在java.library.path:[/Users/zhangqi/Library/Java/Extensions:/Library/Java/Extensions:/Network/Library/Java/Extensions:/System/Library/Java/Extensions:/usr/lib/java:.]上找不到基于APR的Apache Tomcat本机库，该库允许在生产环境中获得最佳性能
31-Aug-2020 21:22:41.619 信息 [main] org.apache.coyote.AbstractProtocol.init 初始化协议处理器 ["http-nio-8081"]
31-Aug-2020 21:22:41.688 信息 [main] org.apache.tomcat.util.net.NioSelectorPool.getSharedSelector Using a shared selector for servlet write/read
31-Aug-2020 21:22:41.799 信息 [main] org.apache.catalina.startup.Catalina.load Initialization processed in 2033 ms
31-Aug-2020 21:22:41.883 信息 [main] org.apache.catalina.core.StandardService.startInternal 正在启动服务[Catalina]
31-Aug-2020 21:22:41.883 信息 [main] org.apache.catalina.core.StandardEngine.startInternal Starting Servlet Engine: Apache Tomcat/8.5.57
31-Aug-2020 21:22:41.913 信息 [localhost-startStop-1] org.apache.catalina.startup.HostConfig.deployWAR 正在部署web应用程序存档文件[/Users/zhangqi/Desktop/apache-tomcat-8.5.57/webapps/pinpoint-web-2.0.4.war]
31-Aug-2020 21:22:55.930 信息 [localhost-startStop-1] org.apache.jasper.servlet.TldScanner.scanJars 至少有一个JAR被扫描用于TLD但尚未包含TLD。 为此记录器启用调试日志记录，以获取已扫描但未在其中找到TLD的完整JAR列表。 在扫描期间跳过不需要的JAR可以缩短启动时间和JSP编译时间。
31-Aug-2020 21:23:08.550 信息 [main] org.apache.catalina.core.StandardServer.await 通过关闭端口接收到有效的关闭命令。正在停止服务器实例。
31-Aug-2020 21:23:08.554 信息 [main] org.apache.coyote.AbstractProtocol.pause 暂停ProtocolHandler["http-nio-8081"]
31-Aug-2020 21:23:08.554 信息 [main] org.apache.catalina.core.StandardService.stopInternal 正在停止服务[Catalina]
31-Aug-2020 21:23:09.443 信息 [main] org.apache.coyote.AbstractProtocol.stop 正在停止ProtocolHandler ["http-nio-8081"]
31-Aug-2020 21:23:09.443 信息 [main] org.apache.coyote.AbstractProtocol.destroy 正在摧毁协议处理器 ["http-nio-8081"]
31-Aug-2020 21:24:13.928 信息 [localhost-startStop-1] org.apache.catalina.startup.HostConfig.deployWAR web应用程序存档文件[/Users/zhangqi/Desktop/apache-tomcat-8.5.57/webapps/pinpoint-web-2.0.4.war]的部署已在[92,013]ms内完成
31-Aug-2020 21:24:13.932 信息 [localhost-startStop-1] org.apache.catalina.startup.HostConfig.deployWAR 正在部署web应用程序存档文件[/Users/zhangqi/Desktop/apache-tomcat-8.5.57/webapps/pinpoint-collector-2.0.4.war]
31-Aug-2020 21:24:25.561 信息 [localhost-startStop-1] org.apache.jasper.servlet.TldScanner.scanJars 至少有一个JAR被扫描用于TLD但尚未包含TLD。 为此记录器启用调试日志记录，以获取已扫描但未在其中找到TLD的完整JAR列表。 在扫描期间跳过不需要的JAR可以缩短启动时间和JSP编译时间。
31-Aug-2020 21:25:53.542 信息 [main] org.apache.catalina.startup.VersionLoggerListener.log Server.服务器版本: Apache Tomcat/8.5.57
31-Aug-2020 21:25:53.549 信息 [main] org.apache.catalina.startup.VersionLoggerListener.log 服务器构建:        Jun 30 2020 21:49:10 UTC
31-Aug-2020 21:25:53.549 信息 [main] org.apache.catalina.startup.VersionLoggerListener.log 服务器版本号(:     8.5.57.0
31-Aug-2020 21:25:53.550 信息 [main] org.apache.catalina.startup.VersionLoggerListener.log 操作系统名称:      Mac OS X
31-Aug-2020 21:25:53.550 信息 [main] org.apache.catalina.startup.VersionLoggerListener.log OS.版本:           10.15.6
31-Aug-2020 21:25:53.550 信息 [main] org.apache.catalina.startup.VersionLoggerListener.log 架构:              x86_64
31-Aug-2020 21:25:53.550 信息 [main] org.apache.catalina.startup.VersionLoggerListener.log Java 环境变量:     /Library/Java/JavaVirtualMachines/jdk1.8.0_261.jdk/Contents/Home/jre
31-Aug-2020 21:25:53.550 信息 [main] org.apache.catalina.startup.VersionLoggerListener.log Java虚拟机版本:    1.8.0_261-b12
31-Aug-2020 21:25:53.551 信息 [main] org.apache.catalina.startup.VersionLoggerListener.log JVM.供应商:        Oracle Corporation
31-Aug-2020 21:25:53.551 信息 [main] org.apache.catalina.startup.VersionLoggerListener.log CATALINA_BASE:     /Users/zhangqi/Desktop/apache-tomcat-8.5.57
31-Aug-2020 21:25:53.552 信息 [main] org.apache.catalina.startup.VersionLoggerListener.log CATALINA_HOME:     /Users/zhangqi/Desktop/apache-tomcat-8.5.57
31-Aug-2020 21:25:53.556 信息 [main] org.apache.catalina.startup.VersionLoggerListener.log 命令行参数：-Djava.util.logging.config.file=/Users/zhangqi/Desktop/apache-tomcat-8.5.57/conf/logging.properties
31-Aug-2020 21:25:53.557 信息 [main] org.apache.catalina.startup.VersionLoggerListener.log 命令行参数：-Djava.util.logging.manager=org.apache.juli.ClassLoaderLogManager
31-Aug-2020 21:25:53.557 信息 [main] org.apache.catalina.startup.VersionLoggerListener.log 命令行参数：-Djdk.tls.ephemeralDHKeySize=2048
31-Aug-2020 21:25:53.557 信息 [main] org.apache.catalina.startup.VersionLoggerListener.log 命令行参数：-Djava.protocol.handler.pkgs=org.apache.catalina.webresources
31-Aug-2020 21:25:53.557 信息 [main] org.apache.catalina.startup.VersionLoggerListener.log 命令行参数：-Dorg.apache.catalina.security.SecurityListener.UMASK=0027
31-Aug-2020 21:25:53.557 信息 [main] org.apache.catalina.startup.VersionLoggerListener.log 命令行参数：-Dignore.endorsed.dirs=
31-Aug-2020 21:25:53.557 信息 [main] org.apache.catalina.startup.VersionLoggerListener.log 命令行参数：-Dcatalina.base=/Users/zhangqi/Desktop/apache-tomcat-8.5.57
31-Aug-2020 21:25:53.558 信息 [main] org.apache.catalina.startup.VersionLoggerListener.log 命令行参数：-Dcatalina.home=/Users/zhangqi/Desktop/apache-tomcat-8.5.57
31-Aug-2020 21:25:53.558 信息 [main] org.apache.catalina.startup.VersionLoggerListener.log 命令行参数：-Djava.io.tmpdir=/Users/zhangqi/Desktop/apache-tomcat-8.5.57/temp
31-Aug-2020 21:25:53.558 信息 [main] org.apache.catalina.core.AprLifecycleListener.lifecycleEvent 在java.library.path:[/Users/zhangqi/Library/Java/Extensions:/Library/Java/Extensions:/Network/Library/Java/Extensions:/System/Library/Java/Extensions:/usr/lib/java:.]上找不到基于APR的Apache Tomcat本机库，该库允许在生产环境中获得最佳性能
31-Aug-2020 21:25:53.785 信息 [main] org.apache.coyote.AbstractProtocol.init 初始化协议处理器 ["http-nio-8081"]
31-Aug-2020 21:25:53.805 严重 [main] org.apache.catalina.core.StandardService.initInternal Failed to initialize connector [Connector[HTTP/1.1-8081]]
	org.apache.catalina.LifecycleException: 协议处理程序初始化失败
		at org.apache.catalina.connector.Connector.initInternal(Connector.java:1077)
		at org.apache.catalina.util.LifecycleBase.init(LifecycleBase.java:136)
		at org.apache.catalina.core.StandardService.initInternal(StandardService.java:552)
		at org.apache.catalina.util.LifecycleBase.init(LifecycleBase.java:136)
		at org.apache.catalina.core.StandardServer.initInternal(StandardServer.java:848)
		at org.apache.catalina.util.LifecycleBase.init(LifecycleBase.java:136)
		at org.apache.catalina.startup.Catalina.load(Catalina.java:639)
		at org.apache.catalina.startup.Catalina.load(Catalina.java:662)
		at sun.reflect.NativeMethodAccessorImpl.invoke0(Native Method)
		at sun.reflect.NativeMethodAccessorImpl.invoke(NativeMethodAccessorImpl.java:62)
		at sun.reflect.DelegatingMethodAccessorImpl.invoke(DelegatingMethodAccessorImpl.java:43)
		at java.lang.reflect.Method.invoke(Method.java:498)
		at org.apache.catalina.startup.Bootstrap.load(Bootstrap.java:302)
		at org.apache.catalina.startup.Bootstrap.main(Bootstrap.java:472)
	Caused by: java.net.BindException: Address already in use
		at sun.nio.ch.Net.bind0(Native Method)
		at sun.nio.ch.Net.bind(Net.java:444)
		at sun.nio.ch.Net.bind(Net.java:436)
		at sun.nio.ch.ServerSocketChannelImpl.bind(ServerSocketChannelImpl.java:225)
		at sun.nio.ch.ServerSocketAdaptor.bind(ServerSocketAdaptor.java:74)
		at org.apache.tomcat.util.net.NioEndpoint.bind(NioEndpoint.java:221)
		at org.apache.tomcat.util.net.AbstractEndpoint.init(AbstractEndpoint.java:1118)
		at org.apache.tomcat.util.net.AbstractJsseEndpoint.init(AbstractJsseEndpoint.java:222)
		at org.apache.coyote.AbstractProtocol.init(AbstractProtocol.java:587)
		at org.apache.coyote.http11.AbstractHttp11Protocol.init(AbstractHttp11Protocol.java:74)
		at org.apache.catalina.connector.Connector.initInternal(Connector.java:1075)
		... 13 more
31-Aug-2020 21:25:53.806 信息 [main] org.apache.catalina.startup.Catalina.load Initialization processed in 1153 ms
31-Aug-2020 21:25:53.869 信息 [main] org.apache.catalina.core.StandardService.startInternal 正在启动服务[Catalina]
31-Aug-2020 21:25:53.870 信息 [main] org.apache.catalina.core.StandardEngine.startInternal Starting Servlet Engine: Apache Tomcat/8.5.57
31-Aug-2020 21:25:53.900 信息 [localhost-startStop-1] org.apache.catalina.startup.HostConfig.deployWAR 正在部署web应用程序存档文件[/Users/zhangqi/Desktop/apache-tomcat-8.5.57/webapps/pinpoint-web-2.0.4.war]
31-Aug-2020 21:26:06.574 信息 [localhost-startStop-1] org.apache.jasper.servlet.TldScanner.scanJars 至少有一个JAR被扫描用于TLD但尚未包含TLD。 为此记录器启用调试日志记录，以获取已扫描但未在其中找到TLD的完整JAR列表。 在扫描期间跳过不需要的JAR可以缩短启动时间和JSP编译时间。
31-Aug-2020 21:27:06.814 信息 [localhost-startStop-1] org.apache.catalina.startup.HostConfig.deployWAR web应用程序存档文件[/Users/zhangqi/Desktop/apache-tomcat-8.5.57/webapps/pinpoint-web-2.0.4.war]的部署已在[72,912]ms内完成
31-Aug-2020 21:27:06.818 信息 [localhost-startStop-1] org.apache.catalina.startup.HostConfig.deployWAR 正在部署web应用程序存档文件[/Users/zhangqi/Desktop/apache-tomcat-8.5.57/webapps/pinpoint-collector-2.0.4.war]
31-Aug-2020 21:27:21.116 信息 [localhost-startStop-1] org.apache.jasper.servlet.TldScanner.scanJars 至少有一个JAR被扫描用于TLD但尚未包含TLD。 为此记录器启用调试日志记录，以获取已扫描但未在其中找到TLD的完整JAR列表。 在扫描期间跳过不需要的JAR可以缩短启动时间和JSP编译时间。
31-Aug-2020 21:29:28.732 严重 [localhost-startStop-1] org.apache.catalina.core.StandardContext.startInternal 一个或多个listeners启动失败，更多详细信息查看对应的容器日志文件
31-Aug-2020 21:29:28.736 严重 [localhost-startStop-1] org.apache.catalina.core.StandardContext.startInternal 由于之前的错误，Context[/pinpoint-collector-2.0.4]启动失败
31-Aug-2020 21:29:28.776 警告 [localhost-startStop-1] org.apache.catalina.loader.WebappClassLoaderBase.clearReferencesThreads Web应用程序[pinpoint-collector-2.0.4]似乎启动了一个名为[Pinpoint-grpcSpanReceiver-Channel-Boss(10-0)]的线程，但未能停止它。这很可能会造成内存泄漏。线程的堆栈跟踪：[
 sun.nio.ch.KQueueArrayWrapper.kevent0(Native Method)
 sun.nio.ch.KQueueArrayWrapper.poll(KQueueArrayWrapper.java:198)
 sun.nio.ch.KQueueSelectorImpl.doSelect(KQueueSelectorImpl.java:117)
 sun.nio.ch.SelectorImpl.lockAndDoSelect(SelectorImpl.java:86)
 sun.nio.ch.SelectorImpl.select(SelectorImpl.java:97)
 sun.nio.ch.SelectorImpl.select(SelectorImpl.java:101)
 io.netty.channel.nio.SelectedSelectionKeySetSelector.select(SelectedSelectionKeySetSelector.java:68)
 io.netty.channel.nio.NioEventLoop.select(NioEventLoop.java:803)
 io.netty.channel.nio.NioEventLoop.run(NioEventLoop.java:457)
 io.netty.util.concurrent.SingleThreadEventExecutor$4.run(SingleThreadEventExecutor.java:989)
 io.netty.util.internal.ThreadExecutorMap$2.run(ThreadExecutorMap.java:74)
 java.util.concurrent.ThreadPoolExecutor.runWorker(ThreadPoolExecutor.java:1149)
 java.util.concurrent.ThreadPoolExecutor$Worker.run(ThreadPoolExecutor.java:624)
 java.lang.Thread.run(Thread.java:748)]
31-Aug-2020 21:29:28.778 严重 [localhost-startStop-1] org.apache.catalina.loader.WebappClassLoaderBase.checkThreadLocalMapForLeaks web应用程序[pinpoint-collector-2.0.4]创建了一个ThreadLocal，其键类型为[java.lang.ThreadLocal]（值为[java.lang.ThreadLocal@42a4fbf]），值类型为[io.netty.util.internal.InternalThreadLocalMap]（值为[io.netty.util.internal.InternalThreadLocalMap@49753fcc），但在停止web应用程序时未能将其删除。线程将随着时间的推移而更新，以尝试避免可能的内存泄漏
31-Aug-2020 21:29:28.779 严重 [localhost-startStop-1] org.apache.catalina.loader.WebappClassLoaderBase.checkThreadLocalMapForLeaks web应用程序[pinpoint-collector-2.0.4]创建了一个ThreadLocal，其键类型为[java.lang.ThreadLocal]（值为[java.lang.ThreadLocal@42a4fbf]），值类型为[io.netty.util.internal.InternalThreadLocalMap]（值为[io.netty.util.internal.InternalThreadLocalMap@39b8be14），但在停止web应用程序时未能将其删除。线程将随着时间的推移而更新，以尝试避免可能的内存泄漏
31-Aug-2020 21:29:28.788 信息 [localhost-startStop-1] org.apache.catalina.startup.HostConfig.deployWAR web应用程序存档文件[/Users/zhangqi/Desktop/apache-tomcat-8.5.57/webapps/pinpoint-collector-2.0.4.war]的部署已在[314,856]ms内完成
31-Aug-2020 21:29:28.793 信息 [main] org.apache.coyote.AbstractProtocol.start 开始协议处理句柄["http-nio-8081"]
31-Aug-2020 21:29:28.809 信息 [main] org.apache.catalina.startup.Catalina.start Server startup in 406997 ms
31-Aug-2020 21:31:29.382 信息 [ContainerBackgroundProcessor[StandardEngine[Catalina]]] org.apache.catalina.startup.HostConfig.undeploy 正在取消部署上下文[/pinpoint-web-2.0.4]
31-Aug-2020 21:31:31.346 信息 [ContainerBackgroundProcessor[StandardEngine[Catalina]]] org.apache.catalina.startup.HostConfig.undeploy 正在取消部署上下文[/pinpoint-collector-2.0.4]
31-Aug-2020 21:31:47.800 严重 [localhost-startStop-1] org.apache.catalina.core.StandardContext.startInternal 一个或多个listeners启动失败，更多详细信息查看对应的容器日志文件
31-Aug-2020 21:31:47.807 严重 [localhost-startStop-1] org.apache.catalina.core.StandardContext.startInternal 由于之前的错误，Context[/pinpoint-collector-2.0.4]启动失败
31-Aug-2020 21:31:47.862 信息 [localhost-startStop-1] org.apache.catalina.startup.HostConfig.deployWAR web应用程序存档文件[/Users/zhangqi/Desktop/apache-tomcat-8.5.57/webapps/pinpoint-collector-2.0.4.war]的部署已在[281,043]ms内完成
31-Aug-2020 21:31:47.870 信息 [main] org.apache.catalina.startup.Catalina.start Server startup in 354050 ms
31-Aug-2020 21:31:47.875 严重 [main] org.apache.catalina.core.StandardServer.await StandardServer.await: create[localhost:8005]: 
	java.net.BindException: Address already in use (Bind failed)
		at java.net.PlainSocketImpl.socketBind(Native Method)
		at java.net.AbstractPlainSocketImpl.bind(AbstractPlainSocketImpl.java:513)
		at java.net.ServerSocket.bind(ServerSocket.java:375)
		at java.net.ServerSocket.<init>(ServerSocket.java:237)
		at org.apache.catalina.core.StandardServer.await(StandardServer.java:421)
		at org.apache.catalina.startup.Catalina.await(Catalina.java:776)
		at org.apache.catalina.startup.Catalina.start(Catalina.java:722)
		at sun.reflect.NativeMethodAccessorImpl.invoke0(Native Method)
		at sun.reflect.NativeMethodAccessorImpl.invoke(NativeMethodAccessorImpl.java:62)
		at sun.reflect.DelegatingMethodAccessorImpl.invoke(DelegatingMethodAccessorImpl.java:43)
		at java.lang.reflect.Method.invoke(Method.java:498)
		at org.apache.catalina.startup.Bootstrap.start(Bootstrap.java:342)
		at org.apache.catalina.startup.Bootstrap.main(Bootstrap.java:473)
31-Aug-2020 21:31:47.876 信息 [main] org.apache.coyote.AbstractProtocol.pause 暂停ProtocolHandler["http-nio-8081"]
31-Aug-2020 21:31:47.877 信息 [main] org.apache.catalina.core.StandardService.stopInternal 正在停止服务[Catalina]
31-Aug-2020 21:32:01.563 信息 [localhost-startStop-2] org.apache.catalina.startup.HostConfig.deployWAR 正在部署web应用程序存档文件[/Users/zhangqi/Desktop/apache-tomcat-8.5.57/webapps/pinpoint-web-2.0.4.war]
31-Aug-2020 21:32:17.381 信息 [localhost-startStop-2] org.apache.jasper.servlet.TldScanner.scanJars 至少有一个JAR被扫描用于TLD但尚未包含TLD。 为此记录器启用调试日志记录，以获取已扫描但未在其中找到TLD的完整JAR列表。 在扫描期间跳过不需要的JAR可以缩短启动时间和JSP编译时间。
31-Aug-2020 21:32:18.421 信息 [main] org.apache.coyote.AbstractProtocol.stop 正在停止ProtocolHandler ["http-nio-8081"]
31-Aug-2020 21:32:18.421 信息 [main] org.apache.coyote.AbstractProtocol.destroy 正在摧毁协议处理器 ["http-nio-8081"]
31-Aug-2020 21:33:18.825 信息 [main] org.apache.catalina.startup.VersionLoggerListener.log Server.服务器版本: Apache Tomcat/8.5.57
31-Aug-2020 21:33:18.834 信息 [main] org.apache.catalina.startup.VersionLoggerListener.log 服务器构建:        Jun 30 2020 21:49:10 UTC
31-Aug-2020 21:33:18.835 信息 [main] org.apache.catalina.startup.VersionLoggerListener.log 服务器版本号(:     8.5.57.0
31-Aug-2020 21:33:18.835 信息 [main] org.apache.catalina.startup.VersionLoggerListener.log 操作系统名称:      Mac OS X
31-Aug-2020 21:33:18.835 信息 [main] org.apache.catalina.startup.VersionLoggerListener.log OS.版本:           10.15.6
31-Aug-2020 21:33:18.835 信息 [main] org.apache.catalina.startup.VersionLoggerListener.log 架构:              x86_64
31-Aug-2020 21:33:18.836 信息 [main] org.apache.catalina.startup.VersionLoggerListener.log Java 环境变量:     /Library/Java/JavaVirtualMachines/jdk1.8.0_261.jdk/Contents/Home/jre
31-Aug-2020 21:33:18.836 信息 [main] org.apache.catalina.startup.VersionLoggerListener.log Java虚拟机版本:    1.8.0_261-b12
31-Aug-2020 21:33:18.836 信息 [main] org.apache.catalina.startup.VersionLoggerListener.log JVM.供应商:        Oracle Corporation
31-Aug-2020 21:33:18.836 信息 [main] org.apache.catalina.startup.VersionLoggerListener.log CATALINA_BASE:     /Users/zhangqi/Desktop/apache-tomcat-8.5.57
31-Aug-2020 21:33:18.836 信息 [main] org.apache.catalina.startup.VersionLoggerListener.log CATALINA_HOME:     /Users/zhangqi/Desktop/apache-tomcat-8.5.57
31-Aug-2020 21:33:18.839 信息 [main] org.apache.catalina.startup.VersionLoggerListener.log 命令行参数：-Djava.util.logging.config.file=/Users/zhangqi/Desktop/apache-tomcat-8.5.57/conf/logging.properties
31-Aug-2020 21:33:18.840 信息 [main] org.apache.catalina.startup.VersionLoggerListener.log 命令行参数：-Djava.util.logging.manager=org.apache.juli.ClassLoaderLogManager
31-Aug-2020 21:33:18.840 信息 [main] org.apache.catalina.startup.VersionLoggerListener.log 命令行参数：-Djdk.tls.ephemeralDHKeySize=2048
31-Aug-2020 21:33:18.841 信息 [main] org.apache.catalina.startup.VersionLoggerListener.log 命令行参数：-Djava.protocol.handler.pkgs=org.apache.catalina.webresources
31-Aug-2020 21:33:18.843 信息 [main] org.apache.catalina.startup.VersionLoggerListener.log 命令行参数：-Dorg.apache.catalina.security.SecurityListener.UMASK=0027
31-Aug-2020 21:33:18.847 信息 [main] org.apache.catalina.startup.VersionLoggerListener.log 命令行参数：-Dignore.endorsed.dirs=
31-Aug-2020 21:33:18.847 信息 [main] org.apache.catalina.startup.VersionLoggerListener.log 命令行参数：-Dcatalina.base=/Users/zhangqi/Desktop/apache-tomcat-8.5.57
31-Aug-2020 21:33:18.848 信息 [main] org.apache.catalina.startup.VersionLoggerListener.log 命令行参数：-Dcatalina.home=/Users/zhangqi/Desktop/apache-tomcat-8.5.57
31-Aug-2020 21:33:18.848 信息 [main] org.apache.catalina.startup.VersionLoggerListener.log 命令行参数：-Djava.io.tmpdir=/Users/zhangqi/Desktop/apache-tomcat-8.5.57/temp
31-Aug-2020 21:33:18.848 信息 [main] org.apache.catalina.core.AprLifecycleListener.lifecycleEvent 在java.library.path:[/Users/zhangqi/Library/Java/Extensions:/Library/Java/Extensions:/Network/Library/Java/Extensions:/System/Library/Java/Extensions:/usr/lib/java:.]上找不到基于APR的Apache Tomcat本机库，该库允许在生产环境中获得最佳性能
31-Aug-2020 21:33:19.271 信息 [main] org.apache.coyote.AbstractProtocol.init 初始化协议处理器 ["http-nio-8081"]
31-Aug-2020 21:33:19.299 严重 [main] org.apache.catalina.core.StandardService.initInternal Failed to initialize connector [Connector[HTTP/1.1-8081]]
	org.apache.catalina.LifecycleException: 协议处理程序初始化失败
		at org.apache.catalina.connector.Connector.initInternal(Connector.java:1077)
		at org.apache.catalina.util.LifecycleBase.init(LifecycleBase.java:136)
		at org.apache.catalina.core.StandardService.initInternal(StandardService.java:552)
		at org.apache.catalina.util.LifecycleBase.init(LifecycleBase.java:136)
		at org.apache.catalina.core.StandardServer.initInternal(StandardServer.java:848)
		at org.apache.catalina.util.LifecycleBase.init(LifecycleBase.java:136)
		at org.apache.catalina.startup.Catalina.load(Catalina.java:639)
		at org.apache.catalina.startup.Catalina.load(Catalina.java:662)
		at sun.reflect.NativeMethodAccessorImpl.invoke0(Native Method)
		at sun.reflect.NativeMethodAccessorImpl.invoke(NativeMethodAccessorImpl.java:62)
		at sun.reflect.DelegatingMethodAccessorImpl.invoke(DelegatingMethodAccessorImpl.java:43)
		at java.lang.reflect.Method.invoke(Method.java:498)
		at org.apache.catalina.startup.Bootstrap.load(Bootstrap.java:302)
		at org.apache.catalina.startup.Bootstrap.main(Bootstrap.java:472)
	Caused by: java.net.BindException: Address already in use
		at sun.nio.ch.Net.bind0(Native Method)
		at sun.nio.ch.Net.bind(Net.java:444)
		at sun.nio.ch.Net.bind(Net.java:436)
		at sun.nio.ch.ServerSocketChannelImpl.bind(ServerSocketChannelImpl.java:225)
		at sun.nio.ch.ServerSocketAdaptor.bind(ServerSocketAdaptor.java:74)
		at org.apache.tomcat.util.net.NioEndpoint.bind(NioEndpoint.java:221)
		at org.apache.tomcat.util.net.AbstractEndpoint.init(AbstractEndpoint.java:1118)
		at org.apache.tomcat.util.net.AbstractJsseEndpoint.init(AbstractJsseEndpoint.java:222)
		at org.apache.coyote.AbstractProtocol.init(AbstractProtocol.java:587)
		at org.apache.coyote.http11.AbstractHttp11Protocol.init(AbstractHttp11Protocol.java:74)
		at org.apache.catalina.connector.Connector.initInternal(Connector.java:1075)
		... 13 more
31-Aug-2020 21:33:19.302 信息 [main] org.apache.catalina.startup.Catalina.load Initialization processed in 1473 ms
31-Aug-2020 21:33:19.388 信息 [main] org.apache.catalina.core.StandardService.startInternal 正在启动服务[Catalina]
31-Aug-2020 21:33:19.390 信息 [main] org.apache.catalina.core.StandardEngine.startInternal Starting Servlet Engine: Apache Tomcat/8.5.57
31-Aug-2020 21:33:19.421 信息 [localhost-startStop-1] org.apache.catalina.startup.HostConfig.deployWAR 正在部署web应用程序存档文件[/Users/zhangqi/Desktop/apache-tomcat-8.5.57/webapps/pinpoint-web-2.0.4.war]
31-Aug-2020 21:33:32.240 信息 [localhost-startStop-2] org.apache.catalina.startup.HostConfig.deployWAR web应用程序存档文件[/Users/zhangqi/Desktop/apache-tomcat-8.5.57/webapps/pinpoint-web-2.0.4.war]的部署已在[90,677]ms内完成
31-Aug-2020 21:33:32.247 信息 [localhost-startStop-2] org.apache.catalina.startup.HostConfig.deployWAR 正在部署web应用程序存档文件[/Users/zhangqi/Desktop/apache-tomcat-8.5.57/webapps/pinpoint-collector-2.0.4.war]
31-Aug-2020 21:33:37.669 信息 [main] org.apache.catalina.core.StandardServer.await 通过关闭端口接收到有效的关闭命令。正在停止服务器实例。
31-Aug-2020 21:33:37.670 信息 [main] org.apache.coyote.AbstractProtocol.pause 暂停ProtocolHandler["http-nio-8081"]
31-Aug-2020 21:33:37.680 信息 [main] org.apache.catalina.core.StandardService.stopInternal 正在停止服务[Catalina]
31-Aug-2020 21:33:37.681 严重 [ContainerBackgroundProcessor[StandardEngine[Catalina]]] org.apache.catalina.startup.HostConfig.deployWARs 等待WAR文件的多线程部署完成时出错
	java.lang.InterruptedException
		at java.util.concurrent.FutureTask.awaitDone(FutureTask.java:404)
		at java.util.concurrent.FutureTask.get(FutureTask.java:191)
		at org.apache.catalina.startup.HostConfig.deployWARs(HostConfig.java:762)
		at org.apache.catalina.startup.HostConfig.deployApps(HostConfig.java:426)
		at org.apache.catalina.startup.HostConfig.check(HostConfig.java:1612)
		at org.apache.catalina.startup.HostConfig.lifecycleEvent(HostConfig.java:304)
		at org.apache.catalina.util.LifecycleBase.fireLifecycleEvent(LifecycleBase.java:123)
		at org.apache.catalina.core.ContainerBase.backgroundProcess(ContainerBase.java:1159)
		at org.apache.catalina.core.ContainerBase$ContainerBackgroundProcessor.processChildren(ContainerBase.java:1381)
		at org.apache.catalina.core.ContainerBase$ContainerBackgroundProcessor.processChildren(ContainerBase.java:1385)
		at org.apache.catalina.core.ContainerBase$ContainerBackgroundProcessor.run(ContainerBase.java:1353)
		at java.lang.Thread.run(Thread.java:748)
31-Aug-2020 21:33:40.949 信息 [localhost-startStop-1] org.apache.jasper.servlet.TldScanner.scanJars 至少有一个JAR被扫描用于TLD但尚未包含TLD。 为此记录器启用调试日志记录，以获取已扫描但未在其中找到TLD的完整JAR列表。 在扫描期间跳过不需要的JAR可以缩短启动时间和JSP编译时间。
31-Aug-2020 21:33:53.747 信息 [localhost-startStop-2] org.apache.jasper.servlet.TldScanner.scanJars 至少有一个JAR被扫描用于TLD但尚未包含TLD。 为此记录器启用调试日志记录，以获取已扫描但未在其中找到TLD的完整JAR列表。 在扫描期间跳过不需要的JAR可以缩短启动时间和JSP编译时间。
31-Aug-2020 21:33:56.455 信息 [main] org.apache.catalina.startup.VersionLoggerListener.log Server.服务器版本: Apache Tomcat/8.5.57
31-Aug-2020 21:33:56.464 信息 [main] org.apache.catalina.startup.VersionLoggerListener.log 服务器构建:        Jun 30 2020 21:49:10 UTC
31-Aug-2020 21:33:56.464 信息 [main] org.apache.catalina.startup.VersionLoggerListener.log 服务器版本号(:     8.5.57.0
31-Aug-2020 21:33:56.465 信息 [main] org.apache.catalina.startup.VersionLoggerListener.log 操作系统名称:      Mac OS X
31-Aug-2020 21:33:56.465 信息 [main] org.apache.catalina.startup.VersionLoggerListener.log OS.版本:           10.15.6
31-Aug-2020 21:33:56.465 信息 [main] org.apache.catalina.startup.VersionLoggerListener.log 架构:              x86_64
31-Aug-2020 21:33:56.465 信息 [main] org.apache.catalina.startup.VersionLoggerListener.log Java 环境变量:     /Library/Java/JavaVirtualMachines/jdk1.8.0_261.jdk/Contents/Home/jre
31-Aug-2020 21:33:56.465 信息 [main] org.apache.catalina.startup.VersionLoggerListener.log Java虚拟机版本:    1.8.0_261-b12
31-Aug-2020 21:33:56.465 信息 [main] org.apache.catalina.startup.VersionLoggerListener.log JVM.供应商:        Oracle Corporation
31-Aug-2020 21:33:56.465 信息 [main] org.apache.catalina.startup.VersionLoggerListener.log CATALINA_BASE:     /Users/zhangqi/Desktop/apache-tomcat-8.5.57
31-Aug-2020 21:33:56.467 信息 [main] org.apache.catalina.startup.VersionLoggerListener.log CATALINA_HOME:     /Users/zhangqi/Desktop/apache-tomcat-8.5.57
31-Aug-2020 21:33:56.469 信息 [main] org.apache.catalina.startup.VersionLoggerListener.log 命令行参数：-Djava.util.logging.config.file=/Users/zhangqi/Desktop/apache-tomcat-8.5.57/conf/logging.properties
31-Aug-2020 21:33:56.470 信息 [main] org.apache.catalina.startup.VersionLoggerListener.log 命令行参数：-Djava.util.logging.manager=org.apache.juli.ClassLoaderLogManager
31-Aug-2020 21:33:56.470 信息 [main] org.apache.catalina.startup.VersionLoggerListener.log 命令行参数：-Djdk.tls.ephemeralDHKeySize=2048
31-Aug-2020 21:33:56.470 信息 [main] org.apache.catalina.startup.VersionLoggerListener.log 命令行参数：-Djava.protocol.handler.pkgs=org.apache.catalina.webresources
31-Aug-2020 21:33:56.471 信息 [main] org.apache.catalina.startup.VersionLoggerListener.log 命令行参数：-Dorg.apache.catalina.security.SecurityListener.UMASK=0027
31-Aug-2020 21:33:56.476 信息 [main] org.apache.catalina.startup.VersionLoggerListener.log 命令行参数：-Dignore.endorsed.dirs=
31-Aug-2020 21:33:56.476 信息 [main] org.apache.catalina.startup.VersionLoggerListener.log 命令行参数：-Dcatalina.base=/Users/zhangqi/Desktop/apache-tomcat-8.5.57
31-Aug-2020 21:33:56.477 信息 [main] org.apache.catalina.startup.VersionLoggerListener.log 命令行参数：-Dcatalina.home=/Users/zhangqi/Desktop/apache-tomcat-8.5.57
31-Aug-2020 21:33:56.477 信息 [main] org.apache.catalina.startup.VersionLoggerListener.log 命令行参数：-Djava.io.tmpdir=/Users/zhangqi/Desktop/apache-tomcat-8.5.57/temp
31-Aug-2020 21:33:56.477 信息 [main] org.apache.catalina.core.AprLifecycleListener.lifecycleEvent 在java.library.path:[/Users/zhangqi/Library/Java/Extensions:/Library/Java/Extensions:/Network/Library/Java/Extensions:/System/Library/Java/Extensions:/usr/lib/java:.]上找不到基于APR的Apache Tomcat本机库，该库允许在生产环境中获得最佳性能
31-Aug-2020 21:33:57.808 信息 [main] org.apache.coyote.AbstractProtocol.init 初始化协议处理器 ["http-nio-8081"]
31-Aug-2020 21:33:57.921 严重 [main] org.apache.catalina.core.StandardService.initInternal Failed to initialize connector [Connector[HTTP/1.1-8081]]
	org.apache.catalina.LifecycleException: 协议处理程序初始化失败
		at org.apache.catalina.connector.Connector.initInternal(Connector.java:1077)
		at org.apache.catalina.util.LifecycleBase.init(LifecycleBase.java:136)
		at org.apache.catalina.core.StandardService.initInternal(StandardService.java:552)
		at org.apache.catalina.util.LifecycleBase.init(LifecycleBase.java:136)
		at org.apache.catalina.core.StandardServer.initInternal(StandardServer.java:848)
		at org.apache.catalina.util.LifecycleBase.init(LifecycleBase.java:136)
		at org.apache.catalina.startup.Catalina.load(Catalina.java:639)
		at org.apache.catalina.startup.Catalina.load(Catalina.java:662)
		at sun.reflect.NativeMethodAccessorImpl.invoke0(Native Method)
		at sun.reflect.NativeMethodAccessorImpl.invoke(NativeMethodAccessorImpl.java:62)
		at sun.reflect.DelegatingMethodAccessorImpl.invoke(DelegatingMethodAccessorImpl.java:43)
		at java.lang.reflect.Method.invoke(Method.java:498)
		at org.apache.catalina.startup.Bootstrap.load(Bootstrap.java:302)
		at org.apache.catalina.startup.Bootstrap.main(Bootstrap.java:472)
	Caused by: java.net.BindException: Address already in use
		at sun.nio.ch.Net.bind0(Native Method)
		at sun.nio.ch.Net.bind(Net.java:444)
		at sun.nio.ch.Net.bind(Net.java:436)
		at sun.nio.ch.ServerSocketChannelImpl.bind(ServerSocketChannelImpl.java:225)
		at sun.nio.ch.ServerSocketAdaptor.bind(ServerSocketAdaptor.java:74)
		at org.apache.tomcat.util.net.NioEndpoint.bind(NioEndpoint.java:221)
		at org.apache.tomcat.util.net.AbstractEndpoint.init(AbstractEndpoint.java:1118)
		at org.apache.tomcat.util.net.AbstractJsseEndpoint.init(AbstractJsseEndpoint.java:222)
		at org.apache.coyote.AbstractProtocol.init(AbstractProtocol.java:587)
		at org.apache.coyote.http11.AbstractHttp11Protocol.init(AbstractHttp11Protocol.java:74)
		at org.apache.catalina.connector.Connector.initInternal(Connector.java:1075)
		... 13 more
31-Aug-2020 21:33:57.931 信息 [main] org.apache.catalina.startup.Catalina.load Initialization processed in 3602 ms
31-Aug-2020 21:33:58.098 信息 [main] org.apache.catalina.core.StandardService.startInternal 正在启动服务[Catalina]
31-Aug-2020 21:33:58.098 信息 [main] org.apache.catalina.core.StandardEngine.startInternal Starting Servlet Engine: Apache Tomcat/8.5.57
31-Aug-2020 21:33:58.132 信息 [localhost-startStop-1] org.apache.catalina.startup.HostConfig.deployWAR 正在部署web应用程序存档文件[/Users/zhangqi/Desktop/apache-tomcat-8.5.57/webapps/pinpoint-web-2.0.4.war]
31-Aug-2020 21:34:15.807 信息 [localhost-startStop-1] org.apache.jasper.servlet.TldScanner.scanJars 至少有一个JAR被扫描用于TLD但尚未包含TLD。 为此记录器启用调试日志记录，以获取已扫描但未在其中找到TLD的完整JAR列表。 在扫描期间跳过不需要的JAR可以缩短启动时间和JSP编译时间。
31-Aug-2020 21:34:50.948 信息 [localhost-startStop-1] org.apache.catalina.startup.HostConfig.deployWAR web应用程序存档文件[/Users/zhangqi/Desktop/apache-tomcat-8.5.57/webapps/pinpoint-web-2.0.4.war]的部署已在[91,525]ms内完成
31-Aug-2020 21:34:50.952 信息 [localhost-startStop-1] org.apache.catalina.startup.HostConfig.deployWAR 正在部署web应用程序存档文件[/Users/zhangqi/Desktop/apache-tomcat-8.5.57/webapps/pinpoint-collector-2.0.4.war]
31-Aug-2020 21:35:16.642 信息 [localhost-startStop-1] org.apache.jasper.servlet.TldScanner.scanJars 至少有一个JAR被扫描用于TLD但尚未包含TLD。 为此记录器启用调试日志记录，以获取已扫描但未在其中找到TLD的完整JAR列表。 在扫描期间跳过不需要的JAR可以缩短启动时间和JSP编译时间。
31-Aug-2020 21:35:34.031 信息 [localhost-startStop-1] org.apache.catalina.startup.HostConfig.deployWAR web应用程序存档文件[/Users/zhangqi/Desktop/apache-tomcat-8.5.57/webapps/pinpoint-web-2.0.4.war]的部署已在[95,897]ms内完成
31-Aug-2020 21:35:34.033 信息 [localhost-startStop-1] org.apache.catalina.startup.HostConfig.deployWAR 正在部署web应用程序存档文件[/Users/zhangqi/Desktop/apache-tomcat-8.5.57/webapps/pinpoint-collector-2.0.4.war]
31-Aug-2020 21:35:42.378 信息 [localhost-startStop-1] org.apache.jasper.servlet.TldScanner.scanJars 至少有一个JAR被扫描用于TLD但尚未包含TLD。 为此记录器启用调试日志记录，以获取已扫描但未在其中找到TLD的完整JAR列表。 在扫描期间跳过不需要的JAR可以缩短启动时间和JSP编译时间。
31-Aug-2020 21:38:58.946 严重 [localhost-startStop-2] org.apache.catalina.core.StandardContext.startInternal 一个或多个listeners启动失败，更多详细信息查看对应的容器日志文件
31-Aug-2020 21:38:58.962 严重 [localhost-startStop-2] org.apache.catalina.core.StandardContext.startInternal 由于之前的错误，Context[/pinpoint-collector-2.0.4]启动失败
31-Aug-2020 21:38:59.005 警告 [localhost-startStop-2] org.apache.catalina.loader.WebappClassLoaderBase.clearReferencesThreads Web应用程序[pinpoint-collector-2.0.4]似乎启动了一个名为[Pinpoint-grpcSpanReceiver-Channel-Boss(9-0)]的线程，但未能停止它。这很可能会造成内存泄漏。线程的堆栈跟踪：[
 sun.nio.ch.KQueueArrayWrapper.kevent0(Native Method)
 sun.nio.ch.KQueueArrayWrapper.poll(KQueueArrayWrapper.java:198)
 sun.nio.ch.KQueueSelectorImpl.doSelect(KQueueSelectorImpl.java:117)
 sun.nio.ch.SelectorImpl.lockAndDoSelect(SelectorImpl.java:86)
 sun.nio.ch.SelectorImpl.select(SelectorImpl.java:97)
 sun.nio.ch.SelectorImpl.select(SelectorImpl.java:101)
 io.netty.channel.nio.SelectedSelectionKeySetSelector.select(SelectedSelectionKeySetSelector.java:68)
 io.netty.channel.nio.NioEventLoop.select(NioEventLoop.java:803)
 io.netty.channel.nio.NioEventLoop.run(NioEventLoop.java:457)
 io.netty.util.concurrent.SingleThreadEventExecutor$4.run(SingleThreadEventExecutor.java:989)
 io.netty.util.internal.ThreadExecutorMap$2.run(ThreadExecutorMap.java:74)
 java.util.concurrent.ThreadPoolExecutor.runWorker(ThreadPoolExecutor.java:1149)
 java.util.concurrent.ThreadPoolExecutor$Worker.run(ThreadPoolExecutor.java:624)
 java.lang.Thread.run(Thread.java:748)]
31-Aug-2020 21:38:59.006 严重 [localhost-startStop-2] org.apache.catalina.loader.WebappClassLoaderBase.checkThreadLocalMapForLeaks web应用程序[pinpoint-collector-2.0.4]创建了一个ThreadLocal，其键类型为[java.lang.ThreadLocal]（值为[java.lang.ThreadLocal@72b01121]），值类型为[io.netty.util.internal.InternalThreadLocalMap]（值为[io.netty.util.internal.InternalThreadLocalMap@1c062145），但在停止web应用程序时未能将其删除。线程将随着时间的推移而更新，以尝试避免可能的内存泄漏
31-Aug-2020 21:38:59.007 严重 [localhost-startStop-2] org.apache.catalina.loader.WebappClassLoaderBase.checkThreadLocalMapForLeaks web应用程序[pinpoint-collector-2.0.4]创建了一个ThreadLocal，其键类型为[java.lang.ThreadLocal]（值为[java.lang.ThreadLocal@72b01121]），值类型为[io.netty.util.internal.InternalThreadLocalMap]（值为[io.netty.util.internal.InternalThreadLocalMap@5ee51fca），但在停止web应用程序时未能将其删除。线程将随着时间的推移而更新，以尝试避免可能的内存泄漏
31-Aug-2020 21:38:59.036 信息 [localhost-startStop-2] org.apache.catalina.startup.HostConfig.deployWAR web应用程序存档文件[/Users/zhangqi/Desktop/apache-tomcat-8.5.57/webapps/pinpoint-collector-2.0.4.war]的部署已在[326,788]ms内完成
31-Aug-2020 21:38:59.314 信息 [main] org.apache.coyote.AbstractProtocol.stop 正在停止ProtocolHandler ["http-nio-8081"]
31-Aug-2020 21:38:59.316 信息 [main] org.apache.coyote.AbstractProtocol.destroy 正在摧毁协议处理器 ["http-nio-8081"]
31-Aug-2020 21:40:21.453 严重 [localhost-startStop-1] org.apache.catalina.core.StandardContext.startInternal 一个或多个listeners启动失败，更多详细信息查看对应的容器日志文件
31-Aug-2020 21:40:21.457 严重 [localhost-startStop-1] org.apache.catalina.core.StandardContext.startInternal 由于之前的错误，Context[/pinpoint-collector-2.0.4]启动失败
31-Aug-2020 21:40:21.485 警告 [localhost-startStop-1] org.apache.catalina.loader.WebappClassLoaderBase.clearReferencesThreads Web应用程序[pinpoint-collector-2.0.4]似乎启动了一个名为[Pinpoint-grpcSpanReceiver-Channel-Boss(9-0)]的线程，但未能停止它。这很可能会造成内存泄漏。线程的堆栈跟踪：[
 sun.nio.ch.KQueueArrayWrapper.kevent0(Native Method)
 sun.nio.ch.KQueueArrayWrapper.poll(KQueueArrayWrapper.java:198)
 sun.nio.ch.KQueueSelectorImpl.doSelect(KQueueSelectorImpl.java:117)
 sun.nio.ch.SelectorImpl.lockAndDoSelect(SelectorImpl.java:86)
 sun.nio.ch.SelectorImpl.select(SelectorImpl.java:97)
 sun.nio.ch.SelectorImpl.select(SelectorImpl.java:101)
 io.netty.channel.nio.SelectedSelectionKeySetSelector.select(SelectedSelectionKeySetSelector.java:68)
 io.netty.channel.nio.NioEventLoop.select(NioEventLoop.java:803)
 io.netty.channel.nio.NioEventLoop.run(NioEventLoop.java:457)
 io.netty.util.concurrent.SingleThreadEventExecutor$4.run(SingleThreadEventExecutor.java:989)
 io.netty.util.internal.ThreadExecutorMap$2.run(ThreadExecutorMap.java:74)
 java.util.concurrent.ThreadPoolExecutor.runWorker(ThreadPoolExecutor.java:1149)
 java.util.concurrent.ThreadPoolExecutor$Worker.run(ThreadPoolExecutor.java:624)
 java.lang.Thread.run(Thread.java:748)]
31-Aug-2020 21:40:21.486 严重 [localhost-startStop-1] org.apache.catalina.loader.WebappClassLoaderBase.checkThreadLocalMapForLeaks web应用程序[pinpoint-collector-2.0.4]创建了一个ThreadLocal，其键类型为[java.lang.ThreadLocal]（值为[java.lang.ThreadLocal@290dd6af]），值类型为[io.netty.util.internal.InternalThreadLocalMap]（值为[io.netty.util.internal.InternalThreadLocalMap@76179fa6），但在停止web应用程序时未能将其删除。线程将随着时间的推移而更新，以尝试避免可能的内存泄漏
31-Aug-2020 21:40:21.488 严重 [localhost-startStop-1] org.apache.catalina.loader.WebappClassLoaderBase.checkThreadLocalMapForLeaks web应用程序[pinpoint-collector-2.0.4]创建了一个ThreadLocal，其键类型为[java.lang.ThreadLocal]（值为[java.lang.ThreadLocal@290dd6af]），值类型为[io.netty.util.internal.InternalThreadLocalMap]（值为[io.netty.util.internal.InternalThreadLocalMap@60c36726），但在停止web应用程序时未能将其删除。线程将随着时间的推移而更新，以尝试避免可能的内存泄漏
31-Aug-2020 21:40:21.496 信息 [localhost-startStop-1] org.apache.catalina.startup.HostConfig.deployWAR web应用程序存档文件[/Users/zhangqi/Desktop/apache-tomcat-8.5.57/webapps/pinpoint-collector-2.0.4.war]的部署已在[330,544]ms内完成
31-Aug-2020 21:40:21.500 信息 [main] org.apache.catalina.startup.Catalina.start Server startup in 422185 ms
31-Aug-2020 21:40:44.084 严重 [localhost-startStop-1] org.apache.catalina.core.StandardContext.startInternal 一个或多个listeners启动失败，更多详细信息查看对应的容器日志文件
31-Aug-2020 21:40:44.091 严重 [localhost-startStop-1] org.apache.catalina.core.StandardContext.startInternal 由于之前的错误，Context[/pinpoint-collector-2.0.4]启动失败
31-Aug-2020 21:40:44.150 警告 [localhost-startStop-1] org.apache.catalina.loader.WebappClassLoaderBase.clearReferencesThreads Web应用程序[pinpoint-collector-2.0.4]似乎启动了一个名为[Pinpoint-grpcSpanReceiver-Channel-Boss(9-0)]的线程，但未能停止它。这很可能会造成内存泄漏。线程的堆栈跟踪：[
 sun.nio.ch.KQueueArrayWrapper.kevent0(Native Method)
 sun.nio.ch.KQueueArrayWrapper.poll(KQueueArrayWrapper.java:198)
 sun.nio.ch.KQueueSelectorImpl.doSelect(KQueueSelectorImpl.java:117)
 sun.nio.ch.SelectorImpl.lockAndDoSelect(SelectorImpl.java:86)
 sun.nio.ch.SelectorImpl.select(SelectorImpl.java:97)
 sun.nio.ch.SelectorImpl.select(SelectorImpl.java:101)
 io.netty.channel.nio.SelectedSelectionKeySetSelector.select(SelectedSelectionKeySetSelector.java:68)
 io.netty.channel.nio.NioEventLoop.select(NioEventLoop.java:803)
 io.netty.channel.nio.NioEventLoop.run(NioEventLoop.java:457)
 io.netty.util.concurrent.SingleThreadEventExecutor$4.run(SingleThreadEventExecutor.java:989)
 io.netty.util.internal.ThreadExecutorMap$2.run(ThreadExecutorMap.java:74)
 java.util.concurrent.ThreadPoolExecutor.runWorker(ThreadPoolExecutor.java:1149)
 java.util.concurrent.ThreadPoolExecutor$Worker.run(ThreadPoolExecutor.java:624)
 java.lang.Thread.run(Thread.java:748)]
31-Aug-2020 21:40:44.153 严重 [localhost-startStop-1] org.apache.catalina.loader.WebappClassLoaderBase.checkThreadLocalMapForLeaks web应用程序[pinpoint-collector-2.0.4]创建了一个ThreadLocal，其键类型为[java.lang.ThreadLocal]（值为[java.lang.ThreadLocal@21423a7]），值类型为[io.netty.util.internal.InternalThreadLocalMap]（值为[io.netty.util.internal.InternalThreadLocalMap@2b952af8），但在停止web应用程序时未能将其删除。线程将随着时间的推移而更新，以尝试避免可能的内存泄漏
31-Aug-2020 21:40:44.157 严重 [localhost-startStop-1] org.apache.catalina.loader.WebappClassLoaderBase.checkThreadLocalMapForLeaks web应用程序[pinpoint-collector-2.0.4]创建了一个ThreadLocal，其键类型为[java.lang.ThreadLocal]（值为[java.lang.ThreadLocal@21423a7]），值类型为[io.netty.util.internal.InternalThreadLocalMap]（值为[io.netty.util.internal.InternalThreadLocalMap@14f8cf3a），但在停止web应用程序时未能将其删除。线程将随着时间的推移而更新，以尝试避免可能的内存泄漏
31-Aug-2020 21:40:44.171 信息 [localhost-startStop-1] org.apache.catalina.startup.HostConfig.deployWAR web应用程序存档文件[/Users/zhangqi/Desktop/apache-tomcat-8.5.57/webapps/pinpoint-collector-2.0.4.war]的部署已在[310,137]ms内完成
31-Aug-2020 21:40:44.176 信息 [main] org.apache.catalina.startup.Catalina.start Server startup in 406232 ms
31-Aug-2020 21:40:44.180 严重 [main] org.apache.catalina.core.StandardServer.await StandardServer.await: create[localhost:8005]: 
	java.net.BindException: Address already in use (Bind failed)
		at java.net.PlainSocketImpl.socketBind(Native Method)
		at java.net.AbstractPlainSocketImpl.bind(AbstractPlainSocketImpl.java:513)
		at java.net.ServerSocket.bind(ServerSocket.java:375)
		at java.net.ServerSocket.<init>(ServerSocket.java:237)
		at org.apache.catalina.core.StandardServer.await(StandardServer.java:421)
		at org.apache.catalina.startup.Catalina.await(Catalina.java:776)
		at org.apache.catalina.startup.Catalina.start(Catalina.java:722)
		at sun.reflect.NativeMethodAccessorImpl.invoke0(Native Method)
		at sun.reflect.NativeMethodAccessorImpl.invoke(NativeMethodAccessorImpl.java:62)
		at sun.reflect.DelegatingMethodAccessorImpl.invoke(DelegatingMethodAccessorImpl.java:43)
		at java.lang.reflect.Method.invoke(Method.java:498)
		at org.apache.catalina.startup.Bootstrap.start(Bootstrap.java:342)
		at org.apache.catalina.startup.Bootstrap.main(Bootstrap.java:473)
31-Aug-2020 21:40:44.182 信息 [main] org.apache.coyote.AbstractProtocol.pause 暂停ProtocolHandler["http-nio-8081"]
31-Aug-2020 21:40:44.182 信息 [main] org.apache.catalina.core.StandardService.stopInternal 正在停止服务[Catalina]
31-Aug-2020 21:40:44.391 信息 [main] org.apache.coyote.AbstractProtocol.stop 正在停止ProtocolHandler ["http-nio-8081"]
31-Aug-2020 21:40:44.391 信息 [main] org.apache.coyote.AbstractProtocol.destroy 正在摧毁协议处理器 ["http-nio-8081"]
