01-Sep-2020 13:46:01.062 信息 [ContainerBackgroundProcessor[StandardEngine[Catalina]]] org.apache.catalina.core.ApplicationContext.log Destroying Spring FrameworkServlet 'pinpoint-web'
01-Sep-2020 13:46:01.254 信息 [ContainerBackgroundProcessor[StandardEngine[Catalina]]] org.apache.catalina.core.ApplicationContext.log Closing Spring root WebApplicationContext
01-Sep-2020 13:46:31.543 严重 [ContainerBackgroundProcessor[StandardEngine[Catalina]]] org.apache.catalina.core.StandardContext.listenerStop 例外情况发送上下文删除事件[org.springframework.web.context.ContextLoaderListener]，以便列表实例
	java.lang.IllegalStateException: java.io.FileNotFoundException: /Users/zhangqi/Desktop/apache-tomcat-8.5.57/webapps/pinpoint-web-2.0.4/WEB-INF/lib/pinpoint-okhttp-plugin-2.0.4.jar (No such file or directory)
		at org.apache.catalina.webresources.AbstractSingleArchiveResourceSet.getArchiveEntry(AbstractSingleArchiveResourceSet.java:100)
		at org.apache.catalina.webresources.AbstractArchiveResourceSet.getResource(AbstractArchiveResourceSet.java:257)
		at org.apache.catalina.webresources.StandardRoot.getResourceInternal(StandardRoot.java:280)
		at org.apache.catalina.webresources.Cache.getResource(Cache.java:62)
		at org.apache.catalina.webresources.StandardRoot.getResource(StandardRoot.java:215)
		at org.apache.catalina.webresources.StandardRoot.getClassLoaderResource(StandardRoot.java:224)
		at org.apache.catalina.loader.WebappClassLoaderBase.findClassInternal(WebappClassLoaderBase.java:2278)
		at org.apache.catalina.loader.WebappClassLoaderBase.findClass(WebappClassLoaderBase.java:855)
		at org.apache.catalina.loader.WebappClassLoaderBase.loadClass(WebappClassLoaderBase.java:1327)
		at org.apache.catalina.loader.WebappClassLoaderBase.loadClass(WebappClassLoaderBase.java:1180)
		at org.springframework.web.context.ContextLoaderListener.contextDestroyed(ContextLoaderListener.java:117)
		at org.apache.catalina.core.StandardContext.listenerStop(StandardContext.java:4735)
		at org.apache.catalina.core.StandardContext.stopInternal(StandardContext.java:5399)
		at org.apache.catalina.util.LifecycleBase.stop(LifecycleBase.java:257)
		at org.apache.catalina.core.ContainerBase.removeChild(ContainerBase.java:834)
		at org.apache.catalina.startup.HostConfig.undeploy(HostConfig.java:1417)
		at org.apache.catalina.startup.HostConfig.checkResources(HostConfig.java:1344)
		at org.apache.catalina.startup.HostConfig.check(HostConfig.java:1603)
		at org.apache.catalina.startup.HostConfig.lifecycleEvent(HostConfig.java:304)
		at org.apache.catalina.util.LifecycleBase.fireLifecycleEvent(LifecycleBase.java:123)
		at org.apache.catalina.core.ContainerBase.backgroundProcess(ContainerBase.java:1159)
		at org.apache.catalina.core.ContainerBase$ContainerBackgroundProcessor.processChildren(ContainerBase.java:1381)
		at org.apache.catalina.core.ContainerBase$ContainerBackgroundProcessor.processChildren(ContainerBase.java:1385)
		at org.apache.catalina.core.ContainerBase$ContainerBackgroundProcessor.run(ContainerBase.java:1353)
		at java.lang.Thread.run(Thread.java:748)
	Caused by: java.io.FileNotFoundException: /Users/zhangqi/Desktop/apache-tomcat-8.5.57/webapps/pinpoint-web-2.0.4/WEB-INF/lib/pinpoint-okhttp-plugin-2.0.4.jar (No such file or directory)
		at java.util.zip.ZipFile.open(Native Method)
		at java.util.zip.ZipFile.<init>(ZipFile.java:225)
		at java.util.zip.ZipFile.<init>(ZipFile.java:155)
		at java.util.jar.JarFile.<init>(JarFile.java:167)
		at java.util.jar.JarFile.<init>(JarFile.java:131)
		at org.apache.tomcat.util.compat.JreCompat.jarFileNewInstance(JreCompat.java:202)
		at org.apache.tomcat.util.compat.JreCompat.jarFileNewInstance(JreCompat.java:187)
		at org.apache.catalina.webresources.AbstractArchiveResourceSet.openJarFile(AbstractArchiveResourceSet.java:308)
		at org.apache.catalina.webresources.AbstractSingleArchiveResourceSet.getArchiveEntry(AbstractSingleArchiveResourceSet.java:96)
		... 24 more
01-Sep-2020 13:46:31.546 信息 [ContainerBackgroundProcessor[StandardEngine[Catalina]]] org.apache.catalina.core.ApplicationContext.log Shutting down log4j
01-Sep-2020 13:46:31.563 严重 [ContainerBackgroundProcessor[StandardEngine[Catalina]]] org.apache.catalina.core.StandardContext.listenerStop 例外情况发送上下文删除事件[org.springframework.web.util.Log4jConfigListener]，以便列表实例
	java.lang.IllegalStateException: java.io.FileNotFoundException: /Users/zhangqi/Desktop/apache-tomcat-8.5.57/webapps/pinpoint-web-2.0.4/WEB-INF/lib/pinpoint-okhttp-plugin-2.0.4.jar (No such file or directory)
		at org.apache.catalina.webresources.AbstractSingleArchiveResourceSet.getArchiveEntry(AbstractSingleArchiveResourceSet.java:100)
		at org.apache.catalina.webresources.AbstractArchiveResourceSet.getResource(AbstractArchiveResourceSet.java:257)
		at org.apache.catalina.webresources.StandardRoot.getResourceInternal(StandardRoot.java:280)
		at org.apache.catalina.webresources.Cache.getResource(Cache.java:62)
		at org.apache.catalina.webresources.StandardRoot.getResource(StandardRoot.java:215)
		at org.apache.catalina.webresources.StandardRoot.getClassLoaderResource(StandardRoot.java:224)
		at org.apache.catalina.loader.WebappClassLoaderBase.findClassInternal(WebappClassLoaderBase.java:2278)
		at org.apache.catalina.loader.WebappClassLoaderBase.findClass(WebappClassLoaderBase.java:855)
		at org.apache.catalina.loader.WebappClassLoaderBase.loadClass(WebappClassLoaderBase.java:1327)
		at org.apache.catalina.loader.WebappClassLoaderBase.loadClass(WebappClassLoaderBase.java:1180)
		at org.apache.log4j.Category.getAllAppenders(Category.java:413)
		at org.apache.log4j.Category.closeNestedAppenders(Category.java:226)
		at org.apache.log4j.Hierarchy.shutdown(Hierarchy.java:467)
		at org.apache.log4j.LogManager.shutdown(LogManager.java:267)
		at org.springframework.util.Log4jConfigurer.shutdownLogging(Log4jConfigurer.java:123)
		at org.springframework.web.util.Log4jWebConfigurer.shutdownLogging(Log4jWebConfigurer.java:172)
		at org.springframework.web.util.Log4jConfigListener.contextDestroyed(Log4jConfigListener.java:54)
		at org.apache.catalina.core.StandardContext.listenerStop(StandardContext.java:4735)
		at org.apache.catalina.core.StandardContext.stopInternal(StandardContext.java:5399)
		at org.apache.catalina.util.LifecycleBase.stop(LifecycleBase.java:257)
		at org.apache.catalina.core.ContainerBase.removeChild(ContainerBase.java:834)
		at org.apache.catalina.startup.HostConfig.undeploy(HostConfig.java:1417)
		at org.apache.catalina.startup.HostConfig.checkResources(HostConfig.java:1344)
		at org.apache.catalina.startup.HostConfig.check(HostConfig.java:1603)
		at org.apache.catalina.startup.HostConfig.lifecycleEvent(HostConfig.java:304)
		at org.apache.catalina.util.LifecycleBase.fireLifecycleEvent(LifecycleBase.java:123)
		at org.apache.catalina.core.ContainerBase.backgroundProcess(ContainerBase.java:1159)
		at org.apache.catalina.core.ContainerBase$ContainerBackgroundProcessor.processChildren(ContainerBase.java:1381)
		at org.apache.catalina.core.ContainerBase$ContainerBackgroundProcessor.processChildren(ContainerBase.java:1385)
		at org.apache.catalina.core.ContainerBase$ContainerBackgroundProcessor.run(ContainerBase.java:1353)
		at java.lang.Thread.run(Thread.java:748)
	Caused by: java.io.FileNotFoundException: /Users/zhangqi/Desktop/apache-tomcat-8.5.57/webapps/pinpoint-web-2.0.4/WEB-INF/lib/pinpoint-okhttp-plugin-2.0.4.jar (No such file or directory)
		at java.util.zip.ZipFile.open(Native Method)
		at java.util.zip.ZipFile.<init>(ZipFile.java:225)
		at java.util.zip.ZipFile.<init>(ZipFile.java:155)
		at java.util.jar.JarFile.<init>(JarFile.java:167)
		at java.util.jar.JarFile.<init>(JarFile.java:131)
		at org.apache.tomcat.util.compat.JreCompat.jarFileNewInstance(JreCompat.java:202)
		at org.apache.tomcat.util.compat.JreCompat.jarFileNewInstance(JreCompat.java:187)
		at org.apache.catalina.webresources.AbstractArchiveResourceSet.openJarFile(AbstractArchiveResourceSet.java:308)
		at org.apache.catalina.webresources.AbstractSingleArchiveResourceSet.getArchiveEntry(AbstractSingleArchiveResourceSet.java:96)
		... 30 more
01-Sep-2020 13:46:51.548 信息 [localhost-startStop-1] org.apache.catalina.core.ApplicationContext.log 1 Spring WebApplicationInitializers detected on classpath
01-Sep-2020 13:46:51.656 信息 [localhost-startStop-1] org.apache.catalina.core.ApplicationContext.log Set web app root system property: 'webapp.root' = [/Users/zhangqi/Desktop/apache-tomcat-8.5.57/webapps/pinpoint-collector-2.0.4/]
01-Sep-2020 13:46:51.722 信息 [localhost-startStop-1] org.apache.catalina.core.ApplicationContext.log Initializing log4j from [classpath:profiles/release/log4j.xml]
01-Sep-2020 13:46:51.837 信息 [localhost-startStop-1] org.apache.catalina.core.ApplicationContext.log Initializing Spring root WebApplicationContext
01-Sep-2020 13:49:29.437 信息 [localhost-startStop-1] org.apache.catalina.core.ApplicationContext.log 1 Spring WebApplicationInitializers detected on classpath
01-Sep-2020 13:49:29.517 信息 [localhost-startStop-1] org.apache.catalina.core.ApplicationContext.log Set web app root system property: 'webapp.root' = [/Users/zhangqi/Desktop/apache-tomcat-8.5.57/webapps/pinpoint-collector-2.0.4/]
01-Sep-2020 13:49:29.590 信息 [localhost-startStop-1] org.apache.catalina.core.ApplicationContext.log Initializing log4j from [classpath:profiles/release/log4j.xml]
01-Sep-2020 13:49:29.716 信息 [localhost-startStop-1] org.apache.catalina.core.ApplicationContext.log Initializing Spring root WebApplicationContext
01-Sep-2020 13:50:50.965 信息 [localhost-startStop-1] org.apache.catalina.core.ApplicationContext.log 1 Spring WebApplicationInitializers detected on classpath
01-Sep-2020 13:50:51.065 信息 [localhost-startStop-1] org.apache.catalina.core.ApplicationContext.log Set web app root system property: 'webapp.root' = [/Users/zhangqi/Desktop/apache-tomcat-8.5.57/webapps/pinpoint-collector-2.0.4/]
01-Sep-2020 13:50:51.320 信息 [localhost-startStop-1] org.apache.catalina.core.ApplicationContext.log Initializing log4j from [classpath:profiles/release/log4j.xml]
01-Sep-2020 13:50:51.630 信息 [localhost-startStop-1] org.apache.catalina.core.ApplicationContext.log Initializing Spring root WebApplicationContext
01-Sep-2020 13:51:47.731 严重 [localhost-startStop-1] org.apache.catalina.core.StandardContext.listenerStart 异常将上下文初始化事件发送到类的侦听器实例.[org.springframework.web.context.ContextLoaderListener]
	org.springframework.beans.factory.BeanCreationException: Error creating bean with name 'grpcSpanReceiver' defined in class path resource [applicationContext-collector-grpc.xml]: Invocation of init method failed; nested exception is java.io.IOException: Failed to bind
		at org.springframework.beans.factory.support.AbstractAutowireCapableBeanFactory.initializeBean(AbstractAutowireCapableBeanFactory.java:1631)
		at org.springframework.beans.factory.support.AbstractAutowireCapableBeanFactory.doCreateBean(AbstractAutowireCapableBeanFactory.java:553)
		at org.springframework.beans.factory.support.AbstractAutowireCapableBeanFactory.createBean(AbstractAutowireCapableBeanFactory.java:481)
		at org.springframework.beans.factory.support.AbstractBeanFactory$1.getObject(AbstractBeanFactory.java:312)
		at org.springframework.beans.factory.support.DefaultSingletonBeanRegistry.getSingleton(DefaultSingletonBeanRegistry.java:230)
		at org.springframework.beans.factory.support.AbstractBeanFactory.doGetBean(AbstractBeanFactory.java:308)
		at org.springframework.beans.factory.support.AbstractBeanFactory.getBean(AbstractBeanFactory.java:197)
		at org.springframework.beans.factory.support.DefaultListableBeanFactory.preInstantiateSingletons(DefaultListableBeanFactory.java:761)
		at org.springframework.context.support.AbstractApplicationContext.finishBeanFactoryInitialization(AbstractApplicationContext.java:867)
		at org.springframework.context.support.AbstractApplicationContext.refresh(AbstractApplicationContext.java:543)
		at org.springframework.web.context.ContextLoader.configureAndRefreshWebApplicationContext(ContextLoader.java:443)
		at org.springframework.web.context.ContextLoader.initWebApplicationContext(ContextLoader.java:325)
		at org.springframework.web.context.ContextLoaderListener.contextInitialized(ContextLoaderListener.java:107)
		at org.apache.catalina.core.StandardContext.listenerStart(StandardContext.java:4689)
		at org.apache.catalina.core.StandardContext.startInternal(StandardContext.java:5155)
		at org.apache.catalina.util.LifecycleBase.start(LifecycleBase.java:183)
		at org.apache.catalina.core.ContainerBase.addChildInternal(ContainerBase.java:743)
		at org.apache.catalina.core.ContainerBase.addChild(ContainerBase.java:719)
		at org.apache.catalina.core.StandardHost.addChild(StandardHost.java:705)
		at org.apache.catalina.startup.HostConfig.deployWAR(HostConfig.java:970)
		at org.apache.catalina.startup.HostConfig$DeployWar.run(HostConfig.java:1840)
		at java.util.concurrent.Executors$RunnableAdapter.call(Executors.java:511)
		at java.util.concurrent.FutureTask.run(FutureTask.java:266)
		at java.util.concurrent.ThreadPoolExecutor.runWorker(ThreadPoolExecutor.java:1149)
		at java.util.concurrent.ThreadPoolExecutor$Worker.run(ThreadPoolExecutor.java:624)
		at java.lang.Thread.run(Thread.java:748)
	Caused by: java.io.IOException: Failed to bind
		at io.grpc.netty.NettyServer.start(NettyServer.java:252)
		at io.grpc.internal.ServerImpl.start(ServerImpl.java:163)
		at io.grpc.internal.ServerImpl.start(ServerImpl.java:78)
		at com.navercorp.pinpoint.collector.receiver.grpc.GrpcReceiver.afterPropertiesSet(GrpcReceiver.java:116)
		at org.springframework.beans.factory.support.AbstractAutowireCapableBeanFactory.invokeInitMethods(AbstractAutowireCapableBeanFactory.java:1689)
		at org.springframework.beans.factory.support.AbstractAutowireCapableBeanFactory.initializeBean(AbstractAutowireCapableBeanFactory.java:1627)
		... 25 more
	Caused by: java.net.BindException: Address already in use
		at sun.nio.ch.Net.bind0(Native Method)
		at sun.nio.ch.Net.bind(Net.java:444)
		at sun.nio.ch.Net.bind(Net.java:436)
		at sun.nio.ch.ServerSocketChannelImpl.bind(ServerSocketChannelImpl.java:225)
		at io.netty.channel.socket.nio.NioServerSocketChannel.doBind(NioServerSocketChannel.java:134)
		at io.netty.channel.AbstractChannel$AbstractUnsafe.bind(AbstractChannel.java:550)
		at io.netty.channel.DefaultChannelPipeline$HeadContext.bind(DefaultChannelPipeline.java:1334)
		at io.netty.channel.AbstractChannelHandlerContext.invokeBind(AbstractChannelHandlerContext.java:504)
		at io.netty.channel.AbstractChannelHandlerContext.bind(AbstractChannelHandlerContext.java:489)
		at io.netty.channel.DefaultChannelPipeline.bind(DefaultChannelPipeline.java:973)
		at io.netty.channel.AbstractChannel.bind(AbstractChannel.java:248)
		at io.netty.bootstrap.AbstractBootstrap$2.run(AbstractBootstrap.java:348)
		at io.netty.util.concurrent.AbstractEventExecutor.safeExecute(AbstractEventExecutor.java:164)
		at io.netty.util.concurrent.SingleThreadEventExecutor.runAllTasks(SingleThreadEventExecutor.java:472)
		at io.netty.channel.nio.NioEventLoop.run(NioEventLoop.java:500)
		at io.netty.util.concurrent.SingleThreadEventExecutor$4.run(SingleThreadEventExecutor.java:989)
		at io.netty.util.internal.ThreadExecutorMap$2.run(ThreadExecutorMap.java:74)
		... 3 more
01-Sep-2020 13:51:47.747 信息 [localhost-startStop-1] org.apache.catalina.core.ApplicationContext.log Closing Spring root WebApplicationContext
01-Sep-2020 13:51:47.752 信息 [localhost-startStop-1] org.apache.catalina.core.ApplicationContext.log Shutting down log4j
01-Sep-2020 13:54:28.411 严重 [localhost-startStop-1] org.apache.catalina.core.StandardContext.listenerStart 异常将上下文初始化事件发送到类的侦听器实例.[org.springframework.web.context.ContextLoaderListener]
	org.springframework.beans.factory.BeanCreationException: Error creating bean with name 'grpcSpanReceiver' defined in class path resource [applicationContext-collector-grpc.xml]: Invocation of init method failed; nested exception is java.io.IOException: Failed to bind
		at org.springframework.beans.factory.support.AbstractAutowireCapableBeanFactory.initializeBean(AbstractAutowireCapableBeanFactory.java:1631)
		at org.springframework.beans.factory.support.AbstractAutowireCapableBeanFactory.doCreateBean(AbstractAutowireCapableBeanFactory.java:553)
		at org.springframework.beans.factory.support.AbstractAutowireCapableBeanFactory.createBean(AbstractAutowireCapableBeanFactory.java:481)
		at org.springframework.beans.factory.support.AbstractBeanFactory$1.getObject(AbstractBeanFactory.java:312)
		at org.springframework.beans.factory.support.DefaultSingletonBeanRegistry.getSingleton(DefaultSingletonBeanRegistry.java:230)
		at org.springframework.beans.factory.support.AbstractBeanFactory.doGetBean(AbstractBeanFactory.java:308)
		at org.springframework.beans.factory.support.AbstractBeanFactory.getBean(AbstractBeanFactory.java:197)
		at org.springframework.beans.factory.support.DefaultListableBeanFactory.preInstantiateSingletons(DefaultListableBeanFactory.java:761)
		at org.springframework.context.support.AbstractApplicationContext.finishBeanFactoryInitialization(AbstractApplicationContext.java:867)
		at org.springframework.context.support.AbstractApplicationContext.refresh(AbstractApplicationContext.java:543)
		at org.springframework.web.context.ContextLoader.configureAndRefreshWebApplicationContext(ContextLoader.java:443)
		at org.springframework.web.context.ContextLoader.initWebApplicationContext(ContextLoader.java:325)
		at org.springframework.web.context.ContextLoaderListener.contextInitialized(ContextLoaderListener.java:107)
		at org.apache.catalina.core.StandardContext.listenerStart(StandardContext.java:4689)
		at org.apache.catalina.core.StandardContext.startInternal(StandardContext.java:5155)
		at org.apache.catalina.util.LifecycleBase.start(LifecycleBase.java:183)
		at org.apache.catalina.core.ContainerBase.addChildInternal(ContainerBase.java:743)
		at org.apache.catalina.core.ContainerBase.addChild(ContainerBase.java:719)
		at org.apache.catalina.core.StandardHost.addChild(StandardHost.java:705)
		at org.apache.catalina.startup.HostConfig.deployWAR(HostConfig.java:970)
		at org.apache.catalina.startup.HostConfig$DeployWar.run(HostConfig.java:1840)
		at java.util.concurrent.Executors$RunnableAdapter.call(Executors.java:511)
		at java.util.concurrent.FutureTask.run(FutureTask.java:266)
		at java.util.concurrent.ThreadPoolExecutor.runWorker(ThreadPoolExecutor.java:1149)
		at java.util.concurrent.ThreadPoolExecutor$Worker.run(ThreadPoolExecutor.java:624)
		at java.lang.Thread.run(Thread.java:748)
	Caused by: java.io.IOException: Failed to bind
		at io.grpc.netty.NettyServer.start(NettyServer.java:252)
		at io.grpc.internal.ServerImpl.start(ServerImpl.java:163)
		at io.grpc.internal.ServerImpl.start(ServerImpl.java:78)
		at com.navercorp.pinpoint.collector.receiver.grpc.GrpcReceiver.afterPropertiesSet(GrpcReceiver.java:116)
		at org.springframework.beans.factory.support.AbstractAutowireCapableBeanFactory.invokeInitMethods(AbstractAutowireCapableBeanFactory.java:1689)
		at org.springframework.beans.factory.support.AbstractAutowireCapableBeanFactory.initializeBean(AbstractAutowireCapableBeanFactory.java:1627)
		... 25 more
	Caused by: java.net.BindException: Address already in use
		at sun.nio.ch.Net.bind0(Native Method)
		at sun.nio.ch.Net.bind(Net.java:444)
		at sun.nio.ch.Net.bind(Net.java:436)
		at sun.nio.ch.ServerSocketChannelImpl.bind(ServerSocketChannelImpl.java:225)
		at io.netty.channel.socket.nio.NioServerSocketChannel.doBind(NioServerSocketChannel.java:134)
		at io.netty.channel.AbstractChannel$AbstractUnsafe.bind(AbstractChannel.java:550)
		at io.netty.channel.DefaultChannelPipeline$HeadContext.bind(DefaultChannelPipeline.java:1334)
		at io.netty.channel.AbstractChannelHandlerContext.invokeBind(AbstractChannelHandlerContext.java:504)
		at io.netty.channel.AbstractChannelHandlerContext.bind(AbstractChannelHandlerContext.java:489)
		at io.netty.channel.DefaultChannelPipeline.bind(DefaultChannelPipeline.java:973)
		at io.netty.channel.AbstractChannel.bind(AbstractChannel.java:248)
		at io.netty.bootstrap.AbstractBootstrap$2.run(AbstractBootstrap.java:348)
		at io.netty.util.concurrent.AbstractEventExecutor.safeExecute(AbstractEventExecutor.java:164)
		at io.netty.util.concurrent.SingleThreadEventExecutor.runAllTasks(SingleThreadEventExecutor.java:472)
		at io.netty.channel.nio.NioEventLoop.run(NioEventLoop.java:500)
		at io.netty.util.concurrent.SingleThreadEventExecutor$4.run(SingleThreadEventExecutor.java:989)
		at io.netty.util.internal.ThreadExecutorMap$2.run(ThreadExecutorMap.java:74)
		... 3 more
01-Sep-2020 13:54:28.425 信息 [localhost-startStop-1] org.apache.catalina.core.ApplicationContext.log Closing Spring root WebApplicationContext
01-Sep-2020 13:54:28.431 信息 [localhost-startStop-1] org.apache.catalina.core.ApplicationContext.log Shutting down log4j
01-Sep-2020 13:55:48.456 严重 [localhost-startStop-1] org.apache.catalina.core.StandardContext.listenerStart 异常将上下文初始化事件发送到类的侦听器实例.[org.springframework.web.context.ContextLoaderListener]
	org.springframework.beans.factory.BeanCreationException: Error creating bean with name 'grpcSpanReceiver' defined in class path resource [applicationContext-collector-grpc.xml]: Invocation of init method failed; nested exception is java.io.IOException: Failed to bind
		at org.springframework.beans.factory.support.AbstractAutowireCapableBeanFactory.initializeBean(AbstractAutowireCapableBeanFactory.java:1631)
		at org.springframework.beans.factory.support.AbstractAutowireCapableBeanFactory.doCreateBean(AbstractAutowireCapableBeanFactory.java:553)
		at org.springframework.beans.factory.support.AbstractAutowireCapableBeanFactory.createBean(AbstractAutowireCapableBeanFactory.java:481)
		at org.springframework.beans.factory.support.AbstractBeanFactory$1.getObject(AbstractBeanFactory.java:312)
		at org.springframework.beans.factory.support.DefaultSingletonBeanRegistry.getSingleton(DefaultSingletonBeanRegistry.java:230)
		at org.springframework.beans.factory.support.AbstractBeanFactory.doGetBean(AbstractBeanFactory.java:308)
		at org.springframework.beans.factory.support.AbstractBeanFactory.getBean(AbstractBeanFactory.java:197)
		at org.springframework.beans.factory.support.DefaultListableBeanFactory.preInstantiateSingletons(DefaultListableBeanFactory.java:761)
		at org.springframework.context.support.AbstractApplicationContext.finishBeanFactoryInitialization(AbstractApplicationContext.java:867)
		at org.springframework.context.support.AbstractApplicationContext.refresh(AbstractApplicationContext.java:543)
		at org.springframework.web.context.ContextLoader.configureAndRefreshWebApplicationContext(ContextLoader.java:443)
		at org.springframework.web.context.ContextLoader.initWebApplicationContext(ContextLoader.java:325)
		at org.springframework.web.context.ContextLoaderListener.contextInitialized(ContextLoaderListener.java:107)
		at org.apache.catalina.core.StandardContext.listenerStart(StandardContext.java:4689)
		at org.apache.catalina.core.StandardContext.startInternal(StandardContext.java:5155)
		at org.apache.catalina.util.LifecycleBase.start(LifecycleBase.java:183)
		at org.apache.catalina.core.ContainerBase.addChildInternal(ContainerBase.java:743)
		at org.apache.catalina.core.ContainerBase.addChild(ContainerBase.java:719)
		at org.apache.catalina.core.StandardHost.addChild(StandardHost.java:705)
		at org.apache.catalina.startup.HostConfig.deployWAR(HostConfig.java:970)
		at org.apache.catalina.startup.HostConfig$DeployWar.run(HostConfig.java:1840)
		at java.util.concurrent.Executors$RunnableAdapter.call(Executors.java:511)
		at java.util.concurrent.FutureTask.run(FutureTask.java:266)
		at java.util.concurrent.ThreadPoolExecutor.runWorker(ThreadPoolExecutor.java:1149)
		at java.util.concurrent.ThreadPoolExecutor$Worker.run(ThreadPoolExecutor.java:624)
		at java.lang.Thread.run(Thread.java:748)
	Caused by: java.io.IOException: Failed to bind
		at io.grpc.netty.NettyServer.start(NettyServer.java:252)
		at io.grpc.internal.ServerImpl.start(ServerImpl.java:163)
		at io.grpc.internal.ServerImpl.start(ServerImpl.java:78)
		at com.navercorp.pinpoint.collector.receiver.grpc.GrpcReceiver.afterPropertiesSet(GrpcReceiver.java:116)
		at org.springframework.beans.factory.support.AbstractAutowireCapableBeanFactory.invokeInitMethods(AbstractAutowireCapableBeanFactory.java:1689)
		at org.springframework.beans.factory.support.AbstractAutowireCapableBeanFactory.initializeBean(AbstractAutowireCapableBeanFactory.java:1627)
		... 25 more
	Caused by: java.net.BindException: Address already in use
		at sun.nio.ch.Net.bind0(Native Method)
		at sun.nio.ch.Net.bind(Net.java:444)
		at sun.nio.ch.Net.bind(Net.java:436)
		at sun.nio.ch.ServerSocketChannelImpl.bind(ServerSocketChannelImpl.java:225)
		at io.netty.channel.socket.nio.NioServerSocketChannel.doBind(NioServerSocketChannel.java:134)
		at io.netty.channel.AbstractChannel$AbstractUnsafe.bind(AbstractChannel.java:550)
		at io.netty.channel.DefaultChannelPipeline$HeadContext.bind(DefaultChannelPipeline.java:1334)
		at io.netty.channel.AbstractChannelHandlerContext.invokeBind(AbstractChannelHandlerContext.java:504)
		at io.netty.channel.AbstractChannelHandlerContext.bind(AbstractChannelHandlerContext.java:489)
		at io.netty.channel.DefaultChannelPipeline.bind(DefaultChannelPipeline.java:973)
		at io.netty.channel.AbstractChannel.bind(AbstractChannel.java:248)
		at io.netty.bootstrap.AbstractBootstrap$2.run(AbstractBootstrap.java:348)
		at io.netty.util.concurrent.AbstractEventExecutor.safeExecute(AbstractEventExecutor.java:164)
		at io.netty.util.concurrent.SingleThreadEventExecutor.runAllTasks(SingleThreadEventExecutor.java:472)
		at io.netty.channel.nio.NioEventLoop.run(NioEventLoop.java:500)
		at io.netty.util.concurrent.SingleThreadEventExecutor$4.run(SingleThreadEventExecutor.java:989)
		at io.netty.util.internal.ThreadExecutorMap$2.run(ThreadExecutorMap.java:74)
		... 3 more
01-Sep-2020 13:55:48.470 信息 [localhost-startStop-1] org.apache.catalina.core.ApplicationContext.log Closing Spring root WebApplicationContext
01-Sep-2020 13:55:48.476 信息 [localhost-startStop-1] org.apache.catalina.core.ApplicationContext.log Shutting down log4j
