2020-09-04 00:11:29 [INFO ](o.a.c.u.Compatibility              ) Running in ZooKeeper 3.4.x compatibility mode
2020-09-04 00:11:29 [INFO ](o.a.c.u.Compatibility              ) Using emulated InjectSessionExpiration
2020-09-04 00:11:29 [INFO ](o.a.c.f.i.CuratorFrameworkImpl     ) Starting
2020-09-04 00:11:34 [INFO ](o.a.c.f.i.CuratorFrameworkImpl     ) Default schema
2020-09-04 00:11:50 [INFO ](o.a.c.f.i.CuratorFrameworkImpl     ) backgroundOperationsLoop exiting
2020-09-04 00:13:28 [INFO ](o.a.c.u.Compatibility              ) Running in ZooKeeper 3.4.x compatibility mode
2020-09-04 00:13:28 [INFO ](o.a.c.u.Compatibility              ) Using emulated InjectSessionExpiration
2020-09-04 00:13:28 [INFO ](o.a.c.f.i.CuratorFrameworkImpl     ) Starting
2020-09-04 00:13:33 [INFO ](o.a.c.f.i.CuratorFrameworkImpl     ) Default schema
2020-09-04 00:15:04 [INFO ](o.a.c.f.i.CuratorFrameworkImpl     ) backgroundOperationsLoop exiting
2020-09-04 00:15:44 [INFO ](o.a.c.u.Compatibility              ) Running in ZooKeeper 3.4.x compatibility mode
2020-09-04 00:15:44 [INFO ](o.a.c.u.Compatibility              ) Using emulated InjectSessionExpiration
2020-09-04 00:15:44 [INFO ](o.a.c.f.i.CuratorFrameworkImpl     ) Starting
2020-09-04 00:15:49 [INFO ](o.a.c.f.i.CuratorFrameworkImpl     ) Default schema
2020-09-04 00:16:23 [INFO ](o.a.c.f.s.ConnectionStateManager   ) State change: CONNECTED
2020-09-04 00:17:59 [INFO ](o.a.c.f.i.CuratorFrameworkImpl     ) backgroundOperationsLoop exiting
2020-09-04 00:19:17 [INFO ](o.a.c.u.Compatibility              ) Running in ZooKeeper 3.4.x compatibility mode
2020-09-04 00:19:17 [INFO ](o.a.c.u.Compatibility              ) Using emulated InjectSessionExpiration
2020-09-04 00:19:17 [INFO ](o.a.c.f.i.CuratorFrameworkImpl     ) Starting
2020-09-04 00:19:22 [INFO ](o.a.c.f.i.CuratorFrameworkImpl     ) Default schema
2020-09-04 00:19:22 [INFO ](o.a.c.f.s.ConnectionStateManager   ) State change: CONNECTED
2020-09-04 00:21:19 [INFO ](o.a.c.f.i.CuratorFrameworkImpl     ) backgroundOperationsLoop exiting
