01-Sep-2020 13:46:00.980 信息 [ContainerBackgroundProcessor[StandardEngine[Catalina]]] org.apache.catalina.startup.HostConfig.undeploy 正在取消部署上下文[/pinpoint-web-2.0.4]
01-Sep-2020 13:46:41.424 信息 [main] org.apache.catalina.startup.VersionLoggerListener.log Server.服务器版本: Apache Tomcat/8.5.57
01-Sep-2020 13:46:41.433 信息 [main] org.apache.catalina.startup.VersionLoggerListener.log 服务器构建:        Jun 30 2020 21:49:10 UTC
01-Sep-2020 13:46:41.433 信息 [main] org.apache.catalina.startup.VersionLoggerListener.log 服务器版本号(:     8.5.57.0
01-Sep-2020 13:46:41.433 信息 [main] org.apache.catalina.startup.VersionLoggerListener.log 操作系统名称:      Mac OS X
01-Sep-2020 13:46:41.433 信息 [main] org.apache.catalina.startup.VersionLoggerListener.log OS.版本:           10.15.6
01-Sep-2020 13:46:41.433 信息 [main] org.apache.catalina.startup.VersionLoggerListener.log 架构:              x86_64
01-Sep-2020 13:46:41.433 信息 [main] org.apache.catalina.startup.VersionLoggerListener.log Java 环境变量:     /Library/Java/JavaVirtualMachines/jdk1.8.0_261.jdk/Contents/Home/jre
01-Sep-2020 13:46:41.433 信息 [main] org.apache.catalina.startup.VersionLoggerListener.log Java虚拟机版本:    1.8.0_261-b12
01-Sep-2020 13:46:41.434 信息 [main] org.apache.catalina.startup.VersionLoggerListener.log JVM.供应商:        Oracle Corporation
01-Sep-2020 13:46:41.434 信息 [main] org.apache.catalina.startup.VersionLoggerListener.log CATALINA_BASE:     /Users/zhangqi/Desktop/apache-tomcat-8.5.57
01-Sep-2020 13:46:41.435 信息 [main] org.apache.catalina.startup.VersionLoggerListener.log CATALINA_HOME:     /Users/zhangqi/Desktop/apache-tomcat-8.5.57
01-Sep-2020 13:46:41.436 信息 [main] org.apache.catalina.startup.VersionLoggerListener.log 命令行参数：-Djava.util.logging.config.file=/Users/zhangqi/Desktop/apache-tomcat-8.5.57/conf/logging.properties
01-Sep-2020 13:46:41.437 信息 [main] org.apache.catalina.startup.VersionLoggerListener.log 命令行参数：-Djava.util.logging.manager=org.apache.juli.ClassLoaderLogManager
01-Sep-2020 13:46:41.437 信息 [main] org.apache.catalina.startup.VersionLoggerListener.log 命令行参数：-Djdk.tls.ephemeralDHKeySize=2048
01-Sep-2020 13:46:41.437 信息 [main] org.apache.catalina.startup.VersionLoggerListener.log 命令行参数：-Djava.protocol.handler.pkgs=org.apache.catalina.webresources
01-Sep-2020 13:46:41.437 信息 [main] org.apache.catalina.startup.VersionLoggerListener.log 命令行参数：-Dorg.apache.catalina.security.SecurityListener.UMASK=0027
01-Sep-2020 13:46:41.443 信息 [main] org.apache.catalina.startup.VersionLoggerListener.log 命令行参数：-Dignore.endorsed.dirs=
01-Sep-2020 13:46:41.443 信息 [main] org.apache.catalina.startup.VersionLoggerListener.log 命令行参数：-Dcatalina.base=/Users/zhangqi/Desktop/apache-tomcat-8.5.57
01-Sep-2020 13:46:41.443 信息 [main] org.apache.catalina.startup.VersionLoggerListener.log 命令行参数：-Dcatalina.home=/Users/zhangqi/Desktop/apache-tomcat-8.5.57
01-Sep-2020 13:46:41.443 信息 [main] org.apache.catalina.startup.VersionLoggerListener.log 命令行参数：-Djava.io.tmpdir=/Users/zhangqi/Desktop/apache-tomcat-8.5.57/temp
01-Sep-2020 13:46:41.443 信息 [main] org.apache.catalina.core.AprLifecycleListener.lifecycleEvent 在java.library.path:[/Users/zhangqi/Library/Java/Extensions:/Library/Java/Extensions:/Network/Library/Java/Extensions:/System/Library/Java/Extensions:/usr/lib/java:.]上找不到基于APR的Apache Tomcat本机库，该库允许在生产环境中获得最佳性能
01-Sep-2020 13:46:41.787 信息 [main] org.apache.coyote.AbstractProtocol.init 初始化协议处理器 ["http-nio-8081"]
01-Sep-2020 13:46:41.818 信息 [main] org.apache.tomcat.util.net.NioSelectorPool.getSharedSelector Using a shared selector for servlet write/read
01-Sep-2020 13:46:41.872 信息 [main] org.apache.catalina.startup.Catalina.load Initialization processed in 1210 ms
01-Sep-2020 13:46:41.940 信息 [main] org.apache.catalina.core.StandardService.startInternal 正在启动服务[Catalina]
01-Sep-2020 13:46:41.940 信息 [main] org.apache.catalina.core.StandardEngine.startInternal Starting Servlet Engine: Apache Tomcat/8.5.57
01-Sep-2020 13:46:41.972 信息 [localhost-startStop-1] org.apache.catalina.startup.HostConfig.deployWAR 正在部署web应用程序存档文件[/Users/zhangqi/Desktop/apache-tomcat-8.5.57/webapps/pinpoint-collector-2.0.4.war]
01-Sep-2020 13:46:51.540 信息 [localhost-startStop-1] org.apache.jasper.servlet.TldScanner.scanJars 至少有一个JAR被扫描用于TLD但尚未包含TLD。 为此记录器启用调试日志记录，以获取已扫描但未在其中找到TLD的完整JAR列表。 在扫描期间跳过不需要的JAR可以缩短启动时间和JSP编译时间。
01-Sep-2020 13:49:16.897 信息 [main] org.apache.catalina.core.StandardServer.await 通过关闭端口接收到有效的关闭命令。正在停止服务器实例。
01-Sep-2020 13:49:16.913 信息 [main] org.apache.coyote.AbstractProtocol.pause 暂停ProtocolHandler["http-nio-8081"]
01-Sep-2020 13:49:16.914 信息 [main] org.apache.catalina.core.StandardService.stopInternal 正在停止服务[Catalina]
01-Sep-2020 13:49:16.936 信息 [main] org.apache.coyote.AbstractProtocol.stop 正在停止ProtocolHandler ["http-nio-8081"]
01-Sep-2020 13:49:16.937 信息 [main] org.apache.coyote.AbstractProtocol.destroy 正在摧毁协议处理器 ["http-nio-8081"]
01-Sep-2020 13:49:20.581 信息 [main] org.apache.catalina.startup.VersionLoggerListener.log Server.服务器版本: Apache Tomcat/8.5.57
01-Sep-2020 13:49:20.585 信息 [main] org.apache.catalina.startup.VersionLoggerListener.log 服务器构建:        Jun 30 2020 21:49:10 UTC
01-Sep-2020 13:49:20.586 信息 [main] org.apache.catalina.startup.VersionLoggerListener.log 服务器版本号(:     8.5.57.0
01-Sep-2020 13:49:20.586 信息 [main] org.apache.catalina.startup.VersionLoggerListener.log 操作系统名称:      Mac OS X
01-Sep-2020 13:49:20.586 信息 [main] org.apache.catalina.startup.VersionLoggerListener.log OS.版本:           10.15.6
01-Sep-2020 13:49:20.586 信息 [main] org.apache.catalina.startup.VersionLoggerListener.log 架构:              x86_64
01-Sep-2020 13:49:20.586 信息 [main] org.apache.catalina.startup.VersionLoggerListener.log Java 环境变量:     /Library/Java/JavaVirtualMachines/jdk1.8.0_261.jdk/Contents/Home/jre
01-Sep-2020 13:49:20.586 信息 [main] org.apache.catalina.startup.VersionLoggerListener.log Java虚拟机版本:    1.8.0_261-b12
01-Sep-2020 13:49:20.586 信息 [main] org.apache.catalina.startup.VersionLoggerListener.log JVM.供应商:        Oracle Corporation
01-Sep-2020 13:49:20.587 信息 [main] org.apache.catalina.startup.VersionLoggerListener.log CATALINA_BASE:     /Users/zhangqi/Desktop/apache-tomcat-8.5.57
01-Sep-2020 13:49:20.587 信息 [main] org.apache.catalina.startup.VersionLoggerListener.log CATALINA_HOME:     /Users/zhangqi/Desktop/apache-tomcat-8.5.57
01-Sep-2020 13:49:20.590 信息 [main] org.apache.catalina.startup.VersionLoggerListener.log 命令行参数：-Djava.util.logging.config.file=/Users/zhangqi/Desktop/apache-tomcat-8.5.57/conf/logging.properties
01-Sep-2020 13:49:20.591 信息 [main] org.apache.catalina.startup.VersionLoggerListener.log 命令行参数：-Djava.util.logging.manager=org.apache.juli.ClassLoaderLogManager
01-Sep-2020 13:49:20.591 信息 [main] org.apache.catalina.startup.VersionLoggerListener.log 命令行参数：-Djdk.tls.ephemeralDHKeySize=2048
01-Sep-2020 13:49:20.591 信息 [main] org.apache.catalina.startup.VersionLoggerListener.log 命令行参数：-Djava.protocol.handler.pkgs=org.apache.catalina.webresources
01-Sep-2020 13:49:20.591 信息 [main] org.apache.catalina.startup.VersionLoggerListener.log 命令行参数：-Dorg.apache.catalina.security.SecurityListener.UMASK=0027
01-Sep-2020 13:49:20.591 信息 [main] org.apache.catalina.startup.VersionLoggerListener.log 命令行参数：-Dignore.endorsed.dirs=
01-Sep-2020 13:49:20.591 信息 [main] org.apache.catalina.startup.VersionLoggerListener.log 命令行参数：-Dcatalina.base=/Users/zhangqi/Desktop/apache-tomcat-8.5.57
01-Sep-2020 13:49:20.591 信息 [main] org.apache.catalina.startup.VersionLoggerListener.log 命令行参数：-Dcatalina.home=/Users/zhangqi/Desktop/apache-tomcat-8.5.57
01-Sep-2020 13:49:20.592 信息 [main] org.apache.catalina.startup.VersionLoggerListener.log 命令行参数：-Djava.io.tmpdir=/Users/zhangqi/Desktop/apache-tomcat-8.5.57/temp
01-Sep-2020 13:49:20.592 信息 [main] org.apache.catalina.core.AprLifecycleListener.lifecycleEvent 在java.library.path:[/Users/zhangqi/Library/Java/Extensions:/Library/Java/Extensions:/Network/Library/Java/Extensions:/System/Library/Java/Extensions:/usr/lib/java:.]上找不到基于APR的Apache Tomcat本机库，该库允许在生产环境中获得最佳性能
01-Sep-2020 13:49:20.840 信息 [main] org.apache.coyote.AbstractProtocol.init 初始化协议处理器 ["http-nio-8081"]
01-Sep-2020 13:49:20.868 严重 [main] org.apache.catalina.core.StandardService.initInternal Failed to initialize connector [Connector[HTTP/1.1-8081]]
	org.apache.catalina.LifecycleException: 协议处理程序初始化失败
		at org.apache.catalina.connector.Connector.initInternal(Connector.java:1077)
		at org.apache.catalina.util.LifecycleBase.init(LifecycleBase.java:136)
		at org.apache.catalina.core.StandardService.initInternal(StandardService.java:552)
		at org.apache.catalina.util.LifecycleBase.init(LifecycleBase.java:136)
		at org.apache.catalina.core.StandardServer.initInternal(StandardServer.java:848)
		at org.apache.catalina.util.LifecycleBase.init(LifecycleBase.java:136)
		at org.apache.catalina.startup.Catalina.load(Catalina.java:639)
		at org.apache.catalina.startup.Catalina.load(Catalina.java:662)
		at sun.reflect.NativeMethodAccessorImpl.invoke0(Native Method)
		at sun.reflect.NativeMethodAccessorImpl.invoke(NativeMethodAccessorImpl.java:62)
		at sun.reflect.DelegatingMethodAccessorImpl.invoke(DelegatingMethodAccessorImpl.java:43)
		at java.lang.reflect.Method.invoke(Method.java:498)
		at org.apache.catalina.startup.Bootstrap.load(Bootstrap.java:302)
		at org.apache.catalina.startup.Bootstrap.main(Bootstrap.java:472)
	Caused by: java.net.BindException: Address already in use
		at sun.nio.ch.Net.bind0(Native Method)
		at sun.nio.ch.Net.bind(Net.java:444)
		at sun.nio.ch.Net.bind(Net.java:436)
		at sun.nio.ch.ServerSocketChannelImpl.bind(ServerSocketChannelImpl.java:225)
		at sun.nio.ch.ServerSocketAdaptor.bind(ServerSocketAdaptor.java:74)
		at org.apache.tomcat.util.net.NioEndpoint.bind(NioEndpoint.java:221)
		at org.apache.tomcat.util.net.AbstractEndpoint.init(AbstractEndpoint.java:1118)
		at org.apache.tomcat.util.net.AbstractJsseEndpoint.init(AbstractJsseEndpoint.java:222)
		at org.apache.coyote.AbstractProtocol.init(AbstractProtocol.java:587)
		at org.apache.coyote.http11.AbstractHttp11Protocol.init(AbstractHttp11Protocol.java:74)
		at org.apache.catalina.connector.Connector.initInternal(Connector.java:1075)
		... 13 more
01-Sep-2020 13:49:20.872 信息 [main] org.apache.catalina.startup.Catalina.load Initialization processed in 959 ms
01-Sep-2020 13:49:20.934 信息 [main] org.apache.catalina.core.StandardService.startInternal 正在启动服务[Catalina]
01-Sep-2020 13:49:20.935 信息 [main] org.apache.catalina.core.StandardEngine.startInternal Starting Servlet Engine: Apache Tomcat/8.5.57
01-Sep-2020 13:49:20.959 信息 [localhost-startStop-1] org.apache.catalina.startup.HostConfig.deployWAR 正在部署web应用程序存档文件[/Users/zhangqi/Desktop/apache-tomcat-8.5.57/webapps/pinpoint-collector-2.0.4.war]
01-Sep-2020 13:49:29.421 信息 [localhost-startStop-1] org.apache.jasper.servlet.TldScanner.scanJars 至少有一个JAR被扫描用于TLD但尚未包含TLD。 为此记录器启用调试日志记录，以获取已扫描但未在其中找到TLD的完整JAR列表。 在扫描期间跳过不需要的JAR可以缩短启动时间和JSP编译时间。
01-Sep-2020 13:50:38.241 信息 [main] org.apache.catalina.startup.VersionLoggerListener.log Server.服务器版本: Apache Tomcat/8.5.57
01-Sep-2020 13:50:38.245 信息 [main] org.apache.catalina.startup.VersionLoggerListener.log 服务器构建:        Jun 30 2020 21:49:10 UTC
01-Sep-2020 13:50:38.245 信息 [main] org.apache.catalina.startup.VersionLoggerListener.log 服务器版本号(:     8.5.57.0
01-Sep-2020 13:50:38.245 信息 [main] org.apache.catalina.startup.VersionLoggerListener.log 操作系统名称:      Mac OS X
01-Sep-2020 13:50:38.246 信息 [main] org.apache.catalina.startup.VersionLoggerListener.log OS.版本:           10.15.6
01-Sep-2020 13:50:38.246 信息 [main] org.apache.catalina.startup.VersionLoggerListener.log 架构:              x86_64
01-Sep-2020 13:50:38.246 信息 [main] org.apache.catalina.startup.VersionLoggerListener.log Java 环境变量:     /Library/Java/JavaVirtualMachines/jdk1.8.0_261.jdk/Contents/Home/jre
01-Sep-2020 13:50:38.246 信息 [main] org.apache.catalina.startup.VersionLoggerListener.log Java虚拟机版本:    1.8.0_261-b12
01-Sep-2020 13:50:38.246 信息 [main] org.apache.catalina.startup.VersionLoggerListener.log JVM.供应商:        Oracle Corporation
01-Sep-2020 13:50:38.246 信息 [main] org.apache.catalina.startup.VersionLoggerListener.log CATALINA_BASE:     /Users/zhangqi/Desktop/apache-tomcat-8.5.57
01-Sep-2020 13:50:38.250 信息 [main] org.apache.catalina.startup.VersionLoggerListener.log CATALINA_HOME:     /Users/zhangqi/Desktop/apache-tomcat-8.5.57
01-Sep-2020 13:50:38.251 信息 [main] org.apache.catalina.startup.VersionLoggerListener.log 命令行参数：-Djava.util.logging.config.file=/Users/zhangqi/Desktop/apache-tomcat-8.5.57/conf/logging.properties
01-Sep-2020 13:50:38.252 信息 [main] org.apache.catalina.startup.VersionLoggerListener.log 命令行参数：-Djava.util.logging.manager=org.apache.juli.ClassLoaderLogManager
01-Sep-2020 13:50:38.252 信息 [main] org.apache.catalina.startup.VersionLoggerListener.log 命令行参数：-Djdk.tls.ephemeralDHKeySize=2048
01-Sep-2020 13:50:38.252 信息 [main] org.apache.catalina.startup.VersionLoggerListener.log 命令行参数：-Djava.protocol.handler.pkgs=org.apache.catalina.webresources
01-Sep-2020 13:50:38.252 信息 [main] org.apache.catalina.startup.VersionLoggerListener.log 命令行参数：-Dorg.apache.catalina.security.SecurityListener.UMASK=0027
01-Sep-2020 13:50:38.252 信息 [main] org.apache.catalina.startup.VersionLoggerListener.log 命令行参数：-Dignore.endorsed.dirs=
01-Sep-2020 13:50:38.252 信息 [main] org.apache.catalina.startup.VersionLoggerListener.log 命令行参数：-Dcatalina.base=/Users/zhangqi/Desktop/apache-tomcat-8.5.57
01-Sep-2020 13:50:38.253 信息 [main] org.apache.catalina.startup.VersionLoggerListener.log 命令行参数：-Dcatalina.home=/Users/zhangqi/Desktop/apache-tomcat-8.5.57
01-Sep-2020 13:50:38.253 信息 [main] org.apache.catalina.startup.VersionLoggerListener.log 命令行参数：-Djava.io.tmpdir=/Users/zhangqi/Desktop/apache-tomcat-8.5.57/temp
01-Sep-2020 13:50:38.253 信息 [main] org.apache.catalina.core.AprLifecycleListener.lifecycleEvent 在java.library.path:[/Users/zhangqi/Library/Java/Extensions:/Library/Java/Extensions:/Network/Library/Java/Extensions:/System/Library/Java/Extensions:/usr/lib/java:.]上找不到基于APR的Apache Tomcat本机库，该库允许在生产环境中获得最佳性能
01-Sep-2020 13:50:38.470 信息 [main] org.apache.coyote.AbstractProtocol.init 初始化协议处理器 ["http-nio-8081"]
01-Sep-2020 13:50:38.490 严重 [main] org.apache.catalina.core.StandardService.initInternal Failed to initialize connector [Connector[HTTP/1.1-8081]]
	org.apache.catalina.LifecycleException: 协议处理程序初始化失败
		at org.apache.catalina.connector.Connector.initInternal(Connector.java:1077)
		at org.apache.catalina.util.LifecycleBase.init(LifecycleBase.java:136)
		at org.apache.catalina.core.StandardService.initInternal(StandardService.java:552)
		at org.apache.catalina.util.LifecycleBase.init(LifecycleBase.java:136)
		at org.apache.catalina.core.StandardServer.initInternal(StandardServer.java:848)
		at org.apache.catalina.util.LifecycleBase.init(LifecycleBase.java:136)
		at org.apache.catalina.startup.Catalina.load(Catalina.java:639)
		at org.apache.catalina.startup.Catalina.load(Catalina.java:662)
		at sun.reflect.NativeMethodAccessorImpl.invoke0(Native Method)
		at sun.reflect.NativeMethodAccessorImpl.invoke(NativeMethodAccessorImpl.java:62)
		at sun.reflect.DelegatingMethodAccessorImpl.invoke(DelegatingMethodAccessorImpl.java:43)
		at java.lang.reflect.Method.invoke(Method.java:498)
		at org.apache.catalina.startup.Bootstrap.load(Bootstrap.java:302)
		at org.apache.catalina.startup.Bootstrap.main(Bootstrap.java:472)
	Caused by: java.net.BindException: Address already in use
		at sun.nio.ch.Net.bind0(Native Method)
		at sun.nio.ch.Net.bind(Net.java:444)
		at sun.nio.ch.Net.bind(Net.java:436)
		at sun.nio.ch.ServerSocketChannelImpl.bind(ServerSocketChannelImpl.java:225)
		at sun.nio.ch.ServerSocketAdaptor.bind(ServerSocketAdaptor.java:74)
		at org.apache.tomcat.util.net.NioEndpoint.bind(NioEndpoint.java:221)
		at org.apache.tomcat.util.net.AbstractEndpoint.init(AbstractEndpoint.java:1118)
		at org.apache.tomcat.util.net.AbstractJsseEndpoint.init(AbstractJsseEndpoint.java:222)
		at org.apache.coyote.AbstractProtocol.init(AbstractProtocol.java:587)
		at org.apache.coyote.http11.AbstractHttp11Protocol.init(AbstractHttp11Protocol.java:74)
		at org.apache.catalina.connector.Connector.initInternal(Connector.java:1075)
		... 13 more
01-Sep-2020 13:50:38.491 信息 [main] org.apache.catalina.startup.Catalina.load Initialization processed in 874 ms
01-Sep-2020 13:50:38.543 信息 [main] org.apache.catalina.core.StandardService.startInternal 正在启动服务[Catalina]
01-Sep-2020 13:50:38.543 信息 [main] org.apache.catalina.core.StandardEngine.startInternal Starting Servlet Engine: Apache Tomcat/8.5.57
01-Sep-2020 13:50:38.570 信息 [localhost-startStop-1] org.apache.catalina.startup.HostConfig.deployWAR 正在部署web应用程序存档文件[/Users/zhangqi/Desktop/apache-tomcat-8.5.57/webapps/pinpoint-collector-2.0.4.war]
01-Sep-2020 13:50:50.953 信息 [localhost-startStop-1] org.apache.jasper.servlet.TldScanner.scanJars 至少有一个JAR被扫描用于TLD但尚未包含TLD。 为此记录器启用调试日志记录，以获取已扫描但未在其中找到TLD的完整JAR列表。 在扫描期间跳过不需要的JAR可以缩短启动时间和JSP编译时间。
01-Sep-2020 13:51:47.732 严重 [localhost-startStop-1] org.apache.catalina.core.StandardContext.startInternal 一个或多个listeners启动失败，更多详细信息查看对应的容器日志文件
01-Sep-2020 13:51:47.740 严重 [localhost-startStop-1] org.apache.catalina.core.StandardContext.startInternal 由于之前的错误，Context[/pinpoint-collector-2.0.4]启动失败
01-Sep-2020 13:51:47.759 警告 [localhost-startStop-1] org.apache.catalina.loader.WebappClassLoaderBase.clearReferencesThreads Web应用程序[pinpoint-collector-2.0.4]似乎启动了一个名为[Pinpoint-grpcSpanReceiver-Channel-Boss(9-0)]的线程，但未能停止它。这很可能会造成内存泄漏。线程的堆栈跟踪：[
 sun.nio.ch.KQueueArrayWrapper.kevent0(Native Method)
 sun.nio.ch.KQueueArrayWrapper.poll(KQueueArrayWrapper.java:198)
 sun.nio.ch.KQueueSelectorImpl.doSelect(KQueueSelectorImpl.java:117)
 sun.nio.ch.SelectorImpl.lockAndDoSelect(SelectorImpl.java:86)
 sun.nio.ch.SelectorImpl.select(SelectorImpl.java:97)
 sun.nio.ch.SelectorImpl.select(SelectorImpl.java:101)
 io.netty.channel.nio.SelectedSelectionKeySetSelector.select(SelectedSelectionKeySetSelector.java:68)
 io.netty.channel.nio.NioEventLoop.select(NioEventLoop.java:803)
 io.netty.channel.nio.NioEventLoop.run(NioEventLoop.java:457)
 io.netty.util.concurrent.SingleThreadEventExecutor$4.run(SingleThreadEventExecutor.java:989)
 io.netty.util.internal.ThreadExecutorMap$2.run(ThreadExecutorMap.java:74)
 java.util.concurrent.ThreadPoolExecutor.runWorker(ThreadPoolExecutor.java:1149)
 java.util.concurrent.ThreadPoolExecutor$Worker.run(ThreadPoolExecutor.java:624)
 java.lang.Thread.run(Thread.java:748)]
01-Sep-2020 13:51:47.760 严重 [localhost-startStop-1] org.apache.catalina.loader.WebappClassLoaderBase.checkThreadLocalMapForLeaks web应用程序[pinpoint-collector-2.0.4]创建了一个ThreadLocal，其键类型为[java.lang.ThreadLocal]（值为[java.lang.ThreadLocal@16fd9e68]），值类型为[io.netty.util.internal.InternalThreadLocalMap]（值为[io.netty.util.internal.InternalThreadLocalMap@5ea2758e），但在停止web应用程序时未能将其删除。线程将随着时间的推移而更新，以尝试避免可能的内存泄漏
01-Sep-2020 13:51:47.761 严重 [localhost-startStop-1] org.apache.catalina.loader.WebappClassLoaderBase.checkThreadLocalMapForLeaks web应用程序[pinpoint-collector-2.0.4]创建了一个ThreadLocal，其键类型为[java.lang.ThreadLocal]（值为[java.lang.ThreadLocal@16fd9e68]），值类型为[io.netty.util.internal.InternalThreadLocalMap]（值为[io.netty.util.internal.InternalThreadLocalMap@1be1aa08），但在停止web应用程序时未能将其删除。线程将随着时间的推移而更新，以尝试避免可能的内存泄漏
01-Sep-2020 13:51:47.770 信息 [localhost-startStop-1] org.apache.catalina.startup.HostConfig.deployWAR web应用程序存档文件[/Users/zhangqi/Desktop/apache-tomcat-8.5.57/webapps/pinpoint-collector-2.0.4.war]的部署已在[305,796]ms内完成
01-Sep-2020 13:51:47.773 信息 [main] org.apache.coyote.AbstractProtocol.start 开始协议处理句柄["http-nio-8081"]
01-Sep-2020 13:51:47.785 信息 [main] org.apache.catalina.startup.Catalina.start Server startup in 305903 ms
01-Sep-2020 13:54:28.411 严重 [localhost-startStop-1] org.apache.catalina.core.StandardContext.startInternal 一个或多个listeners启动失败，更多详细信息查看对应的容器日志文件
01-Sep-2020 13:54:28.418 严重 [localhost-startStop-1] org.apache.catalina.core.StandardContext.startInternal 由于之前的错误，Context[/pinpoint-collector-2.0.4]启动失败
01-Sep-2020 13:54:28.439 警告 [localhost-startStop-1] org.apache.catalina.loader.WebappClassLoaderBase.clearReferencesThreads Web应用程序[pinpoint-collector-2.0.4]似乎启动了一个名为[Pinpoint-grpcSpanReceiver-Channel-Boss(9-0)]的线程，但未能停止它。这很可能会造成内存泄漏。线程的堆栈跟踪：[
 sun.nio.ch.KQueueArrayWrapper.kevent0(Native Method)
 sun.nio.ch.KQueueArrayWrapper.poll(KQueueArrayWrapper.java:198)
 sun.nio.ch.KQueueSelectorImpl.doSelect(KQueueSelectorImpl.java:117)
 sun.nio.ch.SelectorImpl.lockAndDoSelect(SelectorImpl.java:86)
 sun.nio.ch.SelectorImpl.select(SelectorImpl.java:97)
 sun.nio.ch.SelectorImpl.select(SelectorImpl.java:101)
 io.netty.channel.nio.SelectedSelectionKeySetSelector.select(SelectedSelectionKeySetSelector.java:68)
 io.netty.channel.nio.NioEventLoop.select(NioEventLoop.java:803)
 io.netty.channel.nio.NioEventLoop.run(NioEventLoop.java:457)
 io.netty.util.concurrent.SingleThreadEventExecutor$4.run(SingleThreadEventExecutor.java:989)
 io.netty.util.internal.ThreadExecutorMap$2.run(ThreadExecutorMap.java:74)
 java.util.concurrent.ThreadPoolExecutor.runWorker(ThreadPoolExecutor.java:1149)
 java.util.concurrent.ThreadPoolExecutor$Worker.run(ThreadPoolExecutor.java:624)
 java.lang.Thread.run(Thread.java:748)]
01-Sep-2020 13:54:28.439 严重 [localhost-startStop-1] org.apache.catalina.loader.WebappClassLoaderBase.checkThreadLocalMapForLeaks web应用程序[pinpoint-collector-2.0.4]创建了一个ThreadLocal，其键类型为[java.lang.ThreadLocal]（值为[java.lang.ThreadLocal@28604bee]），值类型为[io.netty.util.internal.InternalThreadLocalMap]（值为[io.netty.util.internal.InternalThreadLocalMap@1f164ab5），但在停止web应用程序时未能将其删除。线程将随着时间的推移而更新，以尝试避免可能的内存泄漏
01-Sep-2020 13:54:28.440 严重 [localhost-startStop-1] org.apache.catalina.loader.WebappClassLoaderBase.checkThreadLocalMapForLeaks web应用程序[pinpoint-collector-2.0.4]创建了一个ThreadLocal，其键类型为[java.lang.ThreadLocal]（值为[java.lang.ThreadLocal@28604bee]），值类型为[io.netty.util.internal.InternalThreadLocalMap]（值为[io.netty.util.internal.InternalThreadLocalMap@3fd38cc1），但在停止web应用程序时未能将其删除。线程将随着时间的推移而更新，以尝试避免可能的内存泄漏
01-Sep-2020 13:54:28.448 信息 [localhost-startStop-1] org.apache.catalina.startup.HostConfig.deployWAR web应用程序存档文件[/Users/zhangqi/Desktop/apache-tomcat-8.5.57/webapps/pinpoint-collector-2.0.4.war]的部署已在[307,487]ms内完成
01-Sep-2020 13:54:28.450 信息 [main] org.apache.catalina.startup.Catalina.start Server startup in 307568 ms
01-Sep-2020 13:54:28.452 严重 [main] org.apache.catalina.core.StandardServer.await StandardServer.await: create[localhost:8005]: 
	java.net.BindException: Address already in use (Bind failed)
		at java.net.PlainSocketImpl.socketBind(Native Method)
		at java.net.AbstractPlainSocketImpl.bind(AbstractPlainSocketImpl.java:513)
		at java.net.ServerSocket.bind(ServerSocket.java:375)
		at java.net.ServerSocket.<init>(ServerSocket.java:237)
		at org.apache.catalina.core.StandardServer.await(StandardServer.java:421)
		at org.apache.catalina.startup.Catalina.await(Catalina.java:776)
		at org.apache.catalina.startup.Catalina.start(Catalina.java:722)
		at sun.reflect.NativeMethodAccessorImpl.invoke0(Native Method)
		at sun.reflect.NativeMethodAccessorImpl.invoke(NativeMethodAccessorImpl.java:62)
		at sun.reflect.DelegatingMethodAccessorImpl.invoke(DelegatingMethodAccessorImpl.java:43)
		at java.lang.reflect.Method.invoke(Method.java:498)
		at org.apache.catalina.startup.Bootstrap.start(Bootstrap.java:342)
		at org.apache.catalina.startup.Bootstrap.main(Bootstrap.java:473)
01-Sep-2020 13:54:28.453 信息 [main] org.apache.coyote.AbstractProtocol.pause 暂停ProtocolHandler["http-nio-8081"]
01-Sep-2020 13:54:28.453 信息 [main] org.apache.catalina.core.StandardService.stopInternal 正在停止服务[Catalina]
01-Sep-2020 13:54:28.455 信息 [main] org.apache.coyote.AbstractProtocol.stop 正在停止ProtocolHandler ["http-nio-8081"]
01-Sep-2020 13:54:28.455 信息 [main] org.apache.coyote.AbstractProtocol.destroy 正在摧毁协议处理器 ["http-nio-8081"]
01-Sep-2020 13:55:48.456 严重 [localhost-startStop-1] org.apache.catalina.core.StandardContext.startInternal 一个或多个listeners启动失败，更多详细信息查看对应的容器日志文件
01-Sep-2020 13:55:48.465 严重 [localhost-startStop-1] org.apache.catalina.core.StandardContext.startInternal 由于之前的错误，Context[/pinpoint-collector-2.0.4]启动失败
01-Sep-2020 13:55:48.484 警告 [localhost-startStop-1] org.apache.catalina.loader.WebappClassLoaderBase.clearReferencesThreads Web应用程序[pinpoint-collector-2.0.4]似乎启动了一个名为[Pinpoint-grpcSpanReceiver-Channel-Boss(9-0)]的线程，但未能停止它。这很可能会造成内存泄漏。线程的堆栈跟踪：[
 sun.nio.ch.KQueueArrayWrapper.kevent0(Native Method)
 sun.nio.ch.KQueueArrayWrapper.poll(KQueueArrayWrapper.java:198)
 sun.nio.ch.KQueueSelectorImpl.doSelect(KQueueSelectorImpl.java:117)
 sun.nio.ch.SelectorImpl.lockAndDoSelect(SelectorImpl.java:86)
 sun.nio.ch.SelectorImpl.select(SelectorImpl.java:97)
 sun.nio.ch.SelectorImpl.select(SelectorImpl.java:101)
 io.netty.channel.nio.SelectedSelectionKeySetSelector.select(SelectedSelectionKeySetSelector.java:68)
 io.netty.channel.nio.NioEventLoop.select(NioEventLoop.java:803)
 io.netty.channel.nio.NioEventLoop.run(NioEventLoop.java:457)
 io.netty.util.concurrent.SingleThreadEventExecutor$4.run(SingleThreadEventExecutor.java:989)
 io.netty.util.internal.ThreadExecutorMap$2.run(ThreadExecutorMap.java:74)
 java.util.concurrent.ThreadPoolExecutor.runWorker(ThreadPoolExecutor.java:1149)
 java.util.concurrent.ThreadPoolExecutor$Worker.run(ThreadPoolExecutor.java:624)
 java.lang.Thread.run(Thread.java:748)]
01-Sep-2020 13:55:48.484 严重 [localhost-startStop-1] org.apache.catalina.loader.WebappClassLoaderBase.checkThreadLocalMapForLeaks web应用程序[pinpoint-collector-2.0.4]创建了一个ThreadLocal，其键类型为[java.lang.ThreadLocal]（值为[java.lang.ThreadLocal@55d816d2]），值类型为[io.netty.util.internal.InternalThreadLocalMap]（值为[io.netty.util.internal.InternalThreadLocalMap@4be965e5），但在停止web应用程序时未能将其删除。线程将随着时间的推移而更新，以尝试避免可能的内存泄漏
01-Sep-2020 13:55:48.485 严重 [localhost-startStop-1] org.apache.catalina.loader.WebappClassLoaderBase.checkThreadLocalMapForLeaks web应用程序[pinpoint-collector-2.0.4]创建了一个ThreadLocal，其键类型为[java.lang.ThreadLocal]（值为[java.lang.ThreadLocal@55d816d2]），值类型为[io.netty.util.internal.InternalThreadLocalMap]（值为[io.netty.util.internal.InternalThreadLocalMap@6d274052），但在停止web应用程序时未能将其删除。线程将随着时间的推移而更新，以尝试避免可能的内存泄漏
01-Sep-2020 13:55:48.491 信息 [localhost-startStop-1] org.apache.catalina.startup.HostConfig.deployWAR web应用程序存档文件[/Users/zhangqi/Desktop/apache-tomcat-8.5.57/webapps/pinpoint-collector-2.0.4.war]的部署已在[309,920]ms内完成
01-Sep-2020 13:55:48.493 信息 [main] org.apache.catalina.startup.Catalina.start Server startup in 309993 ms
01-Sep-2020 13:55:48.496 严重 [main] org.apache.catalina.core.StandardServer.await StandardServer.await: create[localhost:8005]: 
	java.net.BindException: Address already in use (Bind failed)
		at java.net.PlainSocketImpl.socketBind(Native Method)
		at java.net.AbstractPlainSocketImpl.bind(AbstractPlainSocketImpl.java:513)
		at java.net.ServerSocket.bind(ServerSocket.java:375)
		at java.net.ServerSocket.<init>(ServerSocket.java:237)
		at org.apache.catalina.core.StandardServer.await(StandardServer.java:421)
		at org.apache.catalina.startup.Catalina.await(Catalina.java:776)
		at org.apache.catalina.startup.Catalina.start(Catalina.java:722)
		at sun.reflect.NativeMethodAccessorImpl.invoke0(Native Method)
		at sun.reflect.NativeMethodAccessorImpl.invoke(NativeMethodAccessorImpl.java:62)
		at sun.reflect.DelegatingMethodAccessorImpl.invoke(DelegatingMethodAccessorImpl.java:43)
		at java.lang.reflect.Method.invoke(Method.java:498)
		at org.apache.catalina.startup.Bootstrap.start(Bootstrap.java:342)
		at org.apache.catalina.startup.Bootstrap.main(Bootstrap.java:473)
01-Sep-2020 13:55:48.496 信息 [main] org.apache.coyote.AbstractProtocol.pause 暂停ProtocolHandler["http-nio-8081"]
01-Sep-2020 13:55:48.496 信息 [main] org.apache.catalina.core.StandardService.stopInternal 正在停止服务[Catalina]
01-Sep-2020 13:55:48.498 信息 [main] org.apache.coyote.AbstractProtocol.stop 正在停止ProtocolHandler ["http-nio-8081"]
01-Sep-2020 13:55:48.498 信息 [main] org.apache.coyote.AbstractProtocol.destroy 正在摧毁协议处理器 ["http-nio-8081"]
01-Sep-2020 14:00:29.396 信息 [main] org.apache.catalina.core.StandardServer.await 通过关闭端口接收到有效的关闭命令。正在停止服务器实例。
01-Sep-2020 14:00:29.399 信息 [main] org.apache.coyote.AbstractProtocol.pause 暂停ProtocolHandler["http-nio-8081"]
01-Sep-2020 14:00:29.417 信息 [main] org.apache.catalina.core.StandardService.stopInternal 正在停止服务[Catalina]
01-Sep-2020 14:00:29.421 信息 [main] org.apache.coyote.AbstractProtocol.stop 正在停止ProtocolHandler ["http-nio-8081"]
01-Sep-2020 14:00:29.424 信息 [main] org.apache.coyote.AbstractProtocol.destroy 正在摧毁协议处理器 ["http-nio-8081"]
01-Sep-2020 14:14:15.691 信息 [main] org.apache.catalina.startup.VersionLoggerListener.log Server.服务器版本: Apache Tomcat/8.5.57
01-Sep-2020 14:14:15.699 信息 [main] org.apache.catalina.startup.VersionLoggerListener.log 服务器构建:        Jun 30 2020 21:49:10 UTC
01-Sep-2020 14:14:15.699 信息 [main] org.apache.catalina.startup.VersionLoggerListener.log 服务器版本号(:     8.5.57.0
01-Sep-2020 14:14:15.700 信息 [main] org.apache.catalina.startup.VersionLoggerListener.log 操作系统名称:      Mac OS X
01-Sep-2020 14:14:15.700 信息 [main] org.apache.catalina.startup.VersionLoggerListener.log OS.版本:           10.15.6
01-Sep-2020 14:14:15.700 信息 [main] org.apache.catalina.startup.VersionLoggerListener.log 架构:              x86_64
01-Sep-2020 14:14:15.700 信息 [main] org.apache.catalina.startup.VersionLoggerListener.log Java 环境变量:     /Library/Java/JavaVirtualMachines/jdk1.8.0_261.jdk/Contents/Home/jre
01-Sep-2020 14:14:15.701 信息 [main] org.apache.catalina.startup.VersionLoggerListener.log Java虚拟机版本:    1.8.0_261-b12
01-Sep-2020 14:14:15.701 信息 [main] org.apache.catalina.startup.VersionLoggerListener.log JVM.供应商:        Oracle Corporation
01-Sep-2020 14:14:15.702 信息 [main] org.apache.catalina.startup.VersionLoggerListener.log CATALINA_BASE:     /Users/zhangqi/Desktop/apache-tomcat-8.5.57
01-Sep-2020 14:14:15.702 信息 [main] org.apache.catalina.startup.VersionLoggerListener.log CATALINA_HOME:     /Users/zhangqi/Desktop/apache-tomcat-8.5.57
01-Sep-2020 14:14:15.704 信息 [main] org.apache.catalina.startup.VersionLoggerListener.log 命令行参数：-Djava.util.logging.config.file=/Users/zhangqi/Desktop/apache-tomcat-8.5.57/conf/logging.properties
01-Sep-2020 14:14:15.704 信息 [main] org.apache.catalina.startup.VersionLoggerListener.log 命令行参数：-Djava.util.logging.manager=org.apache.juli.ClassLoaderLogManager
01-Sep-2020 14:14:15.705 信息 [main] org.apache.catalina.startup.VersionLoggerListener.log 命令行参数：-Djdk.tls.ephemeralDHKeySize=2048
01-Sep-2020 14:14:15.705 信息 [main] org.apache.catalina.startup.VersionLoggerListener.log 命令行参数：-Djava.protocol.handler.pkgs=org.apache.catalina.webresources
01-Sep-2020 14:14:15.705 信息 [main] org.apache.catalina.startup.VersionLoggerListener.log 命令行参数：-Dorg.apache.catalina.security.SecurityListener.UMASK=0027
01-Sep-2020 14:14:15.705 信息 [main] org.apache.catalina.startup.VersionLoggerListener.log 命令行参数：-Dignore.endorsed.dirs=
01-Sep-2020 14:14:15.705 信息 [main] org.apache.catalina.startup.VersionLoggerListener.log 命令行参数：-Dcatalina.base=/Users/zhangqi/Desktop/apache-tomcat-8.5.57
01-Sep-2020 14:14:15.705 信息 [main] org.apache.catalina.startup.VersionLoggerListener.log 命令行参数：-Dcatalina.home=/Users/zhangqi/Desktop/apache-tomcat-8.5.57
01-Sep-2020 14:14:15.705 信息 [main] org.apache.catalina.startup.VersionLoggerListener.log 命令行参数：-Djava.io.tmpdir=/Users/zhangqi/Desktop/apache-tomcat-8.5.57/temp
01-Sep-2020 14:14:15.706 信息 [main] org.apache.catalina.core.AprLifecycleListener.lifecycleEvent 在java.library.path:[/Users/zhangqi/Library/Java/Extensions:/Library/Java/Extensions:/Network/Library/Java/Extensions:/System/Library/Java/Extensions:/usr/lib/java:.]上找不到基于APR的Apache Tomcat本机库，该库允许在生产环境中获得最佳性能
01-Sep-2020 14:14:16.014 信息 [main] org.apache.coyote.AbstractProtocol.init 初始化协议处理器 ["http-nio-8081"]
01-Sep-2020 14:14:16.051 信息 [main] org.apache.tomcat.util.net.NioSelectorPool.getSharedSelector Using a shared selector for servlet write/read
01-Sep-2020 14:14:16.122 信息 [main] org.apache.catalina.startup.Catalina.load Initialization processed in 1457 ms
01-Sep-2020 14:14:16.193 信息 [main] org.apache.catalina.core.StandardService.startInternal 正在启动服务[Catalina]
01-Sep-2020 14:14:16.193 信息 [main] org.apache.catalina.core.StandardEngine.startInternal Starting Servlet Engine: Apache Tomcat/8.5.57
01-Sep-2020 14:14:16.204 信息 [localhost-startStop-1] org.apache.catalina.startup.HostConfig.deployDirectory 把web 应用程序部署到目录 [/Users/zhangqi/Desktop/apache-tomcat-8.5.57/webapps/ROOT]
01-Sep-2020 14:14:16.655 信息 [localhost-startStop-1] org.apache.catalina.startup.HostConfig.deployDirectory Web应用程序目录[/Users/zhangqi/Desktop/apache-tomcat-8.5.57/webapps/ROOT]的部署已在[445]毫秒内完成
01-Sep-2020 14:14:16.663 信息 [main] org.apache.coyote.AbstractProtocol.start 开始协议处理句柄["http-nio-8081"]
01-Sep-2020 14:14:16.682 信息 [main] org.apache.catalina.startup.Catalina.start Server startup in 560 ms
01-Sep-2020 14:16:06.104 信息 [main] org.apache.catalina.core.StandardServer.await 通过关闭端口接收到有效的关闭命令。正在停止服务器实例。
01-Sep-2020 14:16:06.107 信息 [main] org.apache.coyote.AbstractProtocol.pause 暂停ProtocolHandler["http-nio-8081"]
01-Sep-2020 14:16:06.120 信息 [main] org.apache.catalina.core.StandardService.stopInternal 正在停止服务[Catalina]
01-Sep-2020 14:16:06.138 信息 [main] org.apache.coyote.AbstractProtocol.stop 正在停止ProtocolHandler ["http-nio-8081"]
01-Sep-2020 14:16:06.141 信息 [main] org.apache.coyote.AbstractProtocol.destroy 正在摧毁协议处理器 ["http-nio-8081"]
01-Sep-2020 14:16:10.563 信息 [main] org.apache.catalina.startup.VersionLoggerListener.log Server.服务器版本: Apache Tomcat/8.5.57
01-Sep-2020 14:16:10.567 信息 [main] org.apache.catalina.startup.VersionLoggerListener.log 服务器构建:        Jun 30 2020 21:49:10 UTC
01-Sep-2020 14:16:10.567 信息 [main] org.apache.catalina.startup.VersionLoggerListener.log 服务器版本号(:     8.5.57.0
01-Sep-2020 14:16:10.567 信息 [main] org.apache.catalina.startup.VersionLoggerListener.log 操作系统名称:      Mac OS X
01-Sep-2020 14:16:10.567 信息 [main] org.apache.catalina.startup.VersionLoggerListener.log OS.版本:           10.15.6
01-Sep-2020 14:16:10.568 信息 [main] org.apache.catalina.startup.VersionLoggerListener.log 架构:              x86_64
01-Sep-2020 14:16:10.568 信息 [main] org.apache.catalina.startup.VersionLoggerListener.log Java 环境变量:     /Library/Java/JavaVirtualMachines/jdk1.8.0_261.jdk/Contents/Home/jre
01-Sep-2020 14:16:10.568 信息 [main] org.apache.catalina.startup.VersionLoggerListener.log Java虚拟机版本:    1.8.0_261-b12
01-Sep-2020 14:16:10.568 信息 [main] org.apache.catalina.startup.VersionLoggerListener.log JVM.供应商:        Oracle Corporation
01-Sep-2020 14:16:10.568 信息 [main] org.apache.catalina.startup.VersionLoggerListener.log CATALINA_BASE:     /Users/zhangqi/Desktop/apache-tomcat-8.5.57
01-Sep-2020 14:16:10.570 信息 [main] org.apache.catalina.startup.VersionLoggerListener.log CATALINA_HOME:     /Users/zhangqi/Desktop/apache-tomcat-8.5.57
01-Sep-2020 14:16:10.571 信息 [main] org.apache.catalina.startup.VersionLoggerListener.log 命令行参数：-Djava.util.logging.config.file=/Users/zhangqi/Desktop/apache-tomcat-8.5.57/conf/logging.properties
01-Sep-2020 14:16:10.572 信息 [main] org.apache.catalina.startup.VersionLoggerListener.log 命令行参数：-Djava.util.logging.manager=org.apache.juli.ClassLoaderLogManager
01-Sep-2020 14:16:10.572 信息 [main] org.apache.catalina.startup.VersionLoggerListener.log 命令行参数：-Djdk.tls.ephemeralDHKeySize=2048
01-Sep-2020 14:16:10.572 信息 [main] org.apache.catalina.startup.VersionLoggerListener.log 命令行参数：-Djava.protocol.handler.pkgs=org.apache.catalina.webresources
01-Sep-2020 14:16:10.572 信息 [main] org.apache.catalina.startup.VersionLoggerListener.log 命令行参数：-Dorg.apache.catalina.security.SecurityListener.UMASK=0027
01-Sep-2020 14:16:10.572 信息 [main] org.apache.catalina.startup.VersionLoggerListener.log 命令行参数：-Dignore.endorsed.dirs=
01-Sep-2020 14:16:10.572 信息 [main] org.apache.catalina.startup.VersionLoggerListener.log 命令行参数：-Dcatalina.base=/Users/zhangqi/Desktop/apache-tomcat-8.5.57
01-Sep-2020 14:16:10.573 信息 [main] org.apache.catalina.startup.VersionLoggerListener.log 命令行参数：-Dcatalina.home=/Users/zhangqi/Desktop/apache-tomcat-8.5.57
01-Sep-2020 14:16:10.573 信息 [main] org.apache.catalina.startup.VersionLoggerListener.log 命令行参数：-Djava.io.tmpdir=/Users/zhangqi/Desktop/apache-tomcat-8.5.57/temp
01-Sep-2020 14:16:10.573 信息 [main] org.apache.catalina.core.AprLifecycleListener.lifecycleEvent 在java.library.path:[/Users/zhangqi/Library/Java/Extensions:/Library/Java/Extensions:/Network/Library/Java/Extensions:/System/Library/Java/Extensions:/usr/lib/java:.]上找不到基于APR的Apache Tomcat本机库，该库允许在生产环境中获得最佳性能
01-Sep-2020 14:16:10.767 信息 [main] org.apache.coyote.AbstractProtocol.init 初始化协议处理器 ["http-nio-8081"]
01-Sep-2020 14:16:10.791 信息 [main] org.apache.tomcat.util.net.NioSelectorPool.getSharedSelector Using a shared selector for servlet write/read
01-Sep-2020 14:16:10.828 信息 [main] org.apache.catalina.startup.Catalina.load Initialization processed in 901 ms
01-Sep-2020 14:16:10.868 信息 [main] org.apache.catalina.core.StandardService.startInternal 正在启动服务[Catalina]
01-Sep-2020 14:16:10.869 信息 [main] org.apache.catalina.core.StandardEngine.startInternal Starting Servlet Engine: Apache Tomcat/8.5.57
01-Sep-2020 14:16:10.879 信息 [localhost-startStop-1] org.apache.catalina.startup.HostConfig.deployDirectory 把web 应用程序部署到目录 [/Users/zhangqi/Desktop/apache-tomcat-8.5.57/webapps/ROOT]
01-Sep-2020 14:16:11.205 信息 [localhost-startStop-1] org.apache.catalina.startup.HostConfig.deployDirectory Web应用程序目录[/Users/zhangqi/Desktop/apache-tomcat-8.5.57/webapps/ROOT]的部署已在[322]毫秒内完成
01-Sep-2020 14:16:11.208 信息 [main] org.apache.coyote.AbstractProtocol.start 开始协议处理句柄["http-nio-8081"]
01-Sep-2020 14:16:11.221 信息 [main] org.apache.catalina.startup.Catalina.start Server startup in 392 ms
