02-Sep-2020 19:56:29.105 信息 [localhost-startStop-2] org.apache.catalina.startup.HostConfig.deployWAR 正在部署web应用程序存档文件[/Users/zhangqi/Desktop/apache-tomcat-8.5.57/webapps/pinpoint-web-2.0.4.war]
02-Sep-2020 19:56:47.224 信息 [localhost-startStop-2] org.apache.jasper.servlet.TldScanner.scanJars 至少有一个JAR被扫描用于TLD但尚未包含TLD。 为此记录器启用调试日志记录，以获取已扫描但未在其中找到TLD的完整JAR列表。 在扫描期间跳过不需要的JAR可以缩短启动时间和JSP编译时间。
02-Sep-2020 19:57:54.105 信息 [main] org.apache.catalina.startup.VersionLoggerListener.log Server.服务器版本: Apache Tomcat/8.5.57
02-Sep-2020 19:57:54.112 信息 [main] org.apache.catalina.startup.VersionLoggerListener.log 服务器构建:        Jun 30 2020 21:49:10 UTC
02-Sep-2020 19:57:54.113 信息 [main] org.apache.catalina.startup.VersionLoggerListener.log 服务器版本号(:     8.5.57.0
02-Sep-2020 19:57:54.113 信息 [main] org.apache.catalina.startup.VersionLoggerListener.log 操作系统名称:      Mac OS X
02-Sep-2020 19:57:54.113 信息 [main] org.apache.catalina.startup.VersionLoggerListener.log OS.版本:           10.15.6
02-Sep-2020 19:57:54.113 信息 [main] org.apache.catalina.startup.VersionLoggerListener.log 架构:              x86_64
02-Sep-2020 19:57:54.113 信息 [main] org.apache.catalina.startup.VersionLoggerListener.log Java 环境变量:     /Library/Java/JavaVirtualMachines/jdk1.8.0_261.jdk/Contents/Home/jre
02-Sep-2020 19:57:54.113 信息 [main] org.apache.catalina.startup.VersionLoggerListener.log Java虚拟机版本:    1.8.0_261-b12
02-Sep-2020 19:57:54.114 信息 [main] org.apache.catalina.startup.VersionLoggerListener.log JVM.供应商:        Oracle Corporation
02-Sep-2020 19:57:54.114 信息 [main] org.apache.catalina.startup.VersionLoggerListener.log CATALINA_BASE:     /Users/zhangqi/Desktop/apache-tomcat-8.5.57
02-Sep-2020 19:57:54.114 信息 [main] org.apache.catalina.startup.VersionLoggerListener.log CATALINA_HOME:     /Users/zhangqi/Desktop/apache-tomcat-8.5.57
02-Sep-2020 19:57:54.115 信息 [main] org.apache.catalina.startup.VersionLoggerListener.log 命令行参数：-Djava.util.logging.config.file=/Users/zhangqi/Desktop/apache-tomcat-8.5.57/conf/logging.properties
02-Sep-2020 19:57:54.115 信息 [main] org.apache.catalina.startup.VersionLoggerListener.log 命令行参数：-Djava.util.logging.manager=org.apache.juli.ClassLoaderLogManager
02-Sep-2020 19:57:54.115 信息 [main] org.apache.catalina.startup.VersionLoggerListener.log 命令行参数：-Djdk.tls.ephemeralDHKeySize=2048
02-Sep-2020 19:57:54.115 信息 [main] org.apache.catalina.startup.VersionLoggerListener.log 命令行参数：-Djava.protocol.handler.pkgs=org.apache.catalina.webresources
02-Sep-2020 19:57:54.115 信息 [main] org.apache.catalina.startup.VersionLoggerListener.log 命令行参数：-Dorg.apache.catalina.security.SecurityListener.UMASK=0027
02-Sep-2020 19:57:54.119 信息 [main] org.apache.catalina.startup.VersionLoggerListener.log 命令行参数：-Dignore.endorsed.dirs=
02-Sep-2020 19:57:54.119 信息 [main] org.apache.catalina.startup.VersionLoggerListener.log 命令行参数：-Dcatalina.base=/Users/zhangqi/Desktop/apache-tomcat-8.5.57
02-Sep-2020 19:57:54.119 信息 [main] org.apache.catalina.startup.VersionLoggerListener.log 命令行参数：-Dcatalina.home=/Users/zhangqi/Desktop/apache-tomcat-8.5.57
02-Sep-2020 19:57:54.119 信息 [main] org.apache.catalina.startup.VersionLoggerListener.log 命令行参数：-Djava.io.tmpdir=/Users/zhangqi/Desktop/apache-tomcat-8.5.57/temp
02-Sep-2020 19:57:54.120 信息 [main] org.apache.catalina.core.AprLifecycleListener.lifecycleEvent 在java.library.path:[/Users/zhangqi/Library/Java/Extensions:/Library/Java/Extensions:/Network/Library/Java/Extensions:/System/Library/Java/Extensions:/usr/lib/java:.]上找不到基于APR的Apache Tomcat本机库，该库允许在生产环境中获得最佳性能
02-Sep-2020 19:57:54.379 信息 [main] org.apache.coyote.AbstractProtocol.init 初始化协议处理器 ["http-nio-8081"]
02-Sep-2020 19:57:54.404 严重 [main] org.apache.catalina.core.StandardService.initInternal Failed to initialize connector [Connector[HTTP/1.1-8081]]
	org.apache.catalina.LifecycleException: 协议处理程序初始化失败
		at org.apache.catalina.connector.Connector.initInternal(Connector.java:1077)
		at org.apache.catalina.util.LifecycleBase.init(LifecycleBase.java:136)
		at org.apache.catalina.core.StandardService.initInternal(StandardService.java:552)
		at org.apache.catalina.util.LifecycleBase.init(LifecycleBase.java:136)
		at org.apache.catalina.core.StandardServer.initInternal(StandardServer.java:848)
		at org.apache.catalina.util.LifecycleBase.init(LifecycleBase.java:136)
		at org.apache.catalina.startup.Catalina.load(Catalina.java:639)
		at org.apache.catalina.startup.Catalina.load(Catalina.java:662)
		at sun.reflect.NativeMethodAccessorImpl.invoke0(Native Method)
		at sun.reflect.NativeMethodAccessorImpl.invoke(NativeMethodAccessorImpl.java:62)
		at sun.reflect.DelegatingMethodAccessorImpl.invoke(DelegatingMethodAccessorImpl.java:43)
		at java.lang.reflect.Method.invoke(Method.java:498)
		at org.apache.catalina.startup.Bootstrap.load(Bootstrap.java:302)
		at org.apache.catalina.startup.Bootstrap.main(Bootstrap.java:472)
	Caused by: java.net.BindException: Address already in use
		at sun.nio.ch.Net.bind0(Native Method)
		at sun.nio.ch.Net.bind(Net.java:444)
		at sun.nio.ch.Net.bind(Net.java:436)
		at sun.nio.ch.ServerSocketChannelImpl.bind(ServerSocketChannelImpl.java:225)
		at sun.nio.ch.ServerSocketAdaptor.bind(ServerSocketAdaptor.java:74)
		at org.apache.tomcat.util.net.NioEndpoint.bind(NioEndpoint.java:221)
		at org.apache.tomcat.util.net.AbstractEndpoint.init(AbstractEndpoint.java:1118)
		at org.apache.tomcat.util.net.AbstractJsseEndpoint.init(AbstractJsseEndpoint.java:222)
		at org.apache.coyote.AbstractProtocol.init(AbstractProtocol.java:587)
		at org.apache.coyote.http11.AbstractHttp11Protocol.init(AbstractHttp11Protocol.java:74)
		at org.apache.catalina.connector.Connector.initInternal(Connector.java:1075)
		... 13 more
02-Sep-2020 19:57:54.406 信息 [main] org.apache.catalina.startup.Catalina.load Initialization processed in 1024 ms
02-Sep-2020 19:57:54.460 信息 [main] org.apache.catalina.core.StandardService.startInternal 正在启动服务[Catalina]
02-Sep-2020 19:57:54.461 信息 [main] org.apache.catalina.core.StandardEngine.startInternal Starting Servlet Engine: Apache Tomcat/8.5.57
02-Sep-2020 19:57:54.489 信息 [localhost-startStop-1] org.apache.catalina.startup.HostConfig.deployWAR 正在部署web应用程序存档文件[/Users/zhangqi/Desktop/apache-tomcat-8.5.57/webapps/pinpoint-web-2.0.4.war]
02-Sep-2020 19:58:10.828 信息 [localhost-startStop-1] org.apache.jasper.servlet.TldScanner.scanJars 至少有一个JAR被扫描用于TLD但尚未包含TLD。 为此记录器启用调试日志记录，以获取已扫描但未在其中找到TLD的完整JAR列表。 在扫描期间跳过不需要的JAR可以缩短启动时间和JSP编译时间。
02-Sep-2020 19:59:08.329 信息 [localhost-startStop-2] org.apache.catalina.startup.HostConfig.deployWAR web应用程序存档文件[/Users/zhangqi/Desktop/apache-tomcat-8.5.57/webapps/pinpoint-web-2.0.4.war]的部署已在[159,227]ms内完成
02-Sep-2020 21:02:57.219 信息 [localhost-startStop-1] org.apache.catalina.startup.HostConfig.deployWAR web应用程序存档文件[/Users/zhangqi/Desktop/apache-tomcat-8.5.57/webapps/pinpoint-web-2.0.4.war]的部署已在[3,902,729]ms内完成
02-Sep-2020 21:02:57.222 信息 [localhost-startStop-1] org.apache.catalina.startup.HostConfig.deployDirectory 把web 应用程序部署到目录 [/Users/zhangqi/Desktop/apache-tomcat-8.5.57/webapps/ROOT]
02-Sep-2020 21:02:57.245 信息 [localhost-startStop-1] org.apache.catalina.startup.HostConfig.deployDirectory Web应用程序目录[/Users/zhangqi/Desktop/apache-tomcat-8.5.57/webapps/ROOT]的部署已在[24]毫秒内完成
02-Sep-2020 21:02:57.250 信息 [main] org.apache.catalina.startup.Catalina.start Server startup in 109341 ms
02-Sep-2020 21:02:57.253 严重 [main] org.apache.catalina.core.StandardServer.await StandardServer.await: create[localhost:8005]: 
	java.net.BindException: Address already in use (Bind failed)
		at java.net.PlainSocketImpl.socketBind(Native Method)
		at java.net.AbstractPlainSocketImpl.bind(AbstractPlainSocketImpl.java:513)
		at java.net.ServerSocket.bind(ServerSocket.java:375)
		at java.net.ServerSocket.<init>(ServerSocket.java:237)
		at org.apache.catalina.core.StandardServer.await(StandardServer.java:421)
		at org.apache.catalina.startup.Catalina.await(Catalina.java:776)
		at org.apache.catalina.startup.Catalina.start(Catalina.java:722)
		at sun.reflect.NativeMethodAccessorImpl.invoke0(Native Method)
		at sun.reflect.NativeMethodAccessorImpl.invoke(NativeMethodAccessorImpl.java:62)
		at sun.reflect.DelegatingMethodAccessorImpl.invoke(DelegatingMethodAccessorImpl.java:43)
		at java.lang.reflect.Method.invoke(Method.java:498)
		at org.apache.catalina.startup.Bootstrap.start(Bootstrap.java:342)
		at org.apache.catalina.startup.Bootstrap.main(Bootstrap.java:473)
02-Sep-2020 21:02:57.254 信息 [main] org.apache.coyote.AbstractProtocol.pause 暂停ProtocolHandler["http-nio-8081"]
02-Sep-2020 21:02:57.254 信息 [main] org.apache.catalina.core.StandardService.stopInternal 正在停止服务[Catalina]
02-Sep-2020 21:02:57.351 信息 [main] org.apache.coyote.AbstractProtocol.stop 正在停止ProtocolHandler ["http-nio-8081"]
02-Sep-2020 21:02:57.352 信息 [main] org.apache.coyote.AbstractProtocol.destroy 正在摧毁协议处理器 ["http-nio-8081"]
