31-Aug-2020 21:10:44.267 信息 [localhost-startStop-1] org.apache.catalina.core.ApplicationContext.log ContextListener: contextInitialized()
31-Aug-2020 21:10:44.267 信息 [localhost-startStop-1] org.apache.catalina.core.ApplicationContext.log SessionListener: contextInitialized()
31-Aug-2020 21:10:44.286 信息 [localhost-startStop-1] org.apache.catalina.core.ApplicationContext.log ContextListener: attributeAdded('StockTicker', 'async.Stockticker@3e7c391d')
31-Aug-2020 21:11:15.440 信息 [ContainerBackgroundProcessor[StandardEngine[Catalina]]] org.apache.catalina.core.ApplicationContext.log SessionListener: contextDestroyed()
31-Aug-2020 21:11:15.440 信息 [ContainerBackgroundProcessor[StandardEngine[Catalina]]] org.apache.catalina.core.ApplicationContext.log ContextListener: contextDestroyed()
31-Aug-2020 21:11:44.518 信息 [localhost-startStop-2] org.apache.catalina.core.ApplicationContext.log 1 Spring WebApplicationInitializers detected on classpath
31-Aug-2020 21:11:44.590 信息 [localhost-startStop-2] org.apache.catalina.core.ApplicationContext.log Set web app root system property: 'webapp.root' = [/Users/zhangqi/Desktop/apache-tomcat-8.5.57/webapps/pinpoint-collector-2.0.4/]
31-Aug-2020 21:11:44.683 信息 [localhost-startStop-2] org.apache.catalina.core.ApplicationContext.log Initializing log4j from [classpath:profiles/release/log4j.xml]
31-Aug-2020 21:11:45.490 信息 [localhost-startStop-2] org.apache.catalina.core.ApplicationContext.log Initializing Spring root WebApplicationContext
31-Aug-2020 21:12:19.553 信息 [localhost-startStop-1] org.apache.catalina.core.ApplicationContext.log 1 Spring WebApplicationInitializers detected on classpath
31-Aug-2020 21:12:19.693 信息 [localhost-startStop-1] org.apache.catalina.core.ApplicationContext.log Set web app root system property: 'webapp.root' = [/Users/zhangqi/Desktop/apache-tomcat-8.5.57/webapps/pinpoint-web-2.0.4/]
31-Aug-2020 21:12:19.789 信息 [localhost-startStop-1] org.apache.catalina.core.ApplicationContext.log Initializing log4j from [classpath:profiles/release/log4j.xml]
31-Aug-2020 21:12:20.168 信息 [localhost-startStop-1] org.apache.catalina.core.ApplicationContext.log Initializing Spring root WebApplicationContext
31-Aug-2020 21:13:36.783 信息 [localhost-startStop-1] org.apache.catalina.core.ApplicationContext.log Initializing Spring FrameworkServlet 'pinpoint-web'
31-Aug-2020 21:13:49.397 信息 [localhost-startStop-1] org.apache.catalina.core.ApplicationContext.log 1 Spring WebApplicationInitializers detected on classpath
31-Aug-2020 21:13:49.558 严重 [localhost-startStop-1] org.apache.catalina.core.StandardContext.listenerStart 异常将上下文初始化事件发送到类的侦听器实例.[org.springframework.web.util.Log4jConfigListener]
	java.lang.IllegalStateException: Web app root system property already set to different value: 'webapp.root' = [/Users/zhangqi/Desktop/apache-tomcat-8.5.57/webapps/pinpoint-web-2.0.4/] instead of [/Users/zhangqi/Desktop/apache-tomcat-8.5.57/webapps/pinpoint-collector-2.0.4/] - Choose unique values for the 'webAppRootKey' context-param in your web.xml files!
		at org.springframework.web.util.WebUtils.setWebAppRootSystemProperty(WebUtils.java:163)
		at org.springframework.web.util.Log4jWebConfigurer.initLogging(Log4jWebConfigurer.java:119)
		at org.springframework.web.util.Log4jConfigListener.contextInitialized(Log4jConfigListener.java:49)
		at org.apache.catalina.core.StandardContext.listenerStart(StandardContext.java:4689)
		at org.apache.catalina.core.StandardContext.startInternal(StandardContext.java:5155)
		at org.apache.catalina.util.LifecycleBase.start(LifecycleBase.java:183)
		at org.apache.catalina.core.ContainerBase.addChildInternal(ContainerBase.java:743)
		at org.apache.catalina.core.ContainerBase.addChild(ContainerBase.java:719)
		at org.apache.catalina.core.StandardHost.addChild(StandardHost.java:705)
		at org.apache.catalina.startup.HostConfig.deployWAR(HostConfig.java:970)
		at org.apache.catalina.startup.HostConfig$DeployWar.run(HostConfig.java:1840)
		at java.util.concurrent.Executors$RunnableAdapter.call(Executors.java:511)
		at java.util.concurrent.FutureTask.run(FutureTask.java:266)
		at java.util.concurrent.ThreadPoolExecutor.runWorker(ThreadPoolExecutor.java:1149)
		at java.util.concurrent.ThreadPoolExecutor$Worker.run(ThreadPoolExecutor.java:624)
		at java.lang.Thread.run(Thread.java:748)
31-Aug-2020 21:13:49.648 信息 [localhost-startStop-1] org.apache.catalina.core.ApplicationContext.log Initializing Spring root WebApplicationContext
31-Aug-2020 21:16:57.655 严重 [localhost-startStop-2] org.apache.catalina.core.StandardContext.listenerStart 异常将上下文初始化事件发送到类的侦听器实例.[org.springframework.web.context.ContextLoaderListener]
	org.springframework.beans.factory.BeanCreationException: Error creating bean with name 'grpcSpanReceiver' defined in class path resource [applicationContext-collector-grpc.xml]: Invocation of init method failed; nested exception is java.io.IOException: Failed to bind
		at org.springframework.beans.factory.support.AbstractAutowireCapableBeanFactory.initializeBean(AbstractAutowireCapableBeanFactory.java:1631)
		at org.springframework.beans.factory.support.AbstractAutowireCapableBeanFactory.doCreateBean(AbstractAutowireCapableBeanFactory.java:553)
		at org.springframework.beans.factory.support.AbstractAutowireCapableBeanFactory.createBean(AbstractAutowireCapableBeanFactory.java:481)
		at org.springframework.beans.factory.support.AbstractBeanFactory$1.getObject(AbstractBeanFactory.java:312)
		at org.springframework.beans.factory.support.DefaultSingletonBeanRegistry.getSingleton(DefaultSingletonBeanRegistry.java:230)
		at org.springframework.beans.factory.support.AbstractBeanFactory.doGetBean(AbstractBeanFactory.java:308)
		at org.springframework.beans.factory.support.AbstractBeanFactory.getBean(AbstractBeanFactory.java:197)
		at org.springframework.beans.factory.support.DefaultListableBeanFactory.preInstantiateSingletons(DefaultListableBeanFactory.java:761)
		at org.springframework.context.support.AbstractApplicationContext.finishBeanFactoryInitialization(AbstractApplicationContext.java:867)
		at org.springframework.context.support.AbstractApplicationContext.refresh(AbstractApplicationContext.java:543)
		at org.springframework.web.context.ContextLoader.configureAndRefreshWebApplicationContext(ContextLoader.java:443)
		at org.springframework.web.context.ContextLoader.initWebApplicationContext(ContextLoader.java:325)
		at org.springframework.web.context.ContextLoaderListener.contextInitialized(ContextLoaderListener.java:107)
		at org.apache.catalina.core.StandardContext.listenerStart(StandardContext.java:4689)
		at org.apache.catalina.core.StandardContext.startInternal(StandardContext.java:5155)
		at org.apache.catalina.util.LifecycleBase.start(LifecycleBase.java:183)
		at org.apache.catalina.core.ContainerBase.addChildInternal(ContainerBase.java:743)
		at org.apache.catalina.core.ContainerBase.addChild(ContainerBase.java:719)
		at org.apache.catalina.core.StandardHost.addChild(StandardHost.java:705)
		at org.apache.catalina.startup.HostConfig.deployWAR(HostConfig.java:970)
		at org.apache.catalina.startup.HostConfig$DeployWar.run(HostConfig.java:1840)
		at java.util.concurrent.Executors$RunnableAdapter.call(Executors.java:511)
		at java.util.concurrent.FutureTask.run(FutureTask.java:266)
		at java.util.concurrent.ThreadPoolExecutor.runWorker(ThreadPoolExecutor.java:1149)
		at java.util.concurrent.ThreadPoolExecutor$Worker.run(ThreadPoolExecutor.java:624)
		at java.lang.Thread.run(Thread.java:748)
	Caused by: java.io.IOException: Failed to bind
		at io.grpc.netty.NettyServer.start(NettyServer.java:252)
		at io.grpc.internal.ServerImpl.start(ServerImpl.java:163)
		at io.grpc.internal.ServerImpl.start(ServerImpl.java:78)
		at com.navercorp.pinpoint.collector.receiver.grpc.GrpcReceiver.afterPropertiesSet(GrpcReceiver.java:116)
		at org.springframework.beans.factory.support.AbstractAutowireCapableBeanFactory.invokeInitMethods(AbstractAutowireCapableBeanFactory.java:1689)
		at org.springframework.beans.factory.support.AbstractAutowireCapableBeanFactory.initializeBean(AbstractAutowireCapableBeanFactory.java:1627)
		... 25 more
	Caused by: java.net.BindException: Address already in use
		at sun.nio.ch.Net.bind0(Native Method)
		at sun.nio.ch.Net.bind(Net.java:444)
		at sun.nio.ch.Net.bind(Net.java:436)
		at sun.nio.ch.ServerSocketChannelImpl.bind(ServerSocketChannelImpl.java:225)
		at io.netty.channel.socket.nio.NioServerSocketChannel.doBind(NioServerSocketChannel.java:134)
		at io.netty.channel.AbstractChannel$AbstractUnsafe.bind(AbstractChannel.java:550)
		at io.netty.channel.DefaultChannelPipeline$HeadContext.bind(DefaultChannelPipeline.java:1334)
		at io.netty.channel.AbstractChannelHandlerContext.invokeBind(AbstractChannelHandlerContext.java:504)
		at io.netty.channel.AbstractChannelHandlerContext.bind(AbstractChannelHandlerContext.java:489)
		at io.netty.channel.DefaultChannelPipeline.bind(DefaultChannelPipeline.java:973)
		at io.netty.channel.AbstractChannel.bind(AbstractChannel.java:248)
		at io.netty.bootstrap.AbstractBootstrap$2.run(AbstractBootstrap.java:348)
		at io.netty.util.concurrent.AbstractEventExecutor.safeExecute(AbstractEventExecutor.java:164)
		at io.netty.util.concurrent.SingleThreadEventExecutor.runAllTasks(SingleThreadEventExecutor.java:472)
		at io.netty.channel.nio.NioEventLoop.run(NioEventLoop.java:500)
		at io.netty.util.concurrent.SingleThreadEventExecutor$4.run(SingleThreadEventExecutor.java:989)
		at io.netty.util.internal.ThreadExecutorMap$2.run(ThreadExecutorMap.java:74)
		... 3 more
31-Aug-2020 21:16:57.673 信息 [localhost-startStop-2] org.apache.catalina.core.ApplicationContext.log Closing Spring root WebApplicationContext
31-Aug-2020 21:16:57.689 信息 [localhost-startStop-2] org.apache.catalina.core.ApplicationContext.log Shutting down log4j
31-Aug-2020 21:18:49.509 严重 [localhost-startStop-1] org.apache.catalina.core.StandardContext.listenerStart 异常将上下文初始化事件发送到类的侦听器实例.[org.springframework.web.context.ContextLoaderListener]
	org.springframework.beans.factory.BeanCreationException: Error creating bean with name 'grpcSpanReceiver' defined in class path resource [applicationContext-collector-grpc.xml]: Invocation of init method failed; nested exception is java.io.IOException: Failed to bind
		at org.springframework.beans.factory.support.AbstractAutowireCapableBeanFactory.initializeBean(AbstractAutowireCapableBeanFactory.java:1631)
		at org.springframework.beans.factory.support.AbstractAutowireCapableBeanFactory.doCreateBean(AbstractAutowireCapableBeanFactory.java:553)
		at org.springframework.beans.factory.support.AbstractAutowireCapableBeanFactory.createBean(AbstractAutowireCapableBeanFactory.java:481)
		at org.springframework.beans.factory.support.AbstractBeanFactory$1.getObject(AbstractBeanFactory.java:312)
		at org.springframework.beans.factory.support.DefaultSingletonBeanRegistry.getSingleton(DefaultSingletonBeanRegistry.java:230)
		at org.springframework.beans.factory.support.AbstractBeanFactory.doGetBean(AbstractBeanFactory.java:308)
		at org.springframework.beans.factory.support.AbstractBeanFactory.getBean(AbstractBeanFactory.java:197)
		at org.springframework.beans.factory.support.DefaultListableBeanFactory.preInstantiateSingletons(DefaultListableBeanFactory.java:761)
		at org.springframework.context.support.AbstractApplicationContext.finishBeanFactoryInitialization(AbstractApplicationContext.java:867)
		at org.springframework.context.support.AbstractApplicationContext.refresh(AbstractApplicationContext.java:543)
		at org.springframework.web.context.ContextLoader.configureAndRefreshWebApplicationContext(ContextLoader.java:443)
		at org.springframework.web.context.ContextLoader.initWebApplicationContext(ContextLoader.java:325)
		at org.springframework.web.context.ContextLoaderListener.contextInitialized(ContextLoaderListener.java:107)
		at org.apache.catalina.core.StandardContext.listenerStart(StandardContext.java:4689)
		at org.apache.catalina.core.StandardContext.startInternal(StandardContext.java:5155)
		at org.apache.catalina.util.LifecycleBase.start(LifecycleBase.java:183)
		at org.apache.catalina.core.ContainerBase.addChildInternal(ContainerBase.java:743)
		at org.apache.catalina.core.ContainerBase.addChild(ContainerBase.java:719)
		at org.apache.catalina.core.StandardHost.addChild(StandardHost.java:705)
		at org.apache.catalina.startup.HostConfig.deployWAR(HostConfig.java:970)
		at org.apache.catalina.startup.HostConfig$DeployWar.run(HostConfig.java:1840)
		at java.util.concurrent.Executors$RunnableAdapter.call(Executors.java:511)
		at java.util.concurrent.FutureTask.run(FutureTask.java:266)
		at java.util.concurrent.ThreadPoolExecutor.runWorker(ThreadPoolExecutor.java:1149)
		at java.util.concurrent.ThreadPoolExecutor$Worker.run(ThreadPoolExecutor.java:624)
		at java.lang.Thread.run(Thread.java:748)
	Caused by: java.io.IOException: Failed to bind
		at io.grpc.netty.NettyServer.start(NettyServer.java:252)
		at io.grpc.internal.ServerImpl.start(ServerImpl.java:163)
		at io.grpc.internal.ServerImpl.start(ServerImpl.java:78)
		at com.navercorp.pinpoint.collector.receiver.grpc.GrpcReceiver.afterPropertiesSet(GrpcReceiver.java:116)
		at org.springframework.beans.factory.support.AbstractAutowireCapableBeanFactory.invokeInitMethods(AbstractAutowireCapableBeanFactory.java:1689)
		at org.springframework.beans.factory.support.AbstractAutowireCapableBeanFactory.initializeBean(AbstractAutowireCapableBeanFactory.java:1627)
		... 25 more
	Caused by: java.net.BindException: Address already in use
		at sun.nio.ch.Net.bind0(Native Method)
		at sun.nio.ch.Net.bind(Net.java:444)
		at sun.nio.ch.Net.bind(Net.java:436)
		at sun.nio.ch.ServerSocketChannelImpl.bind(ServerSocketChannelImpl.java:225)
		at io.netty.channel.socket.nio.NioServerSocketChannel.doBind(NioServerSocketChannel.java:134)
		at io.netty.channel.AbstractChannel$AbstractUnsafe.bind(AbstractChannel.java:550)
		at io.netty.channel.DefaultChannelPipeline$HeadContext.bind(DefaultChannelPipeline.java:1334)
		at io.netty.channel.AbstractChannelHandlerContext.invokeBind(AbstractChannelHandlerContext.java:504)
		at io.netty.channel.AbstractChannelHandlerContext.bind(AbstractChannelHandlerContext.java:489)
		at io.netty.channel.DefaultChannelPipeline.bind(DefaultChannelPipeline.java:973)
		at io.netty.channel.AbstractChannel.bind(AbstractChannel.java:248)
		at io.netty.bootstrap.AbstractBootstrap$2.run(AbstractBootstrap.java:348)
		at io.netty.util.concurrent.AbstractEventExecutor.safeExecute(AbstractEventExecutor.java:164)
		at io.netty.util.concurrent.SingleThreadEventExecutor.runAllTasks(SingleThreadEventExecutor.java:472)
		at io.netty.channel.nio.NioEventLoop.run(NioEventLoop.java:500)
		at io.netty.util.concurrent.SingleThreadEventExecutor$4.run(SingleThreadEventExecutor.java:989)
		at io.netty.util.internal.ThreadExecutorMap$2.run(ThreadExecutorMap.java:74)
		... 3 more
31-Aug-2020 21:18:49.564 信息 [localhost-startStop-1] org.apache.catalina.core.ApplicationContext.log Closing Spring root WebApplicationContext
31-Aug-2020 21:18:49.609 信息 [localhost-startStop-1] org.apache.catalina.core.ApplicationContext.log Shutting down log4j
31-Aug-2020 21:22:55.991 信息 [localhost-startStop-1] org.apache.catalina.core.ApplicationContext.log 1 Spring WebApplicationInitializers detected on classpath
31-Aug-2020 21:22:56.642 信息 [localhost-startStop-1] org.apache.catalina.core.ApplicationContext.log Set web app root system property: 'webapp.root' = [/Users/zhangqi/Desktop/apache-tomcat-8.5.57/webapps/pinpoint-web-2.0.4/]
31-Aug-2020 21:22:56.841 信息 [localhost-startStop-1] org.apache.catalina.core.ApplicationContext.log Initializing log4j from [classpath:profiles/release/log4j.xml]
31-Aug-2020 21:22:57.336 信息 [localhost-startStop-1] org.apache.catalina.core.ApplicationContext.log Initializing Spring root WebApplicationContext
31-Aug-2020 21:23:08.563 信息 [localhost-startStop-2] org.apache.catalina.core.ApplicationContext.log Destroying Spring FrameworkServlet 'pinpoint-web'
31-Aug-2020 21:23:08.594 信息 [localhost-startStop-2] org.apache.catalina.core.ApplicationContext.log Closing Spring root WebApplicationContext
31-Aug-2020 21:23:09.415 信息 [localhost-startStop-2] org.apache.catalina.core.ApplicationContext.log Shutting down log4j
31-Aug-2020 21:24:10.481 信息 [localhost-startStop-1] org.apache.catalina.core.ApplicationContext.log Initializing Spring FrameworkServlet 'pinpoint-web'
31-Aug-2020 21:24:25.566 信息 [localhost-startStop-1] org.apache.catalina.core.ApplicationContext.log 1 Spring WebApplicationInitializers detected on classpath
31-Aug-2020 21:24:25.610 严重 [localhost-startStop-1] org.apache.catalina.core.StandardContext.listenerStart 异常将上下文初始化事件发送到类的侦听器实例.[org.springframework.web.util.Log4jConfigListener]
	java.lang.IllegalStateException: Web app root system property already set to different value: 'webapp.root' = [/Users/zhangqi/Desktop/apache-tomcat-8.5.57/webapps/pinpoint-web-2.0.4/] instead of [/Users/zhangqi/Desktop/apache-tomcat-8.5.57/webapps/pinpoint-collector-2.0.4/] - Choose unique values for the 'webAppRootKey' context-param in your web.xml files!
		at org.springframework.web.util.WebUtils.setWebAppRootSystemProperty(WebUtils.java:163)
		at org.springframework.web.util.Log4jWebConfigurer.initLogging(Log4jWebConfigurer.java:119)
		at org.springframework.web.util.Log4jConfigListener.contextInitialized(Log4jConfigListener.java:49)
		at org.apache.catalina.core.StandardContext.listenerStart(StandardContext.java:4689)
		at org.apache.catalina.core.StandardContext.startInternal(StandardContext.java:5155)
		at org.apache.catalina.util.LifecycleBase.start(LifecycleBase.java:183)
		at org.apache.catalina.core.ContainerBase.addChildInternal(ContainerBase.java:743)
		at org.apache.catalina.core.ContainerBase.addChild(ContainerBase.java:719)
		at org.apache.catalina.core.StandardHost.addChild(StandardHost.java:705)
		at org.apache.catalina.startup.HostConfig.deployWAR(HostConfig.java:970)
		at org.apache.catalina.startup.HostConfig$DeployWar.run(HostConfig.java:1840)
		at java.util.concurrent.Executors$RunnableAdapter.call(Executors.java:511)
		at java.util.concurrent.FutureTask.run(FutureTask.java:266)
		at java.util.concurrent.ThreadPoolExecutor.runWorker(ThreadPoolExecutor.java:1149)
		at java.util.concurrent.ThreadPoolExecutor$Worker.run(ThreadPoolExecutor.java:624)
		at java.lang.Thread.run(Thread.java:748)
31-Aug-2020 21:24:25.687 信息 [localhost-startStop-1] org.apache.catalina.core.ApplicationContext.log Initializing Spring root WebApplicationContext
31-Aug-2020 21:26:06.620 信息 [localhost-startStop-1] org.apache.catalina.core.ApplicationContext.log 1 Spring WebApplicationInitializers detected on classpath
31-Aug-2020 21:26:06.776 信息 [localhost-startStop-1] org.apache.catalina.core.ApplicationContext.log Set web app root system property: 'webapp.root' = [/Users/zhangqi/Desktop/apache-tomcat-8.5.57/webapps/pinpoint-web-2.0.4/]
31-Aug-2020 21:26:07.027 信息 [localhost-startStop-1] org.apache.catalina.core.ApplicationContext.log Initializing log4j from [classpath:profiles/release/log4j.xml]
31-Aug-2020 21:26:07.734 信息 [localhost-startStop-1] org.apache.catalina.core.ApplicationContext.log Initializing Spring root WebApplicationContext
31-Aug-2020 21:27:03.443 信息 [localhost-startStop-1] org.apache.catalina.core.ApplicationContext.log Initializing Spring FrameworkServlet 'pinpoint-web'
31-Aug-2020 21:27:21.121 信息 [localhost-startStop-1] org.apache.catalina.core.ApplicationContext.log 1 Spring WebApplicationInitializers detected on classpath
31-Aug-2020 21:27:21.212 严重 [localhost-startStop-1] org.apache.catalina.core.StandardContext.listenerStart 异常将上下文初始化事件发送到类的侦听器实例.[org.springframework.web.util.Log4jConfigListener]
	java.lang.IllegalStateException: Web app root system property already set to different value: 'webapp.root' = [/Users/zhangqi/Desktop/apache-tomcat-8.5.57/webapps/pinpoint-web-2.0.4/] instead of [/Users/zhangqi/Desktop/apache-tomcat-8.5.57/webapps/pinpoint-collector-2.0.4/] - Choose unique values for the 'webAppRootKey' context-param in your web.xml files!
		at org.springframework.web.util.WebUtils.setWebAppRootSystemProperty(WebUtils.java:163)
		at org.springframework.web.util.Log4jWebConfigurer.initLogging(Log4jWebConfigurer.java:119)
		at org.springframework.web.util.Log4jConfigListener.contextInitialized(Log4jConfigListener.java:49)
		at org.apache.catalina.core.StandardContext.listenerStart(StandardContext.java:4689)
		at org.apache.catalina.core.StandardContext.startInternal(StandardContext.java:5155)
		at org.apache.catalina.util.LifecycleBase.start(LifecycleBase.java:183)
		at org.apache.catalina.core.ContainerBase.addChildInternal(ContainerBase.java:743)
		at org.apache.catalina.core.ContainerBase.addChild(ContainerBase.java:719)
		at org.apache.catalina.core.StandardHost.addChild(StandardHost.java:705)
		at org.apache.catalina.startup.HostConfig.deployWAR(HostConfig.java:970)
		at org.apache.catalina.startup.HostConfig$DeployWar.run(HostConfig.java:1840)
		at java.util.concurrent.Executors$RunnableAdapter.call(Executors.java:511)
		at java.util.concurrent.FutureTask.run(FutureTask.java:266)
		at java.util.concurrent.ThreadPoolExecutor.runWorker(ThreadPoolExecutor.java:1149)
		at java.util.concurrent.ThreadPoolExecutor$Worker.run(ThreadPoolExecutor.java:624)
		at java.lang.Thread.run(Thread.java:748)
31-Aug-2020 21:27:21.311 信息 [localhost-startStop-1] org.apache.catalina.core.ApplicationContext.log Initializing Spring root WebApplicationContext
31-Aug-2020 21:29:28.732 严重 [localhost-startStop-1] org.apache.catalina.core.StandardContext.listenerStart 异常将上下文初始化事件发送到类的侦听器实例.[org.springframework.web.context.ContextLoaderListener]
	org.springframework.beans.factory.BeanCreationException: Error creating bean with name 'grpcSpanReceiver' defined in class path resource [applicationContext-collector-grpc.xml]: Invocation of init method failed; nested exception is java.io.IOException: Failed to bind
		at org.springframework.beans.factory.support.AbstractAutowireCapableBeanFactory.initializeBean(AbstractAutowireCapableBeanFactory.java:1631)
		at org.springframework.beans.factory.support.AbstractAutowireCapableBeanFactory.doCreateBean(AbstractAutowireCapableBeanFactory.java:553)
		at org.springframework.beans.factory.support.AbstractAutowireCapableBeanFactory.createBean(AbstractAutowireCapableBeanFactory.java:481)
		at org.springframework.beans.factory.support.AbstractBeanFactory$1.getObject(AbstractBeanFactory.java:312)
		at org.springframework.beans.factory.support.DefaultSingletonBeanRegistry.getSingleton(DefaultSingletonBeanRegistry.java:230)
		at org.springframework.beans.factory.support.AbstractBeanFactory.doGetBean(AbstractBeanFactory.java:308)
		at org.springframework.beans.factory.support.AbstractBeanFactory.getBean(AbstractBeanFactory.java:197)
		at org.springframework.beans.factory.support.DefaultListableBeanFactory.preInstantiateSingletons(DefaultListableBeanFactory.java:761)
		at org.springframework.context.support.AbstractApplicationContext.finishBeanFactoryInitialization(AbstractApplicationContext.java:867)
		at org.springframework.context.support.AbstractApplicationContext.refresh(AbstractApplicationContext.java:543)
		at org.springframework.web.context.ContextLoader.configureAndRefreshWebApplicationContext(ContextLoader.java:443)
		at org.springframework.web.context.ContextLoader.initWebApplicationContext(ContextLoader.java:325)
		at org.springframework.web.context.ContextLoaderListener.contextInitialized(ContextLoaderListener.java:107)
		at org.apache.catalina.core.StandardContext.listenerStart(StandardContext.java:4689)
		at org.apache.catalina.core.StandardContext.startInternal(StandardContext.java:5155)
		at org.apache.catalina.util.LifecycleBase.start(LifecycleBase.java:183)
		at org.apache.catalina.core.ContainerBase.addChildInternal(ContainerBase.java:743)
		at org.apache.catalina.core.ContainerBase.addChild(ContainerBase.java:719)
		at org.apache.catalina.core.StandardHost.addChild(StandardHost.java:705)
		at org.apache.catalina.startup.HostConfig.deployWAR(HostConfig.java:970)
		at org.apache.catalina.startup.HostConfig$DeployWar.run(HostConfig.java:1840)
		at java.util.concurrent.Executors$RunnableAdapter.call(Executors.java:511)
		at java.util.concurrent.FutureTask.run(FutureTask.java:266)
		at java.util.concurrent.ThreadPoolExecutor.runWorker(ThreadPoolExecutor.java:1149)
		at java.util.concurrent.ThreadPoolExecutor$Worker.run(ThreadPoolExecutor.java:624)
		at java.lang.Thread.run(Thread.java:748)
	Caused by: java.io.IOException: Failed to bind
		at io.grpc.netty.NettyServer.start(NettyServer.java:252)
		at io.grpc.internal.ServerImpl.start(ServerImpl.java:163)
		at io.grpc.internal.ServerImpl.start(ServerImpl.java:78)
		at com.navercorp.pinpoint.collector.receiver.grpc.GrpcReceiver.afterPropertiesSet(GrpcReceiver.java:116)
		at org.springframework.beans.factory.support.AbstractAutowireCapableBeanFactory.invokeInitMethods(AbstractAutowireCapableBeanFactory.java:1689)
		at org.springframework.beans.factory.support.AbstractAutowireCapableBeanFactory.initializeBean(AbstractAutowireCapableBeanFactory.java:1627)
		... 25 more
	Caused by: java.net.BindException: Address already in use
		at sun.nio.ch.Net.bind0(Native Method)
		at sun.nio.ch.Net.bind(Net.java:444)
		at sun.nio.ch.Net.bind(Net.java:436)
		at sun.nio.ch.ServerSocketChannelImpl.bind(ServerSocketChannelImpl.java:225)
		at io.netty.channel.socket.nio.NioServerSocketChannel.doBind(NioServerSocketChannel.java:134)
		at io.netty.channel.AbstractChannel$AbstractUnsafe.bind(AbstractChannel.java:550)
		at io.netty.channel.DefaultChannelPipeline$HeadContext.bind(DefaultChannelPipeline.java:1334)
		at io.netty.channel.AbstractChannelHandlerContext.invokeBind(AbstractChannelHandlerContext.java:504)
		at io.netty.channel.AbstractChannelHandlerContext.bind(AbstractChannelHandlerContext.java:489)
		at io.netty.channel.DefaultChannelPipeline.bind(DefaultChannelPipeline.java:973)
		at io.netty.channel.AbstractChannel.bind(AbstractChannel.java:248)
		at io.netty.bootstrap.AbstractBootstrap$2.run(AbstractBootstrap.java:348)
		at io.netty.util.concurrent.AbstractEventExecutor.safeExecute(AbstractEventExecutor.java:164)
		at io.netty.util.concurrent.SingleThreadEventExecutor.runAllTasks(SingleThreadEventExecutor.java:472)
		at io.netty.channel.nio.NioEventLoop.run(NioEventLoop.java:500)
		at io.netty.util.concurrent.SingleThreadEventExecutor$4.run(SingleThreadEventExecutor.java:989)
		at io.netty.util.internal.ThreadExecutorMap$2.run(ThreadExecutorMap.java:74)
		... 3 more
31-Aug-2020 21:29:28.757 信息 [localhost-startStop-1] org.apache.catalina.core.ApplicationContext.log Closing Spring root WebApplicationContext
31-Aug-2020 21:29:28.759 信息 [localhost-startStop-1] org.apache.catalina.core.ApplicationContext.log Shutting down log4j
31-Aug-2020 21:31:29.391 信息 [ContainerBackgroundProcessor[StandardEngine[Catalina]]] org.apache.catalina.core.ApplicationContext.log Destroying Spring FrameworkServlet 'pinpoint-web'
31-Aug-2020 21:31:29.412 信息 [ContainerBackgroundProcessor[StandardEngine[Catalina]]] org.apache.catalina.core.ApplicationContext.log Closing Spring root WebApplicationContext
31-Aug-2020 21:31:29.741 信息 [ContainerBackgroundProcessor[StandardEngine[Catalina]]] org.apache.catalina.core.ApplicationContext.log Shutting down log4j
31-Aug-2020 21:31:47.800 严重 [localhost-startStop-1] org.apache.catalina.core.StandardContext.listenerStart 异常将上下文初始化事件发送到类的侦听器实例.[org.springframework.web.context.ContextLoaderListener]
	org.springframework.beans.factory.BeanCreationException: Error creating bean with name 'hbaseHostApplicationMapDao' defined in file [/Users/zhangqi/Desktop/apache-tomcat-8.5.57/webapps/pinpoint-collector-2.0.4/WEB-INF/classes/com/navercorp/pinpoint/collector/dao/hbase/HbaseHostApplicationMapDao.class]: Bean instantiation via constructor failed; nested exception is org.springframework.beans.BeanInstantiationException: Failed to instantiate [com.navercorp.pinpoint.collector.dao.hbase.HbaseHostApplicationMapDao]: Constructor threw exception; nested exception is java.lang.NoClassDefFoundError: com/navercorp/pinpoint/collector/util/AtomicLongUpdateMap
		at org.springframework.beans.factory.support.ConstructorResolver.autowireConstructor(ConstructorResolver.java:279)
		at org.springframework.beans.factory.support.AbstractAutowireCapableBeanFactory.autowireConstructor(AbstractAutowireCapableBeanFactory.java:1198)
		at org.springframework.beans.factory.support.AbstractAutowireCapableBeanFactory.createBeanInstance(AbstractAutowireCapableBeanFactory.java:1100)
		at org.springframework.beans.factory.support.AbstractAutowireCapableBeanFactory.doCreateBean(AbstractAutowireCapableBeanFactory.java:511)
		at org.springframework.beans.factory.support.AbstractAutowireCapableBeanFactory.createBean(AbstractAutowireCapableBeanFactory.java:481)
		at org.springframework.beans.factory.support.AbstractBeanFactory$1.getObject(AbstractBeanFactory.java:312)
		at org.springframework.beans.factory.support.DefaultSingletonBeanRegistry.getSingleton(DefaultSingletonBeanRegistry.java:230)
		at org.springframework.beans.factory.support.AbstractBeanFactory.doGetBean(AbstractBeanFactory.java:308)
		at org.springframework.beans.factory.support.AbstractBeanFactory.getBean(AbstractBeanFactory.java:197)
		at org.springframework.beans.factory.support.DefaultListableBeanFactory.preInstantiateSingletons(DefaultListableBeanFactory.java:761)
		at org.springframework.context.support.AbstractApplicationContext.finishBeanFactoryInitialization(AbstractApplicationContext.java:867)
		at org.springframework.context.support.AbstractApplicationContext.refresh(AbstractApplicationContext.java:543)
		at org.springframework.web.context.ContextLoader.configureAndRefreshWebApplicationContext(ContextLoader.java:443)
		at org.springframework.web.context.ContextLoader.initWebApplicationContext(ContextLoader.java:325)
		at org.springframework.web.context.ContextLoaderListener.contextInitialized(ContextLoaderListener.java:107)
		at org.apache.catalina.core.StandardContext.listenerStart(StandardContext.java:4689)
		at org.apache.catalina.core.StandardContext.startInternal(StandardContext.java:5155)
		at org.apache.catalina.util.LifecycleBase.start(LifecycleBase.java:183)
		at org.apache.catalina.core.ContainerBase.addChildInternal(ContainerBase.java:743)
		at org.apache.catalina.core.ContainerBase.addChild(ContainerBase.java:719)
		at org.apache.catalina.core.StandardHost.addChild(StandardHost.java:705)
		at org.apache.catalina.startup.HostConfig.deployWAR(HostConfig.java:970)
		at org.apache.catalina.startup.HostConfig$DeployWar.run(HostConfig.java:1840)
		at java.util.concurrent.Executors$RunnableAdapter.call(Executors.java:511)
		at java.util.concurrent.FutureTask.run(FutureTask.java:266)
		at java.util.concurrent.ThreadPoolExecutor.runWorker(ThreadPoolExecutor.java:1149)
		at java.util.concurrent.ThreadPoolExecutor$Worker.run(ThreadPoolExecutor.java:624)
		at java.lang.Thread.run(Thread.java:748)
	Caused by: org.springframework.beans.BeanInstantiationException: Failed to instantiate [com.navercorp.pinpoint.collector.dao.hbase.HbaseHostApplicationMapDao]: Constructor threw exception; nested exception is java.lang.NoClassDefFoundError: com/navercorp/pinpoint/collector/util/AtomicLongUpdateMap
		at org.springframework.beans.BeanUtils.instantiateClass(BeanUtils.java:154)
		at org.springframework.beans.factory.support.SimpleInstantiationStrategy.instantiate(SimpleInstantiationStrategy.java:122)
		at org.springframework.beans.factory.support.ConstructorResolver.autowireConstructor(ConstructorResolver.java:271)
		... 27 more
	Caused by: java.lang.NoClassDefFoundError: com/navercorp/pinpoint/collector/util/AtomicLongUpdateMap
		at com.navercorp.pinpoint.collector.dao.hbase.HbaseHostApplicationMapDao.<init>(HbaseHostApplicationMapDao.java:61)
		at sun.reflect.NativeConstructorAccessorImpl.newInstance0(Native Method)
		at sun.reflect.NativeConstructorAccessorImpl.newInstance(NativeConstructorAccessorImpl.java:62)
		at sun.reflect.DelegatingConstructorAccessorImpl.newInstance(DelegatingConstructorAccessorImpl.java:45)
		at java.lang.reflect.Constructor.newInstance(Constructor.java:423)
		at org.springframework.beans.BeanUtils.instantiateClass(BeanUtils.java:142)
		... 29 more
	Caused by: java.lang.ClassNotFoundException: com.navercorp.pinpoint.collector.util.AtomicLongUpdateMap
		at org.apache.catalina.loader.WebappClassLoaderBase.loadClass(WebappClassLoaderBase.java:1358)
		at org.apache.catalina.loader.WebappClassLoaderBase.loadClass(WebappClassLoaderBase.java:1180)
		... 35 more
31-Aug-2020 21:31:47.833 信息 [localhost-startStop-1] org.apache.catalina.core.ApplicationContext.log Closing Spring root WebApplicationContext
31-Aug-2020 21:31:47.837 严重 [localhost-startStop-1] org.apache.catalina.core.StandardContext.listenerStop 例外情况发送上下文删除事件[org.springframework.web.context.ContextLoaderListener]，以便列表实例
	java.lang.IllegalStateException: java.io.FileNotFoundException: /Users/zhangqi/Desktop/apache-tomcat-8.5.57/webapps/pinpoint-collector-2.0.4/WEB-INF/lib/pinpoint-okhttp-plugin-2.0.4.jar (No such file or directory)
		at org.apache.catalina.webresources.AbstractSingleArchiveResourceSet.getArchiveEntry(AbstractSingleArchiveResourceSet.java:100)
		at org.apache.catalina.webresources.AbstractArchiveResourceSet.getResource(AbstractArchiveResourceSet.java:257)
		at org.apache.catalina.webresources.StandardRoot.getResourceInternal(StandardRoot.java:280)
		at org.apache.catalina.webresources.Cache.getResource(Cache.java:62)
		at org.apache.catalina.webresources.StandardRoot.getResource(StandardRoot.java:215)
		at org.apache.catalina.webresources.StandardRoot.getClassLoaderResource(StandardRoot.java:224)
		at org.apache.catalina.loader.WebappClassLoaderBase.findClassInternal(WebappClassLoaderBase.java:2278)
		at org.apache.catalina.loader.WebappClassLoaderBase.findClass(WebappClassLoaderBase.java:855)
		at org.apache.catalina.loader.WebappClassLoaderBase.loadClass(WebappClassLoaderBase.java:1327)
		at org.apache.catalina.loader.WebappClassLoaderBase.loadClass(WebappClassLoaderBase.java:1180)
		at org.springframework.web.context.ContextLoaderListener.contextDestroyed(ContextLoaderListener.java:117)
		at org.apache.catalina.core.StandardContext.listenerStop(StandardContext.java:4735)
		at org.apache.catalina.core.StandardContext.stopInternal(StandardContext.java:5399)
		at org.apache.catalina.util.LifecycleBase.stop(LifecycleBase.java:257)
		at org.apache.catalina.util.LifecycleBase.start(LifecycleBase.java:187)
		at org.apache.catalina.core.ContainerBase.addChildInternal(ContainerBase.java:743)
		at org.apache.catalina.core.ContainerBase.addChild(ContainerBase.java:719)
		at org.apache.catalina.core.StandardHost.addChild(StandardHost.java:705)
		at org.apache.catalina.startup.HostConfig.deployWAR(HostConfig.java:970)
		at org.apache.catalina.startup.HostConfig$DeployWar.run(HostConfig.java:1840)
		at java.util.concurrent.Executors$RunnableAdapter.call(Executors.java:511)
		at java.util.concurrent.FutureTask.run(FutureTask.java:266)
		at java.util.concurrent.ThreadPoolExecutor.runWorker(ThreadPoolExecutor.java:1149)
		at java.util.concurrent.ThreadPoolExecutor$Worker.run(ThreadPoolExecutor.java:624)
		at java.lang.Thread.run(Thread.java:748)
	Caused by: java.io.FileNotFoundException: /Users/zhangqi/Desktop/apache-tomcat-8.5.57/webapps/pinpoint-collector-2.0.4/WEB-INF/lib/pinpoint-okhttp-plugin-2.0.4.jar (No such file or directory)
		at java.util.zip.ZipFile.open(Native Method)
		at java.util.zip.ZipFile.<init>(ZipFile.java:225)
		at java.util.zip.ZipFile.<init>(ZipFile.java:155)
		at java.util.jar.JarFile.<init>(JarFile.java:167)
		at java.util.jar.JarFile.<init>(JarFile.java:131)
		at org.apache.tomcat.util.compat.JreCompat.jarFileNewInstance(JreCompat.java:202)
		at org.apache.tomcat.util.compat.JreCompat.jarFileNewInstance(JreCompat.java:187)
		at org.apache.catalina.webresources.AbstractArchiveResourceSet.openJarFile(AbstractArchiveResourceSet.java:308)
		at org.apache.catalina.webresources.AbstractSingleArchiveResourceSet.getArchiveEntry(AbstractSingleArchiveResourceSet.java:96)
		... 24 more
31-Aug-2020 21:31:47.837 信息 [localhost-startStop-1] org.apache.catalina.core.ApplicationContext.log Shutting down log4j
31-Aug-2020 21:31:47.839 严重 [localhost-startStop-1] org.apache.catalina.core.StandardContext.listenerStop 例外情况发送上下文删除事件[org.springframework.web.util.Log4jConfigListener]，以便列表实例
	java.lang.IllegalStateException: java.io.FileNotFoundException: /Users/zhangqi/Desktop/apache-tomcat-8.5.57/webapps/pinpoint-collector-2.0.4/WEB-INF/lib/pinpoint-okhttp-plugin-2.0.4.jar (No such file or directory)
		at org.apache.catalina.webresources.AbstractSingleArchiveResourceSet.getArchiveEntry(AbstractSingleArchiveResourceSet.java:100)
		at org.apache.catalina.webresources.AbstractArchiveResourceSet.getResource(AbstractArchiveResourceSet.java:257)
		at org.apache.catalina.webresources.StandardRoot.getResourceInternal(StandardRoot.java:280)
		at org.apache.catalina.webresources.Cache.getResource(Cache.java:62)
		at org.apache.catalina.webresources.StandardRoot.getResource(StandardRoot.java:215)
		at org.apache.catalina.webresources.StandardRoot.getClassLoaderResource(StandardRoot.java:224)
		at org.apache.catalina.loader.WebappClassLoaderBase.findClassInternal(WebappClassLoaderBase.java:2278)
		at org.apache.catalina.loader.WebappClassLoaderBase.findClass(WebappClassLoaderBase.java:855)
		at org.apache.catalina.loader.WebappClassLoaderBase.loadClass(WebappClassLoaderBase.java:1327)
		at org.apache.catalina.loader.WebappClassLoaderBase.loadClass(WebappClassLoaderBase.java:1180)
		at org.springframework.web.util.Log4jWebConfigurer.shutdownLogging(Log4jWebConfigurer.java:172)
		at org.springframework.web.util.Log4jConfigListener.contextDestroyed(Log4jConfigListener.java:54)
		at org.apache.catalina.core.StandardContext.listenerStop(StandardContext.java:4735)
		at org.apache.catalina.core.StandardContext.stopInternal(StandardContext.java:5399)
		at org.apache.catalina.util.LifecycleBase.stop(LifecycleBase.java:257)
		at org.apache.catalina.util.LifecycleBase.start(LifecycleBase.java:187)
		at org.apache.catalina.core.ContainerBase.addChildInternal(ContainerBase.java:743)
		at org.apache.catalina.core.ContainerBase.addChild(ContainerBase.java:719)
		at org.apache.catalina.core.StandardHost.addChild(StandardHost.java:705)
		at org.apache.catalina.startup.HostConfig.deployWAR(HostConfig.java:970)
		at org.apache.catalina.startup.HostConfig$DeployWar.run(HostConfig.java:1840)
		at java.util.concurrent.Executors$RunnableAdapter.call(Executors.java:511)
		at java.util.concurrent.FutureTask.run(FutureTask.java:266)
		at java.util.concurrent.ThreadPoolExecutor.runWorker(ThreadPoolExecutor.java:1149)
		at java.util.concurrent.ThreadPoolExecutor$Worker.run(ThreadPoolExecutor.java:624)
		at java.lang.Thread.run(Thread.java:748)
	Caused by: java.io.FileNotFoundException: /Users/zhangqi/Desktop/apache-tomcat-8.5.57/webapps/pinpoint-collector-2.0.4/WEB-INF/lib/pinpoint-okhttp-plugin-2.0.4.jar (No such file or directory)
		at java.util.zip.ZipFile.open(Native Method)
		at java.util.zip.ZipFile.<init>(ZipFile.java:225)
		at java.util.zip.ZipFile.<init>(ZipFile.java:155)
		at java.util.jar.JarFile.<init>(JarFile.java:167)
		at java.util.jar.JarFile.<init>(JarFile.java:131)
		at org.apache.tomcat.util.compat.JreCompat.jarFileNewInstance(JreCompat.java:202)
		at org.apache.tomcat.util.compat.JreCompat.jarFileNewInstance(JreCompat.java:187)
		at org.apache.catalina.webresources.AbstractArchiveResourceSet.openJarFile(AbstractArchiveResourceSet.java:308)
		at org.apache.catalina.webresources.AbstractSingleArchiveResourceSet.getArchiveEntry(AbstractSingleArchiveResourceSet.java:96)
		... 25 more
31-Aug-2020 21:31:47.880 信息 [localhost-startStop-1] org.apache.catalina.core.ApplicationContext.log Destroying Spring FrameworkServlet 'pinpoint-web'
31-Aug-2020 21:31:47.889 信息 [localhost-startStop-1] org.apache.catalina.core.ApplicationContext.log Closing Spring root WebApplicationContext
31-Aug-2020 21:32:17.408 信息 [localhost-startStop-2] org.apache.catalina.core.ApplicationContext.log 1 Spring WebApplicationInitializers detected on classpath
31-Aug-2020 21:32:17.458 信息 [localhost-startStop-2] org.apache.catalina.core.ApplicationContext.log Set web app root system property: 'webapp.root' = [/Users/zhangqi/Desktop/apache-tomcat-8.5.57/webapps/pinpoint-web-2.0.4/]
31-Aug-2020 21:32:17.535 信息 [localhost-startStop-2] org.apache.catalina.core.ApplicationContext.log Initializing log4j from [classpath:profiles/release/log4j.xml]
31-Aug-2020 21:32:17.836 信息 [localhost-startStop-2] org.apache.catalina.core.ApplicationContext.log Initializing Spring root WebApplicationContext
31-Aug-2020 21:32:18.392 信息 [localhost-startStop-1] org.apache.catalina.core.ApplicationContext.log Shutting down log4j
31-Aug-2020 21:33:27.780 信息 [localhost-startStop-2] org.apache.catalina.core.ApplicationContext.log Initializing Spring FrameworkServlet 'pinpoint-web'
31-Aug-2020 21:33:40.965 信息 [localhost-startStop-1] org.apache.catalina.core.ApplicationContext.log 1 Spring WebApplicationInitializers detected on classpath
31-Aug-2020 21:33:41.151 信息 [localhost-startStop-1] org.apache.catalina.core.ApplicationContext.log Set web app root system property: 'webapp.root' = [/Users/zhangqi/Desktop/apache-tomcat-8.5.57/webapps/pinpoint-web-2.0.4/]
31-Aug-2020 21:33:41.392 信息 [localhost-startStop-1] org.apache.catalina.core.ApplicationContext.log Initializing log4j from [classpath:profiles/release/log4j.xml]
31-Aug-2020 21:33:41.722 信息 [localhost-startStop-1] org.apache.catalina.core.ApplicationContext.log Initializing Spring root WebApplicationContext
31-Aug-2020 21:33:53.750 信息 [localhost-startStop-2] org.apache.catalina.core.ApplicationContext.log 1 Spring WebApplicationInitializers detected on classpath
31-Aug-2020 21:33:53.810 严重 [localhost-startStop-2] org.apache.catalina.core.StandardContext.listenerStart 异常将上下文初始化事件发送到类的侦听器实例.[org.springframework.web.util.Log4jConfigListener]
	java.lang.IllegalStateException: Web app root system property already set to different value: 'webapp.root' = [/Users/zhangqi/Desktop/apache-tomcat-8.5.57/webapps/pinpoint-web-2.0.4/] instead of [/Users/zhangqi/Desktop/apache-tomcat-8.5.57/webapps/pinpoint-collector-2.0.4/] - Choose unique values for the 'webAppRootKey' context-param in your web.xml files!
		at org.springframework.web.util.WebUtils.setWebAppRootSystemProperty(WebUtils.java:163)
		at org.springframework.web.util.Log4jWebConfigurer.initLogging(Log4jWebConfigurer.java:119)
		at org.springframework.web.util.Log4jConfigListener.contextInitialized(Log4jConfigListener.java:49)
		at org.apache.catalina.core.StandardContext.listenerStart(StandardContext.java:4689)
		at org.apache.catalina.core.StandardContext.startInternal(StandardContext.java:5155)
		at org.apache.catalina.util.LifecycleBase.start(LifecycleBase.java:183)
		at org.apache.catalina.core.ContainerBase.addChildInternal(ContainerBase.java:743)
		at org.apache.catalina.core.ContainerBase.addChild(ContainerBase.java:719)
		at org.apache.catalina.core.StandardHost.addChild(StandardHost.java:705)
		at org.apache.catalina.startup.HostConfig.deployWAR(HostConfig.java:970)
		at org.apache.catalina.startup.HostConfig$DeployWar.run(HostConfig.java:1840)
		at java.util.concurrent.Executors$RunnableAdapter.call(Executors.java:511)
		at java.util.concurrent.FutureTask.run(FutureTask.java:266)
		at java.util.concurrent.ThreadPoolExecutor.runWorker(ThreadPoolExecutor.java:1149)
		at java.util.concurrent.ThreadPoolExecutor$Worker.run(ThreadPoolExecutor.java:624)
		at java.lang.Thread.run(Thread.java:748)
31-Aug-2020 21:33:53.889 信息 [localhost-startStop-2] org.apache.catalina.core.ApplicationContext.log Initializing Spring root WebApplicationContext
31-Aug-2020 21:34:15.827 信息 [localhost-startStop-1] org.apache.catalina.core.ApplicationContext.log 1 Spring WebApplicationInitializers detected on classpath
31-Aug-2020 21:34:16.042 信息 [localhost-startStop-1] org.apache.catalina.core.ApplicationContext.log Set web app root system property: 'webapp.root' = [/Users/zhangqi/Desktop/apache-tomcat-8.5.57/webapps/pinpoint-web-2.0.4/]
31-Aug-2020 21:34:16.158 信息 [localhost-startStop-1] org.apache.catalina.core.ApplicationContext.log Initializing log4j from [classpath:profiles/release/log4j.xml]
31-Aug-2020 21:34:16.485 信息 [localhost-startStop-1] org.apache.catalina.core.ApplicationContext.log Initializing Spring root WebApplicationContext
31-Aug-2020 21:34:48.914 信息 [localhost-startStop-1] org.apache.catalina.core.ApplicationContext.log Initializing Spring FrameworkServlet 'pinpoint-web'
31-Aug-2020 21:35:16.896 信息 [localhost-startStop-1] org.apache.catalina.core.ApplicationContext.log 1 Spring WebApplicationInitializers detected on classpath
31-Aug-2020 21:35:16.973 严重 [localhost-startStop-1] org.apache.catalina.core.StandardContext.listenerStart 异常将上下文初始化事件发送到类的侦听器实例.[org.springframework.web.util.Log4jConfigListener]
	java.lang.IllegalStateException: Web app root system property already set to different value: 'webapp.root' = [/Users/zhangqi/Desktop/apache-tomcat-8.5.57/webapps/pinpoint-web-2.0.4/] instead of [/Users/zhangqi/Desktop/apache-tomcat-8.5.57/webapps/pinpoint-collector-2.0.4/] - Choose unique values for the 'webAppRootKey' context-param in your web.xml files!
		at org.springframework.web.util.WebUtils.setWebAppRootSystemProperty(WebUtils.java:163)
		at org.springframework.web.util.Log4jWebConfigurer.initLogging(Log4jWebConfigurer.java:119)
		at org.springframework.web.util.Log4jConfigListener.contextInitialized(Log4jConfigListener.java:49)
		at org.apache.catalina.core.StandardContext.listenerStart(StandardContext.java:4689)
		at org.apache.catalina.core.StandardContext.startInternal(StandardContext.java:5155)
		at org.apache.catalina.util.LifecycleBase.start(LifecycleBase.java:183)
		at org.apache.catalina.core.ContainerBase.addChildInternal(ContainerBase.java:743)
		at org.apache.catalina.core.ContainerBase.addChild(ContainerBase.java:719)
		at org.apache.catalina.core.StandardHost.addChild(StandardHost.java:705)
		at org.apache.catalina.startup.HostConfig.deployWAR(HostConfig.java:970)
		at org.apache.catalina.startup.HostConfig$DeployWar.run(HostConfig.java:1840)
		at java.util.concurrent.Executors$RunnableAdapter.call(Executors.java:511)
		at java.util.concurrent.FutureTask.run(FutureTask.java:266)
		at java.util.concurrent.ThreadPoolExecutor.runWorker(ThreadPoolExecutor.java:1149)
		at java.util.concurrent.ThreadPoolExecutor$Worker.run(ThreadPoolExecutor.java:624)
		at java.lang.Thread.run(Thread.java:748)
31-Aug-2020 21:35:17.034 信息 [localhost-startStop-1] org.apache.catalina.core.ApplicationContext.log Initializing Spring root WebApplicationContext
31-Aug-2020 21:35:31.780 信息 [localhost-startStop-1] org.apache.catalina.core.ApplicationContext.log Initializing Spring FrameworkServlet 'pinpoint-web'
31-Aug-2020 21:35:42.380 信息 [localhost-startStop-1] org.apache.catalina.core.ApplicationContext.log 1 Spring WebApplicationInitializers detected on classpath
31-Aug-2020 21:35:42.413 严重 [localhost-startStop-1] org.apache.catalina.core.StandardContext.listenerStart 异常将上下文初始化事件发送到类的侦听器实例.[org.springframework.web.util.Log4jConfigListener]
	java.lang.IllegalStateException: Web app root system property already set to different value: 'webapp.root' = [/Users/zhangqi/Desktop/apache-tomcat-8.5.57/webapps/pinpoint-web-2.0.4/] instead of [/Users/zhangqi/Desktop/apache-tomcat-8.5.57/webapps/pinpoint-collector-2.0.4/] - Choose unique values for the 'webAppRootKey' context-param in your web.xml files!
		at org.springframework.web.util.WebUtils.setWebAppRootSystemProperty(WebUtils.java:163)
		at org.springframework.web.util.Log4jWebConfigurer.initLogging(Log4jWebConfigurer.java:119)
		at org.springframework.web.util.Log4jConfigListener.contextInitialized(Log4jConfigListener.java:49)
		at org.apache.catalina.core.StandardContext.listenerStart(StandardContext.java:4689)
		at org.apache.catalina.core.StandardContext.startInternal(StandardContext.java:5155)
		at org.apache.catalina.util.LifecycleBase.start(LifecycleBase.java:183)
		at org.apache.catalina.core.ContainerBase.addChildInternal(ContainerBase.java:743)
		at org.apache.catalina.core.ContainerBase.addChild(ContainerBase.java:719)
		at org.apache.catalina.core.StandardHost.addChild(StandardHost.java:705)
		at org.apache.catalina.startup.HostConfig.deployWAR(HostConfig.java:970)
		at org.apache.catalina.startup.HostConfig$DeployWar.run(HostConfig.java:1840)
		at java.util.concurrent.Executors$RunnableAdapter.call(Executors.java:511)
		at java.util.concurrent.FutureTask.run(FutureTask.java:266)
		at java.util.concurrent.ThreadPoolExecutor.runWorker(ThreadPoolExecutor.java:1149)
		at java.util.concurrent.ThreadPoolExecutor$Worker.run(ThreadPoolExecutor.java:624)
		at java.lang.Thread.run(Thread.java:748)
31-Aug-2020 21:35:42.774 信息 [localhost-startStop-1] org.apache.catalina.core.ApplicationContext.log Initializing Spring root WebApplicationContext
31-Aug-2020 21:38:58.945 严重 [localhost-startStop-2] org.apache.catalina.core.StandardContext.listenerStart 异常将上下文初始化事件发送到类的侦听器实例.[org.springframework.web.context.ContextLoaderListener]
	org.springframework.beans.factory.BeanCreationException: Error creating bean with name 'grpcSpanReceiver' defined in class path resource [applicationContext-collector-grpc.xml]: Invocation of init method failed; nested exception is java.io.IOException: Failed to bind
		at org.springframework.beans.factory.support.AbstractAutowireCapableBeanFactory.initializeBean(AbstractAutowireCapableBeanFactory.java:1631)
		at org.springframework.beans.factory.support.AbstractAutowireCapableBeanFactory.doCreateBean(AbstractAutowireCapableBeanFactory.java:553)
		at org.springframework.beans.factory.support.AbstractAutowireCapableBeanFactory.createBean(AbstractAutowireCapableBeanFactory.java:481)
		at org.springframework.beans.factory.support.AbstractBeanFactory$1.getObject(AbstractBeanFactory.java:312)
		at org.springframework.beans.factory.support.DefaultSingletonBeanRegistry.getSingleton(DefaultSingletonBeanRegistry.java:230)
		at org.springframework.beans.factory.support.AbstractBeanFactory.doGetBean(AbstractBeanFactory.java:308)
		at org.springframework.beans.factory.support.AbstractBeanFactory.getBean(AbstractBeanFactory.java:197)
		at org.springframework.beans.factory.support.DefaultListableBeanFactory.preInstantiateSingletons(DefaultListableBeanFactory.java:761)
		at org.springframework.context.support.AbstractApplicationContext.finishBeanFactoryInitialization(AbstractApplicationContext.java:867)
		at org.springframework.context.support.AbstractApplicationContext.refresh(AbstractApplicationContext.java:543)
		at org.springframework.web.context.ContextLoader.configureAndRefreshWebApplicationContext(ContextLoader.java:443)
		at org.springframework.web.context.ContextLoader.initWebApplicationContext(ContextLoader.java:325)
		at org.springframework.web.context.ContextLoaderListener.contextInitialized(ContextLoaderListener.java:107)
		at org.apache.catalina.core.StandardContext.listenerStart(StandardContext.java:4689)
		at org.apache.catalina.core.StandardContext.startInternal(StandardContext.java:5155)
		at org.apache.catalina.util.LifecycleBase.start(LifecycleBase.java:183)
		at org.apache.catalina.core.ContainerBase.addChildInternal(ContainerBase.java:743)
		at org.apache.catalina.core.ContainerBase.addChild(ContainerBase.java:719)
		at org.apache.catalina.core.StandardHost.addChild(StandardHost.java:705)
		at org.apache.catalina.startup.HostConfig.deployWAR(HostConfig.java:970)
		at org.apache.catalina.startup.HostConfig$DeployWar.run(HostConfig.java:1840)
		at java.util.concurrent.Executors$RunnableAdapter.call(Executors.java:511)
		at java.util.concurrent.FutureTask.run(FutureTask.java:266)
		at java.util.concurrent.ThreadPoolExecutor.runWorker(ThreadPoolExecutor.java:1149)
		at java.util.concurrent.ThreadPoolExecutor$Worker.run(ThreadPoolExecutor.java:624)
		at java.lang.Thread.run(Thread.java:748)
	Caused by: java.io.IOException: Failed to bind
		at io.grpc.netty.NettyServer.start(NettyServer.java:252)
		at io.grpc.internal.ServerImpl.start(ServerImpl.java:163)
		at io.grpc.internal.ServerImpl.start(ServerImpl.java:78)
		at com.navercorp.pinpoint.collector.receiver.grpc.GrpcReceiver.afterPropertiesSet(GrpcReceiver.java:116)
		at org.springframework.beans.factory.support.AbstractAutowireCapableBeanFactory.invokeInitMethods(AbstractAutowireCapableBeanFactory.java:1689)
		at org.springframework.beans.factory.support.AbstractAutowireCapableBeanFactory.initializeBean(AbstractAutowireCapableBeanFactory.java:1627)
		... 25 more
	Caused by: java.net.BindException: Address already in use
		at sun.nio.ch.Net.bind0(Native Method)
		at sun.nio.ch.Net.bind(Net.java:444)
		at sun.nio.ch.Net.bind(Net.java:436)
		at sun.nio.ch.ServerSocketChannelImpl.bind(ServerSocketChannelImpl.java:225)
		at io.netty.channel.socket.nio.NioServerSocketChannel.doBind(NioServerSocketChannel.java:134)
		at io.netty.channel.AbstractChannel$AbstractUnsafe.bind(AbstractChannel.java:550)
		at io.netty.channel.DefaultChannelPipeline$HeadContext.bind(DefaultChannelPipeline.java:1334)
		at io.netty.channel.AbstractChannelHandlerContext.invokeBind(AbstractChannelHandlerContext.java:504)
		at io.netty.channel.AbstractChannelHandlerContext.bind(AbstractChannelHandlerContext.java:489)
		at io.netty.channel.DefaultChannelPipeline.bind(DefaultChannelPipeline.java:973)
		at io.netty.channel.AbstractChannel.bind(AbstractChannel.java:248)
		at io.netty.bootstrap.AbstractBootstrap$2.run(AbstractBootstrap.java:348)
		at io.netty.util.concurrent.AbstractEventExecutor.safeExecute(AbstractEventExecutor.java:164)
		at io.netty.util.concurrent.SingleThreadEventExecutor.runAllTasks(SingleThreadEventExecutor.java:472)
		at io.netty.channel.nio.NioEventLoop.run(NioEventLoop.java:500)
		at io.netty.util.concurrent.SingleThreadEventExecutor$4.run(SingleThreadEventExecutor.java:989)
		at io.netty.util.internal.ThreadExecutorMap$2.run(ThreadExecutorMap.java:74)
		... 3 more
31-Aug-2020 21:38:58.970 信息 [localhost-startStop-2] org.apache.catalina.core.ApplicationContext.log Closing Spring root WebApplicationContext
31-Aug-2020 21:38:58.984 信息 [localhost-startStop-2] org.apache.catalina.core.ApplicationContext.log Shutting down log4j
31-Aug-2020 21:38:59.037 信息 [localhost-startStop-2] org.apache.catalina.core.ApplicationContext.log Destroying Spring FrameworkServlet 'pinpoint-web'
31-Aug-2020 21:38:59.043 信息 [localhost-startStop-2] org.apache.catalina.core.ApplicationContext.log Closing Spring root WebApplicationContext
31-Aug-2020 21:38:59.296 信息 [localhost-startStop-2] org.apache.catalina.core.ApplicationContext.log Shutting down log4j
31-Aug-2020 21:40:21.453 严重 [localhost-startStop-1] org.apache.catalina.core.StandardContext.listenerStart 异常将上下文初始化事件发送到类的侦听器实例.[org.springframework.web.context.ContextLoaderListener]
	org.springframework.beans.factory.BeanCreationException: Error creating bean with name 'grpcSpanReceiver' defined in class path resource [applicationContext-collector-grpc.xml]: Invocation of init method failed; nested exception is java.io.IOException: Failed to bind
		at org.springframework.beans.factory.support.AbstractAutowireCapableBeanFactory.initializeBean(AbstractAutowireCapableBeanFactory.java:1631)
		at org.springframework.beans.factory.support.AbstractAutowireCapableBeanFactory.doCreateBean(AbstractAutowireCapableBeanFactory.java:553)
		at org.springframework.beans.factory.support.AbstractAutowireCapableBeanFactory.createBean(AbstractAutowireCapableBeanFactory.java:481)
		at org.springframework.beans.factory.support.AbstractBeanFactory$1.getObject(AbstractBeanFactory.java:312)
		at org.springframework.beans.factory.support.DefaultSingletonBeanRegistry.getSingleton(DefaultSingletonBeanRegistry.java:230)
		at org.springframework.beans.factory.support.AbstractBeanFactory.doGetBean(AbstractBeanFactory.java:308)
		at org.springframework.beans.factory.support.AbstractBeanFactory.getBean(AbstractBeanFactory.java:197)
		at org.springframework.beans.factory.support.DefaultListableBeanFactory.preInstantiateSingletons(DefaultListableBeanFactory.java:761)
		at org.springframework.context.support.AbstractApplicationContext.finishBeanFactoryInitialization(AbstractApplicationContext.java:867)
		at org.springframework.context.support.AbstractApplicationContext.refresh(AbstractApplicationContext.java:543)
		at org.springframework.web.context.ContextLoader.configureAndRefreshWebApplicationContext(ContextLoader.java:443)
		at org.springframework.web.context.ContextLoader.initWebApplicationContext(ContextLoader.java:325)
		at org.springframework.web.context.ContextLoaderListener.contextInitialized(ContextLoaderListener.java:107)
		at org.apache.catalina.core.StandardContext.listenerStart(StandardContext.java:4689)
		at org.apache.catalina.core.StandardContext.startInternal(StandardContext.java:5155)
		at org.apache.catalina.util.LifecycleBase.start(LifecycleBase.java:183)
		at org.apache.catalina.core.ContainerBase.addChildInternal(ContainerBase.java:743)
		at org.apache.catalina.core.ContainerBase.addChild(ContainerBase.java:719)
		at org.apache.catalina.core.StandardHost.addChild(StandardHost.java:705)
		at org.apache.catalina.startup.HostConfig.deployWAR(HostConfig.java:970)
		at org.apache.catalina.startup.HostConfig$DeployWar.run(HostConfig.java:1840)
		at java.util.concurrent.Executors$RunnableAdapter.call(Executors.java:511)
		at java.util.concurrent.FutureTask.run(FutureTask.java:266)
		at java.util.concurrent.ThreadPoolExecutor.runWorker(ThreadPoolExecutor.java:1149)
		at java.util.concurrent.ThreadPoolExecutor$Worker.run(ThreadPoolExecutor.java:624)
		at java.lang.Thread.run(Thread.java:748)
	Caused by: java.io.IOException: Failed to bind
		at io.grpc.netty.NettyServer.start(NettyServer.java:252)
		at io.grpc.internal.ServerImpl.start(ServerImpl.java:163)
		at io.grpc.internal.ServerImpl.start(ServerImpl.java:78)
		at com.navercorp.pinpoint.collector.receiver.grpc.GrpcReceiver.afterPropertiesSet(GrpcReceiver.java:116)
		at org.springframework.beans.factory.support.AbstractAutowireCapableBeanFactory.invokeInitMethods(AbstractAutowireCapableBeanFactory.java:1689)
		at org.springframework.beans.factory.support.AbstractAutowireCapableBeanFactory.initializeBean(AbstractAutowireCapableBeanFactory.java:1627)
		... 25 more
	Caused by: java.net.BindException: Address already in use
		at sun.nio.ch.Net.bind0(Native Method)
		at sun.nio.ch.Net.bind(Net.java:444)
		at sun.nio.ch.Net.bind(Net.java:436)
		at sun.nio.ch.ServerSocketChannelImpl.bind(ServerSocketChannelImpl.java:225)
		at io.netty.channel.socket.nio.NioServerSocketChannel.doBind(NioServerSocketChannel.java:134)
		at io.netty.channel.AbstractChannel$AbstractUnsafe.bind(AbstractChannel.java:550)
		at io.netty.channel.DefaultChannelPipeline$HeadContext.bind(DefaultChannelPipeline.java:1334)
		at io.netty.channel.AbstractChannelHandlerContext.invokeBind(AbstractChannelHandlerContext.java:504)
		at io.netty.channel.AbstractChannelHandlerContext.bind(AbstractChannelHandlerContext.java:489)
		at io.netty.channel.DefaultChannelPipeline.bind(DefaultChannelPipeline.java:973)
		at io.netty.channel.AbstractChannel.bind(AbstractChannel.java:248)
		at io.netty.bootstrap.AbstractBootstrap$2.run(AbstractBootstrap.java:348)
		at io.netty.util.concurrent.AbstractEventExecutor.safeExecute(AbstractEventExecutor.java:164)
		at io.netty.util.concurrent.SingleThreadEventExecutor.runAllTasks(SingleThreadEventExecutor.java:472)
		at io.netty.channel.nio.NioEventLoop.run(NioEventLoop.java:500)
		at io.netty.util.concurrent.SingleThreadEventExecutor$4.run(SingleThreadEventExecutor.java:989)
		at io.netty.util.internal.ThreadExecutorMap$2.run(ThreadExecutorMap.java:74)
		... 3 more
31-Aug-2020 21:40:21.463 信息 [localhost-startStop-1] org.apache.catalina.core.ApplicationContext.log Closing Spring root WebApplicationContext
31-Aug-2020 21:40:21.470 信息 [localhost-startStop-1] org.apache.catalina.core.ApplicationContext.log Shutting down log4j
31-Aug-2020 21:40:44.084 严重 [localhost-startStop-1] org.apache.catalina.core.StandardContext.listenerStart 异常将上下文初始化事件发送到类的侦听器实例.[org.springframework.web.context.ContextLoaderListener]
	org.springframework.beans.factory.BeanCreationException: Error creating bean with name 'grpcSpanReceiver' defined in class path resource [applicationContext-collector-grpc.xml]: Invocation of init method failed; nested exception is java.io.IOException: Failed to bind
		at org.springframework.beans.factory.support.AbstractAutowireCapableBeanFactory.initializeBean(AbstractAutowireCapableBeanFactory.java:1631)
		at org.springframework.beans.factory.support.AbstractAutowireCapableBeanFactory.doCreateBean(AbstractAutowireCapableBeanFactory.java:553)
		at org.springframework.beans.factory.support.AbstractAutowireCapableBeanFactory.createBean(AbstractAutowireCapableBeanFactory.java:481)
		at org.springframework.beans.factory.support.AbstractBeanFactory$1.getObject(AbstractBeanFactory.java:312)
		at org.springframework.beans.factory.support.DefaultSingletonBeanRegistry.getSingleton(DefaultSingletonBeanRegistry.java:230)
		at org.springframework.beans.factory.support.AbstractBeanFactory.doGetBean(AbstractBeanFactory.java:308)
		at org.springframework.beans.factory.support.AbstractBeanFactory.getBean(AbstractBeanFactory.java:197)
		at org.springframework.beans.factory.support.DefaultListableBeanFactory.preInstantiateSingletons(DefaultListableBeanFactory.java:761)
		at org.springframework.context.support.AbstractApplicationContext.finishBeanFactoryInitialization(AbstractApplicationContext.java:867)
		at org.springframework.context.support.AbstractApplicationContext.refresh(AbstractApplicationContext.java:543)
		at org.springframework.web.context.ContextLoader.configureAndRefreshWebApplicationContext(ContextLoader.java:443)
		at org.springframework.web.context.ContextLoader.initWebApplicationContext(ContextLoader.java:325)
		at org.springframework.web.context.ContextLoaderListener.contextInitialized(ContextLoaderListener.java:107)
		at org.apache.catalina.core.StandardContext.listenerStart(StandardContext.java:4689)
		at org.apache.catalina.core.StandardContext.startInternal(StandardContext.java:5155)
		at org.apache.catalina.util.LifecycleBase.start(LifecycleBase.java:183)
		at org.apache.catalina.core.ContainerBase.addChildInternal(ContainerBase.java:743)
		at org.apache.catalina.core.ContainerBase.addChild(ContainerBase.java:719)
		at org.apache.catalina.core.StandardHost.addChild(StandardHost.java:705)
		at org.apache.catalina.startup.HostConfig.deployWAR(HostConfig.java:970)
		at org.apache.catalina.startup.HostConfig$DeployWar.run(HostConfig.java:1840)
		at java.util.concurrent.Executors$RunnableAdapter.call(Executors.java:511)
		at java.util.concurrent.FutureTask.run(FutureTask.java:266)
		at java.util.concurrent.ThreadPoolExecutor.runWorker(ThreadPoolExecutor.java:1149)
		at java.util.concurrent.ThreadPoolExecutor$Worker.run(ThreadPoolExecutor.java:624)
		at java.lang.Thread.run(Thread.java:748)
	Caused by: java.io.IOException: Failed to bind
		at io.grpc.netty.NettyServer.start(NettyServer.java:252)
		at io.grpc.internal.ServerImpl.start(ServerImpl.java:163)
		at io.grpc.internal.ServerImpl.start(ServerImpl.java:78)
		at com.navercorp.pinpoint.collector.receiver.grpc.GrpcReceiver.afterPropertiesSet(GrpcReceiver.java:116)
		at org.springframework.beans.factory.support.AbstractAutowireCapableBeanFactory.invokeInitMethods(AbstractAutowireCapableBeanFactory.java:1689)
		at org.springframework.beans.factory.support.AbstractAutowireCapableBeanFactory.initializeBean(AbstractAutowireCapableBeanFactory.java:1627)
		... 25 more
	Caused by: java.net.BindException: Address already in use
		at sun.nio.ch.Net.bind0(Native Method)
		at sun.nio.ch.Net.bind(Net.java:444)
		at sun.nio.ch.Net.bind(Net.java:436)
		at sun.nio.ch.ServerSocketChannelImpl.bind(ServerSocketChannelImpl.java:225)
		at io.netty.channel.socket.nio.NioServerSocketChannel.doBind(NioServerSocketChannel.java:134)
		at io.netty.channel.AbstractChannel$AbstractUnsafe.bind(AbstractChannel.java:550)
		at io.netty.channel.DefaultChannelPipeline$HeadContext.bind(DefaultChannelPipeline.java:1334)
		at io.netty.channel.AbstractChannelHandlerContext.invokeBind(AbstractChannelHandlerContext.java:504)
		at io.netty.channel.AbstractChannelHandlerContext.bind(AbstractChannelHandlerContext.java:489)
		at io.netty.channel.DefaultChannelPipeline.bind(DefaultChannelPipeline.java:973)
		at io.netty.channel.AbstractChannel.bind(AbstractChannel.java:248)
		at io.netty.bootstrap.AbstractBootstrap$2.run(AbstractBootstrap.java:348)
		at io.netty.util.concurrent.AbstractEventExecutor.safeExecute(AbstractEventExecutor.java:164)
		at io.netty.util.concurrent.SingleThreadEventExecutor.runAllTasks(SingleThreadEventExecutor.java:472)
		at io.netty.channel.nio.NioEventLoop.run(NioEventLoop.java:500)
		at io.netty.util.concurrent.SingleThreadEventExecutor$4.run(SingleThreadEventExecutor.java:989)
		at io.netty.util.internal.ThreadExecutorMap$2.run(ThreadExecutorMap.java:74)
		... 3 more
31-Aug-2020 21:40:44.111 信息 [localhost-startStop-1] org.apache.catalina.core.ApplicationContext.log Closing Spring root WebApplicationContext
31-Aug-2020 21:40:44.121 信息 [localhost-startStop-1] org.apache.catalina.core.ApplicationContext.log Shutting down log4j
31-Aug-2020 21:40:44.184 信息 [localhost-startStop-1] org.apache.catalina.core.ApplicationContext.log Destroying Spring FrameworkServlet 'pinpoint-web'
31-Aug-2020 21:40:44.197 信息 [localhost-startStop-1] org.apache.catalina.core.ApplicationContext.log Closing Spring root WebApplicationContext
31-Aug-2020 21:40:44.370 信息 [localhost-startStop-1] org.apache.catalina.core.ApplicationContext.log Shutting down log4j
